{"/home/tareqzeadeh/Desktop/My folders/node-project/node-task/dataAccess/database.mjs":{"path":"/home/tareqzeadeh/Desktop/My folders/node-project/node-task/dataAccess/database.mjs","statementMap":{"0":{"start":{"line":3,"column":25},"end":{"line":6,"column":2}}},"fnMap":{},"branchMap":{"0":{"loc":{"start":{"line":3,"column":63},"end":{"line":3,"column":114}},"type":"binary-expr","locations":[{"start":{"line":3,"column":63},"end":{"line":3,"column":92}},{"start":{"line":3,"column":96},"end":{"line":3,"column":114}}],"line":3}},"s":{"0":1},"f":{},"b":{"0":[1,1]},"_coverageSchema":"1a1c01bbd47fc00a2c39e90264f33305004495a9","hash":"9adaac9f5ec84baa670c6c6a398e30646dfefad3"},"/home/tareqzeadeh/Desktop/My folders/node-project/node-task/dataAccess/schemas/postSchema.mjs":{"path":"/home/tareqzeadeh/Desktop/My folders/node-project/node-task/dataAccess/schemas/postSchema.mjs","statementMap":{"0":{"start":{"line":2,"column":22},"end":{"line":2,"column":31}},"1":{"start":{"line":4,"column":26},"end":{"line":26,"column":1}}},"fnMap":{},"branchMap":{},"s":{"0":1,"1":1},"f":{},"b":{},"_coverageSchema":"1a1c01bbd47fc00a2c39e90264f33305004495a9","hash":"345b520c633cc6c696fcfdb04c0be9a0e139f0fe"},"/home/tareqzeadeh/Desktop/My folders/node-project/node-task/dataAccess/schemas/userSchema.mjs":{"path":"/home/tareqzeadeh/Desktop/My folders/node-project/node-task/dataAccess/schemas/userSchema.mjs","statementMap":{"0":{"start":{"line":2,"column":22},"end":{"line":2,"column":31}},"1":{"start":{"line":4,"column":26},"end":{"line":33,"column":1}}},"fnMap":{},"branchMap":{},"s":{"0":1,"1":1},"f":{},"b":{},"_coverageSchema":"1a1c01bbd47fc00a2c39e90264f33305004495a9","hash":"9a88a7ad0ff7378407988a322f0ed7eb50ff9561"},"/home/tareqzeadeh/Desktop/My folders/node-project/node-task/dataAccess/models/userModel.mjs":{"path":"/home/tareqzeadeh/Desktop/My folders/node-project/node-task/dataAccess/models/userModel.mjs","statementMap":{"0":{"start":{"line":4,"column":25},"end":{"line":12,"column":1}}},"fnMap":{},"branchMap":{},"s":{"0":1},"f":{},"b":{},"_coverageSchema":"1a1c01bbd47fc00a2c39e90264f33305004495a9","hash":"0a133b4d668bd062395509c3a1c3a424bbdf12f0"},"/home/tareqzeadeh/Desktop/My folders/node-project/node-task/dataAccess/models/postModel.mjs":{"path":"/home/tareqzeadeh/Desktop/My folders/node-project/node-task/dataAccess/models/postModel.mjs","statementMap":{"0":{"start":{"line":5,"column":25},"end":{"line":13,"column":1}},"1":{"start":{"line":14,"column":0},"end":{"line":14,"column":56}},"2":{"start":{"line":15,"column":0},"end":{"line":15,"column":55}},"3":{"start":{"line":16,"column":0},"end":{"line":16,"column":31}}},"fnMap":{},"branchMap":{},"s":{"0":1,"1":1,"2":1,"3":1},"f":{},"b":{},"_coverageSchema":"1a1c01bbd47fc00a2c39e90264f33305004495a9","hash":"a4d99015e23137fa7482aed85e167441cb27febe"},"/home/tareqzeadeh/Desktop/My folders/node-project/node-task/dataAccess/schemas/commentSchema.mjs":{"path":"/home/tareqzeadeh/Desktop/My folders/node-project/node-task/dataAccess/schemas/commentSchema.mjs","statementMap":{"0":{"start":{"line":2,"column":22},"end":{"line":2,"column":31}},"1":{"start":{"line":4,"column":29},"end":{"line":27,"column":1}}},"fnMap":{},"branchMap":{},"s":{"0":1,"1":1},"f":{},"b":{},"_coverageSchema":"1a1c01bbd47fc00a2c39e90264f33305004495a9","hash":"e62be9e22f1d004de0fd9e2d9a56be5fa0461546"},"/home/tareqzeadeh/Desktop/My folders/node-project/node-task/dataAccess/models/commentModel.mjs":{"path":"/home/tareqzeadeh/Desktop/My folders/node-project/node-task/dataAccess/models/commentModel.mjs","statementMap":{"0":{"start":{"line":6,"column":28},"end":{"line":14,"column":1}},"1":{"start":{"line":15,"column":0},"end":{"line":15,"column":59}},"2":{"start":{"line":16,"column":0},"end":{"line":16,"column":58}},"3":{"start":{"line":17,"column":0},"end":{"line":17,"column":34}}},"fnMap":{},"branchMap":{},"s":{"0":1,"1":1,"2":1,"3":1},"f":{},"b":{},"_coverageSchema":"1a1c01bbd47fc00a2c39e90264f33305004495a9","hash":"99826c51253411fe8b4acf40d1c492d701b8e4b8"},"/home/tareqzeadeh/Desktop/My folders/node-project/node-task/dataAccess/repositories/userRoutesRepo.mjs":{"path":"/home/tareqzeadeh/Desktop/My folders/node-project/node-task/dataAccess/repositories/userRoutesRepo.mjs","statementMap":{"0":{"start":{"line":7,"column":4},"end":{"line":19,"column":5}},"1":{"start":{"line":8,"column":20},"end":{"line":11,"column":8}},"2":{"start":{"line":12,"column":6},"end":{"line":16,"column":7}},"3":{"start":{"line":13,"column":8},"end":{"line":13,"column":31}},"4":{"start":{"line":15,"column":8},"end":{"line":15,"column":67}},"5":{"start":{"line":18,"column":6},"end":{"line":18,"column":23}},"6":{"start":{"line":23,"column":19},"end":{"line":23,"column":29}},"7":{"start":{"line":24,"column":4},"end":{"line":36,"column":5}},"8":{"start":{"line":25,"column":19},"end":{"line":28,"column":8}},"9":{"start":{"line":29,"column":6},"end":{"line":33,"column":7}},"10":{"start":{"line":30,"column":8},"end":{"line":30,"column":30}},"11":{"start":{"line":32,"column":8},"end":{"line":32,"column":54}},"12":{"start":{"line":35,"column":6},"end":{"line":35,"column":23}},"13":{"start":{"line":40,"column":48},"end":{"line":40,"column":56}},"14":{"start":{"line":41,"column":4},"end":{"line":41,"column":37}},"15":{"start":{"line":42,"column":4},"end":{"line":60,"column":5}},"16":{"start":{"line":43,"column":19},"end":{"line":43,"column":47}},"17":{"start":{"line":44,"column":6},"end":{"line":44,"column":24}},"18":{"start":{"line":45,"column":6},"end":{"line":57,"column":7}},"19":{"start":{"line":46,"column":31},"end":{"line":48,"column":25}},"20":{"start":{"line":49,"column":8},"end":{"line":49,"column":38}},"21":{"start":{"line":50,"column":8},"end":{"line":50,"column":41}},"22":{"start":{"line":51,"column":8},"end":{"line":51,"column":39}},"23":{"start":{"line":52,"column":8},"end":{"line":52,"column":38}},"24":{"start":{"line":53,"column":8},"end":{"line":53,"column":26}},"25":{"start":{"line":54,"column":8},"end":{"line":54,"column":30}},"26":{"start":{"line":56,"column":8},"end":{"line":56,"column":54}},"27":{"start":{"line":59,"column":6},"end":{"line":59,"column":23}},"28":{"start":{"line":64,"column":4},"end":{"line":64,"column":37}},"29":{"start":{"line":65,"column":19},"end":{"line":65,"column":27}},"30":{"start":{"line":66,"column":4},"end":{"line":86,"column":5}},"31":{"start":{"line":67,"column":19},"end":{"line":67,"column":47}},"32":{"start":{"line":68,"column":6},"end":{"line":83,"column":7}},"33":{"start":{"line":69,"column":8},"end":{"line":69,"column":62}},"34":{"start":{"line":70,"column":22},"end":{"line":70,"column":72}},"35":{"start":{"line":71,"column":8},"end":{"line":76,"column":9}},"36":{"start":{"line":72,"column":10},"end":{"line":74,"column":13}},"37":{"start":{"line":73,"column":12},"end":{"line":73,"column":71}},"38":{"start":{"line":75,"column":10},"end":{"line":75,"column":61}},"39":{"start":{"line":77,"column":8},"end":{"line":77,"column":29}},"40":{"start":{"line":78,"column":8},"end":{"line":80,"column":11}},"41":{"start":{"line":82,"column":8},"end":{"line":82,"column":54}},"42":{"start":{"line":85,"column":6},"end":{"line":85,"column":23}},"43":{"start":{"line":110,"column":27},"end":{"line":115,"column":1}},"44":{"start":{"line":111,"column":15},"end":{"line":111,"column":37}},"45":{"start":{"line":112,"column":25},"end":{"line":112,"column":58}},"46":{"start":{"line":114,"column":2},"end":{"line":114,"column":24}}},"fnMap":{"0":{"name":"(anonymous_0)","decl":{"start":{"line":6,"column":15},"end":{"line":6,"column":16}},"loc":{"start":{"line":6,"column":35},"end":{"line":20,"column":3}},"line":6},"1":{"name":"(anonymous_1)","decl":{"start":{"line":22,"column":11},"end":{"line":22,"column":12}},"loc":{"start":{"line":22,"column":31},"end":{"line":37,"column":3}},"line":22},"2":{"name":"(anonymous_2)","decl":{"start":{"line":39,"column":14},"end":{"line":39,"column":15}},"loc":{"start":{"line":39,"column":34},"end":{"line":61,"column":3}},"line":39},"3":{"name":"(anonymous_3)","decl":{"start":{"line":63,"column":14},"end":{"line":63,"column":15}},"loc":{"start":{"line":63,"column":34},"end":{"line":87,"column":3}},"line":63},"4":{"name":"(anonymous_4)","decl":{"start":{"line":72,"column":24},"end":{"line":72,"column":25}},"loc":{"start":{"line":72,"column":40},"end":{"line":74,"column":11}},"line":72},"5":{"name":"(anonymous_5)","decl":{"start":{"line":110,"column":27},"end":{"line":110,"column":28}},"loc":{"start":{"line":110,"column":47},"end":{"line":115,"column":1}},"line":110}},"branchMap":{"0":{"loc":{"start":{"line":12,"column":6},"end":{"line":16,"column":7}},"type":"if","locations":[{"start":{"line":12,"column":6},"end":{"line":16,"column":7}},{"start":{"line":12,"column":6},"end":{"line":16,"column":7}}],"line":12},"1":{"loc":{"start":{"line":29,"column":6},"end":{"line":33,"column":7}},"type":"if","locations":[{"start":{"line":29,"column":6},"end":{"line":33,"column":7}},{"start":{"line":29,"column":6},"end":{"line":33,"column":7}}],"line":29},"2":{"loc":{"start":{"line":45,"column":6},"end":{"line":57,"column":7}},"type":"if","locations":[{"start":{"line":45,"column":6},"end":{"line":57,"column":7}},{"start":{"line":45,"column":6},"end":{"line":57,"column":7}}],"line":45},"3":{"loc":{"start":{"line":46,"column":31},"end":{"line":48,"column":25}},"type":"cond-expr","locations":[{"start":{"line":47,"column":12},"end":{"line":47,"column":46}},{"start":{"line":48,"column":12},"end":{"line":48,"column":25}}],"line":46},"4":{"loc":{"start":{"line":49,"column":20},"end":{"line":49,"column":37}},"type":"binary-expr","locations":[{"start":{"line":49,"column":20},"end":{"line":49,"column":24}},{"start":{"line":49,"column":28},"end":{"line":49,"column":37}}],"line":49},"5":{"loc":{"start":{"line":50,"column":21},"end":{"line":50,"column":40}},"type":"binary-expr","locations":[{"start":{"line":50,"column":21},"end":{"line":50,"column":26}},{"start":{"line":50,"column":30},"end":{"line":50,"column":40}}],"line":50},"6":{"loc":{"start":{"line":52,"column":20},"end":{"line":52,"column":37}},"type":"binary-expr","locations":[{"start":{"line":52,"column":20},"end":{"line":52,"column":24}},{"start":{"line":52,"column":28},"end":{"line":52,"column":37}}],"line":52},"7":{"loc":{"start":{"line":68,"column":6},"end":{"line":83,"column":7}},"type":"if","locations":[{"start":{"line":68,"column":6},"end":{"line":83,"column":7}},{"start":{"line":68,"column":6},"end":{"line":83,"column":7}}],"line":68},"8":{"loc":{"start":{"line":71,"column":8},"end":{"line":76,"column":9}},"type":"if","locations":[{"start":{"line":71,"column":8},"end":{"line":76,"column":9}},{"start":{"line":71,"column":8},"end":{"line":76,"column":9}}],"line":71}},"s":{"0":4,"1":4,"2":4,"3":2,"4":2,"5":0,"6":4,"7":4,"8":4,"9":4,"10":2,"11":2,"12":0,"13":4,"14":4,"15":4,"16":4,"17":4,"18":4,"19":2,"20":2,"21":2,"22":2,"23":2,"24":2,"25":2,"26":2,"27":0,"28":4,"29":4,"30":4,"31":4,"32":4,"33":2,"34":2,"35":2,"36":0,"37":0,"38":0,"39":2,"40":2,"41":2,"42":0,"43":1,"44":0,"45":0,"46":0},"f":{"0":4,"1":4,"2":4,"3":4,"4":0,"5":0},"b":{"0":[2,2],"1":[2,2],"2":[2,2],"3":[0,2],"4":[2,0],"5":[2,2],"6":[2,2],"7":[2,2],"8":[0,2]},"_coverageSchema":"1a1c01bbd47fc00a2c39e90264f33305004495a9","hash":"f3228166dd96d663949be473cbae92732b45b30d"},"/home/tareqzeadeh/Desktop/My folders/node-project/node-task/middleware/authMiddleware.mjs":{"path":"/home/tareqzeadeh/Desktop/My folders/node-project/node-task/middleware/authMiddleware.mjs","statementMap":{"0":{"start":{"line":5,"column":23},"end":{"line":5,"column":51}},"1":{"start":{"line":6,"column":18},"end":{"line":6,"column":56}},"2":{"start":{"line":7,"column":4},"end":{"line":7,"column":50}},"3":{"start":{"line":7,"column":23},"end":{"line":7,"column":50}},"4":{"start":{"line":9,"column":4},"end":{"line":13,"column":7}},"5":{"start":{"line":10,"column":6},"end":{"line":10,"column":23}},"6":{"start":{"line":11,"column":6},"end":{"line":11,"column":72}},"7":{"start":{"line":11,"column":15},"end":{"line":11,"column":72}},"8":{"start":{"line":12,"column":6},"end":{"line":12,"column":13}}},"fnMap":{"0":{"name":"(anonymous_0)","decl":{"start":{"line":4,"column":21},"end":{"line":4,"column":22}},"loc":{"start":{"line":4,"column":47},"end":{"line":14,"column":3}},"line":4},"1":{"name":"(anonymous_1)","decl":{"start":{"line":9,"column":55},"end":{"line":9,"column":56}},"loc":{"start":{"line":9,"column":64},"end":{"line":13,"column":5}},"line":9}},"branchMap":{"0":{"loc":{"start":{"line":6,"column":18},"end":{"line":6,"column":56}},"type":"binary-expr","locations":[{"start":{"line":6,"column":18},"end":{"line":6,"column":28}},{"start":{"line":6,"column":32},"end":{"line":6,"column":56}}],"line":6},"1":{"loc":{"start":{"line":7,"column":4},"end":{"line":7,"column":50}},"type":"if","locations":[{"start":{"line":7,"column":4},"end":{"line":7,"column":50}},{"start":{"line":7,"column":4},"end":{"line":7,"column":50}}],"line":7},"2":{"loc":{"start":{"line":11,"column":6},"end":{"line":11,"column":72}},"type":"if","locations":[{"start":{"line":11,"column":6},"end":{"line":11,"column":72}},{"start":{"line":11,"column":6},"end":{"line":11,"column":72}}],"line":11}},"s":{"0":104,"1":104,"2":104,"3":0,"4":104,"5":104,"6":104,"7":0,"8":104},"f":{"0":104,"1":104},"b":{"0":[104,104],"1":[0,104],"2":[0,104]},"_coverageSchema":"1a1c01bbd47fc00a2c39e90264f33305004495a9","hash":"63f9406f1c2343e6edf98ab42c3118802a740297"},"/home/tareqzeadeh/Desktop/My folders/node-project/node-task/routes/userRoutes.mjs":{"path":"/home/tareqzeadeh/Desktop/My folders/node-project/node-task/routes/userRoutes.mjs","statementMap":{"0":{"start":{"line":4,"column":30},"end":{"line":4,"column":44}},"1":{"start":{"line":11,"column":4},"end":{"line":11,"column":12}},"2":{"start":{"line":13,"column":26},"end":{"line":13,"column":57}},"3":{"start":{"line":15,"column":0},"end":{"line":15,"column":52}},"4":{"start":{"line":16,"column":0},"end":{"line":16,"column":56}},"5":{"start":{"line":18,"column":0},"end":{"line":18,"column":62}},"6":{"start":{"line":19,"column":0},"end":{"line":19,"column":65}}},"fnMap":{},"branchMap":{},"s":{"0":1,"1":1,"2":1,"3":1,"4":1,"5":1,"6":1},"f":{},"b":{},"_coverageSchema":"1a1c01bbd47fc00a2c39e90264f33305004495a9","hash":"7abffece20f3eb09188550e9b5b2c13fb050134a"},"/home/tareqzeadeh/Desktop/My folders/node-project/node-task/dataAccess/repositories/postRoutesRepo.mjs":{"path":"/home/tareqzeadeh/Desktop/My folders/node-project/node-task/dataAccess/repositories/postRoutesRepo.mjs","statementMap":{"0":{"start":{"line":7,"column":29},"end":{"line":7,"column":37}},"1":{"start":{"line":8,"column":23},"end":{"line":8,"column":37}},"2":{"start":{"line":9,"column":4},"end":{"line":26,"column":5}},"3":{"start":{"line":10,"column":6},"end":{"line":23,"column":7}},"4":{"start":{"line":11,"column":8},"end":{"line":11,"column":73}},"5":{"start":{"line":13,"column":21},"end":{"line":13,"column":53}},"6":{"start":{"line":14,"column":8},"end":{"line":22,"column":9}},"7":{"start":{"line":15,"column":26},"end":{"line":18,"column":12}},"8":{"start":{"line":19,"column":10},"end":{"line":19,"column":35}},"9":{"start":{"line":21,"column":10},"end":{"line":21,"column":69}},"10":{"start":{"line":25,"column":6},"end":{"line":25,"column":23}},"11":{"start":{"line":30,"column":4},"end":{"line":41,"column":5}},"12":{"start":{"line":31,"column":23},"end":{"line":33,"column":8}},"13":{"start":{"line":34,"column":6},"end":{"line":38,"column":7}},"14":{"start":{"line":35,"column":8},"end":{"line":35,"column":34}},"15":{"start":{"line":37,"column":8},"end":{"line":37,"column":67}},"16":{"start":{"line":40,"column":6},"end":{"line":40,"column":23}},"17":{"start":{"line":45,"column":27},"end":{"line":45,"column":35}},"18":{"start":{"line":46,"column":23},"end":{"line":46,"column":35}},"19":{"start":{"line":47,"column":4},"end":{"line":68,"column":5}},"20":{"start":{"line":48,"column":6},"end":{"line":65,"column":7}},"21":{"start":{"line":49,"column":8},"end":{"line":49,"column":73}},"22":{"start":{"line":51,"column":21},"end":{"line":51,"column":53}},"23":{"start":{"line":52,"column":8},"end":{"line":64,"column":9}},"24":{"start":{"line":53,"column":23},"end":{"line":56,"column":12}},"25":{"start":{"line":57,"column":10},"end":{"line":61,"column":11}},"26":{"start":{"line":58,"column":12},"end":{"line":58,"column":34}},"27":{"start":{"line":60,"column":12},"end":{"line":60,"column":71}},"28":{"start":{"line":63,"column":10},"end":{"line":63,"column":69}},"29":{"start":{"line":67,"column":6},"end":{"line":67,"column":23}},"30":{"start":{"line":72,"column":23},"end":{"line":72,"column":31}},"31":{"start":{"line":73,"column":4},"end":{"line":90,"column":5}},"32":{"start":{"line":74,"column":19},"end":{"line":74,"column":51}},"33":{"start":{"line":75,"column":6},"end":{"line":87,"column":7}},"34":{"start":{"line":76,"column":22},"end":{"line":79,"column":10}},"35":{"start":{"line":80,"column":8},"end":{"line":84,"column":9}},"36":{"start":{"line":81,"column":10},"end":{"line":81,"column":33}},"37":{"start":{"line":83,"column":10},"end":{"line":83,"column":79}},"38":{"start":{"line":86,"column":8},"end":{"line":86,"column":67}},"39":{"start":{"line":89,"column":6},"end":{"line":89,"column":23}},"40":{"start":{"line":94,"column":33},"end":{"line":94,"column":41}},"41":{"start":{"line":95,"column":23},"end":{"line":95,"column":43}},"42":{"start":{"line":96,"column":4},"end":{"line":118,"column":5}},"43":{"start":{"line":97,"column":6},"end":{"line":115,"column":7}},"44":{"start":{"line":98,"column":8},"end":{"line":98,"column":73}},"45":{"start":{"line":100,"column":21},"end":{"line":100,"column":53}},"46":{"start":{"line":101,"column":8},"end":{"line":114,"column":9}},"47":{"start":{"line":102,"column":23},"end":{"line":104,"column":12}},"48":{"start":{"line":105,"column":10},"end":{"line":111,"column":11}},"49":{"start":{"line":106,"column":12},"end":{"line":106,"column":29}},"50":{"start":{"line":107,"column":12},"end":{"line":107,"column":24}},"51":{"start":{"line":108,"column":12},"end":{"line":108,"column":34}},"52":{"start":{"line":110,"column":12},"end":{"line":110,"column":71}},"53":{"start":{"line":113,"column":10},"end":{"line":113,"column":69}},"54":{"start":{"line":117,"column":6},"end":{"line":117,"column":23}},"55":{"start":{"line":122,"column":27},"end":{"line":122,"column":35}},"56":{"start":{"line":123,"column":23},"end":{"line":123,"column":35}},"57":{"start":{"line":124,"column":4},"end":{"line":148,"column":5}},"58":{"start":{"line":125,"column":6},"end":{"line":145,"column":7}},"59":{"start":{"line":126,"column":8},"end":{"line":126,"column":73}},"60":{"start":{"line":128,"column":21},"end":{"line":128,"column":53}},"61":{"start":{"line":129,"column":8},"end":{"line":144,"column":9}},"62":{"start":{"line":130,"column":23},"end":{"line":132,"column":12}},"63":{"start":{"line":133,"column":10},"end":{"line":141,"column":11}},"64":{"start":{"line":134,"column":12},"end":{"line":134,"column":60}},"65":{"start":{"line":135,"column":12},"end":{"line":135,"column":27}},"66":{"start":{"line":136,"column":12},"end":{"line":138,"column":62}},"67":{"start":{"line":140,"column":12},"end":{"line":140,"column":71}},"68":{"start":{"line":143,"column":10},"end":{"line":143,"column":69}},"69":{"start":{"line":147,"column":6},"end":{"line":147,"column":23}},"70":{"start":{"line":152,"column":23},"end":{"line":152,"column":31}},"71":{"start":{"line":153,"column":4},"end":{"line":175,"column":5}},"72":{"start":{"line":154,"column":19},"end":{"line":154,"column":51}},"73":{"start":{"line":155,"column":6},"end":{"line":172,"column":7}},"74":{"start":{"line":156,"column":22},"end":{"line":158,"column":10}},"75":{"start":{"line":159,"column":8},"end":{"line":169,"column":9}},"76":{"start":{"line":160,"column":10},"end":{"line":163,"column":13}},"77":{"start":{"line":161,"column":12},"end":{"line":161,"column":65}},"78":{"start":{"line":162,"column":12},"end":{"line":162,"column":27}},"79":{"start":{"line":164,"column":10},"end":{"line":164,"column":73}},"80":{"start":{"line":166,"column":10},"end":{"line":168,"column":66}},"81":{"start":{"line":171,"column":8},"end":{"line":171,"column":67}},"82":{"start":{"line":174,"column":6},"end":{"line":174,"column":23}},"83":{"start":{"line":179,"column":23},"end":{"line":179,"column":31}},"84":{"start":{"line":180,"column":4},"end":{"line":201,"column":5}},"85":{"start":{"line":181,"column":19},"end":{"line":181,"column":51}},"86":{"start":{"line":182,"column":6},"end":{"line":198,"column":7}},"87":{"start":{"line":183,"column":25},"end":{"line":183,"column":82}},"88":{"start":{"line":184,"column":8},"end":{"line":193,"column":9}},"89":{"start":{"line":185,"column":10},"end":{"line":185,"column":68}},"90":{"start":{"line":186,"column":10},"end":{"line":188,"column":13}},"91":{"start":{"line":190,"column":10},"end":{"line":192,"column":13}},"92":{"start":{"line":195,"column":8},"end":{"line":197,"column":47}},"93":{"start":{"line":200,"column":6},"end":{"line":200,"column":23}}},"fnMap":{"0":{"name":"(anonymous_0)","decl":{"start":{"line":6,"column":15},"end":{"line":6,"column":16}},"loc":{"start":{"line":6,"column":35},"end":{"line":27,"column":3}},"line":6},"1":{"name":"(anonymous_1)","decl":{"start":{"line":29,"column":15},"end":{"line":29,"column":16}},"loc":{"start":{"line":29,"column":35},"end":{"line":42,"column":3}},"line":29},"2":{"name":"(anonymous_2)","decl":{"start":{"line":44,"column":15},"end":{"line":44,"column":16}},"loc":{"start":{"line":44,"column":35},"end":{"line":69,"column":3}},"line":44},"3":{"name":"(anonymous_3)","decl":{"start":{"line":71,"column":19},"end":{"line":71,"column":20}},"loc":{"start":{"line":71,"column":39},"end":{"line":91,"column":3}},"line":71},"4":{"name":"(anonymous_4)","decl":{"start":{"line":93,"column":18},"end":{"line":93,"column":19}},"loc":{"start":{"line":93,"column":38},"end":{"line":119,"column":3}},"line":93},"5":{"name":"(anonymous_5)","decl":{"start":{"line":121,"column":18},"end":{"line":121,"column":19}},"loc":{"start":{"line":121,"column":38},"end":{"line":149,"column":3}},"line":121},"6":{"name":"(anonymous_6)","decl":{"start":{"line":151,"column":17},"end":{"line":151,"column":18}},"loc":{"start":{"line":151,"column":37},"end":{"line":176,"column":3}},"line":151},"7":{"name":"(anonymous_7)","decl":{"start":{"line":160,"column":24},"end":{"line":160,"column":25}},"loc":{"start":{"line":160,"column":34},"end":{"line":163,"column":11}},"line":160},"8":{"name":"(anonymous_8)","decl":{"start":{"line":178,"column":27},"end":{"line":178,"column":28}},"loc":{"start":{"line":178,"column":47},"end":{"line":202,"column":3}},"line":178}},"branchMap":{"0":{"loc":{"start":{"line":8,"column":23},"end":{"line":8,"column":37}},"type":"binary-expr","locations":[{"start":{"line":8,"column":23},"end":{"line":8,"column":29}},{"start":{"line":8,"column":33},"end":{"line":8,"column":37}}],"line":8},"1":{"loc":{"start":{"line":10,"column":6},"end":{"line":23,"column":7}},"type":"if","locations":[{"start":{"line":10,"column":6},"end":{"line":23,"column":7}},{"start":{"line":10,"column":6},"end":{"line":23,"column":7}}],"line":10},"2":{"loc":{"start":{"line":14,"column":8},"end":{"line":22,"column":9}},"type":"if","locations":[{"start":{"line":14,"column":8},"end":{"line":22,"column":9}},{"start":{"line":14,"column":8},"end":{"line":22,"column":9}}],"line":14},"3":{"loc":{"start":{"line":34,"column":6},"end":{"line":38,"column":7}},"type":"if","locations":[{"start":{"line":34,"column":6},"end":{"line":38,"column":7}},{"start":{"line":34,"column":6},"end":{"line":38,"column":7}}],"line":34},"4":{"loc":{"start":{"line":46,"column":23},"end":{"line":46,"column":35}},"type":"binary-expr","locations":[{"start":{"line":46,"column":23},"end":{"line":46,"column":25}},{"start":{"line":46,"column":29},"end":{"line":46,"column":35}}],"line":46},"5":{"loc":{"start":{"line":48,"column":6},"end":{"line":65,"column":7}},"type":"if","locations":[{"start":{"line":48,"column":6},"end":{"line":65,"column":7}},{"start":{"line":48,"column":6},"end":{"line":65,"column":7}}],"line":48},"6":{"loc":{"start":{"line":52,"column":8},"end":{"line":64,"column":9}},"type":"if","locations":[{"start":{"line":52,"column":8},"end":{"line":64,"column":9}},{"start":{"line":52,"column":8},"end":{"line":64,"column":9}}],"line":52},"7":{"loc":{"start":{"line":57,"column":10},"end":{"line":61,"column":11}},"type":"if","locations":[{"start":{"line":57,"column":10},"end":{"line":61,"column":11}},{"start":{"line":57,"column":10},"end":{"line":61,"column":11}}],"line":57},"8":{"loc":{"start":{"line":75,"column":6},"end":{"line":87,"column":7}},"type":"if","locations":[{"start":{"line":75,"column":6},"end":{"line":87,"column":7}},{"start":{"line":75,"column":6},"end":{"line":87,"column":7}}],"line":75},"9":{"loc":{"start":{"line":80,"column":8},"end":{"line":84,"column":9}},"type":"if","locations":[{"start":{"line":80,"column":8},"end":{"line":84,"column":9}},{"start":{"line":80,"column":8},"end":{"line":84,"column":9}}],"line":80},"10":{"loc":{"start":{"line":95,"column":23},"end":{"line":95,"column":43}},"type":"binary-expr","locations":[{"start":{"line":95,"column":23},"end":{"line":95,"column":25}},{"start":{"line":95,"column":29},"end":{"line":95,"column":35}},{"start":{"line":95,"column":39},"end":{"line":95,"column":43}}],"line":95},"11":{"loc":{"start":{"line":97,"column":6},"end":{"line":115,"column":7}},"type":"if","locations":[{"start":{"line":97,"column":6},"end":{"line":115,"column":7}},{"start":{"line":97,"column":6},"end":{"line":115,"column":7}}],"line":97},"12":{"loc":{"start":{"line":101,"column":8},"end":{"line":114,"column":9}},"type":"if","locations":[{"start":{"line":101,"column":8},"end":{"line":114,"column":9}},{"start":{"line":101,"column":8},"end":{"line":114,"column":9}}],"line":101},"13":{"loc":{"start":{"line":105,"column":10},"end":{"line":111,"column":11}},"type":"if","locations":[{"start":{"line":105,"column":10},"end":{"line":111,"column":11}},{"start":{"line":105,"column":10},"end":{"line":111,"column":11}}],"line":105},"14":{"loc":{"start":{"line":123,"column":23},"end":{"line":123,"column":35}},"type":"binary-expr","locations":[{"start":{"line":123,"column":23},"end":{"line":123,"column":25}},{"start":{"line":123,"column":29},"end":{"line":123,"column":35}}],"line":123},"15":{"loc":{"start":{"line":125,"column":6},"end":{"line":145,"column":7}},"type":"if","locations":[{"start":{"line":125,"column":6},"end":{"line":145,"column":7}},{"start":{"line":125,"column":6},"end":{"line":145,"column":7}}],"line":125},"16":{"loc":{"start":{"line":129,"column":8},"end":{"line":144,"column":9}},"type":"if","locations":[{"start":{"line":129,"column":8},"end":{"line":144,"column":9}},{"start":{"line":129,"column":8},"end":{"line":144,"column":9}}],"line":129},"17":{"loc":{"start":{"line":133,"column":10},"end":{"line":141,"column":11}},"type":"if","locations":[{"start":{"line":133,"column":10},"end":{"line":141,"column":11}},{"start":{"line":133,"column":10},"end":{"line":141,"column":11}}],"line":133},"18":{"loc":{"start":{"line":155,"column":6},"end":{"line":172,"column":7}},"type":"if","locations":[{"start":{"line":155,"column":6},"end":{"line":172,"column":7}},{"start":{"line":155,"column":6},"end":{"line":172,"column":7}}],"line":155},"19":{"loc":{"start":{"line":159,"column":8},"end":{"line":169,"column":9}},"type":"if","locations":[{"start":{"line":159,"column":8},"end":{"line":169,"column":9}},{"start":{"line":159,"column":8},"end":{"line":169,"column":9}}],"line":159},"20":{"loc":{"start":{"line":182,"column":6},"end":{"line":198,"column":7}},"type":"if","locations":[{"start":{"line":182,"column":6},"end":{"line":198,"column":7}},{"start":{"line":182,"column":6},"end":{"line":198,"column":7}}],"line":182},"21":{"loc":{"start":{"line":184,"column":8},"end":{"line":193,"column":9}},"type":"if","locations":[{"start":{"line":184,"column":8},"end":{"line":193,"column":9}},{"start":{"line":184,"column":8},"end":{"line":193,"column":9}}],"line":184}},"s":{"0":6,"1":6,"2":6,"3":6,"4":2,"5":4,"6":4,"7":2,"8":2,"9":2,"10":0,"11":4,"12":4,"13":4,"14":2,"15":2,"16":0,"17":8,"18":8,"19":8,"20":8,"21":2,"22":6,"23":6,"24":4,"25":4,"26":2,"27":2,"28":2,"29":0,"30":6,"31":6,"32":6,"33":6,"34":4,"35":4,"36":2,"37":2,"38":2,"39":0,"40":8,"41":8,"42":8,"43":8,"44":2,"45":6,"46":6,"47":4,"48":4,"49":2,"50":2,"51":2,"52":2,"53":2,"54":0,"55":8,"56":8,"57":8,"58":8,"59":2,"60":6,"61":6,"62":4,"63":4,"64":2,"65":2,"66":2,"67":2,"68":2,"69":0,"70":6,"71":6,"72":6,"73":6,"74":4,"75":4,"76":2,"77":4,"78":4,"79":2,"80":2,"81":2,"82":0,"83":6,"84":6,"85":6,"86":6,"87":4,"88":4,"89":2,"90":2,"91":2,"92":2,"93":0},"f":{"0":6,"1":4,"2":8,"3":6,"4":8,"5":8,"6":6,"7":4,"8":6},"b":{"0":[6,6],"1":[2,4],"2":[2,2],"3":[2,2],"4":[8,6],"5":[2,6],"6":[4,2],"7":[2,2],"8":[4,2],"9":[2,2],"10":[8,8,8],"11":[2,6],"12":[4,2],"13":[2,2],"14":[8,8],"15":[2,6],"16":[4,2],"17":[2,2],"18":[4,2],"19":[2,2],"20":[4,2],"21":[2,2]},"_coverageSchema":"1a1c01bbd47fc00a2c39e90264f33305004495a9","hash":"fe64627f596430674b47dcf35a28e1f7205879a2"},"/home/tareqzeadeh/Desktop/My folders/node-project/node-task/routes/postRoutes.mjs":{"path":"/home/tareqzeadeh/Desktop/My folders/node-project/node-task/routes/postRoutes.mjs","statementMap":{"0":{"start":{"line":4,"column":30},"end":{"line":4,"column":44}},"1":{"start":{"line":14,"column":4},"end":{"line":14,"column":16}},"2":{"start":{"line":16,"column":26},"end":{"line":16,"column":57}},"3":{"start":{"line":18,"column":0},"end":{"line":18,"column":52}},"4":{"start":{"line":19,"column":0},"end":{"line":19,"column":61}},"5":{"start":{"line":20,"column":0},"end":{"line":20,"column":56}},"6":{"start":{"line":21,"column":0},"end":{"line":21,"column":69}},"7":{"start":{"line":22,"column":0},"end":{"line":22,"column":66}},"8":{"start":{"line":23,"column":0},"end":{"line":23,"column":69}},"9":{"start":{"line":24,"column":0},"end":{"line":24,"column":73}},"10":{"start":{"line":25,"column":0},"end":{"line":25,"column":91}}},"fnMap":{},"branchMap":{},"s":{"0":1,"1":1,"2":1,"3":1,"4":1,"5":1,"6":1,"7":1,"8":1,"9":1,"10":1},"f":{},"b":{},"_coverageSchema":"1a1c01bbd47fc00a2c39e90264f33305004495a9","hash":"730b1415aa655edce5026569ad4298f1487ef140"},"/home/tareqzeadeh/Desktop/My folders/node-project/node-task/dataAccess/repositories/commentRoutesRepo.mjs":{"path":"/home/tareqzeadeh/Desktop/My folders/node-project/node-task/dataAccess/repositories/commentRoutesRepo.mjs","statementMap":{"0":{"start":{"line":7,"column":37},"end":{"line":7,"column":45}},"1":{"start":{"line":8,"column":23},"end":{"line":8,"column":47}},"2":{"start":{"line":9,"column":4},"end":{"line":22,"column":5}},"3":{"start":{"line":10,"column":6},"end":{"line":19,"column":7}},"4":{"start":{"line":11,"column":8},"end":{"line":11,"column":73}},"5":{"start":{"line":13,"column":27},"end":{"line":17,"column":10}},"6":{"start":{"line":18,"column":8},"end":{"line":18,"column":36}},"7":{"start":{"line":21,"column":6},"end":{"line":21,"column":23}},"8":{"start":{"line":26,"column":4},"end":{"line":37,"column":5}},"9":{"start":{"line":27,"column":26},"end":{"line":29,"column":8}},"10":{"start":{"line":30,"column":6},"end":{"line":34,"column":7}},"11":{"start":{"line":31,"column":8},"end":{"line":31,"column":37}},"12":{"start":{"line":33,"column":8},"end":{"line":33,"column":70}},"13":{"start":{"line":36,"column":6},"end":{"line":36,"column":23}},"14":{"start":{"line":41,"column":35},"end":{"line":41,"column":43}},"15":{"start":{"line":42,"column":23},"end":{"line":42,"column":45}},"16":{"start":{"line":43,"column":4},"end":{"line":71,"column":5}},"17":{"start":{"line":44,"column":6},"end":{"line":68,"column":7}},"18":{"start":{"line":45,"column":8},"end":{"line":45,"column":73}},"19":{"start":{"line":47,"column":21},"end":{"line":47,"column":53}},"20":{"start":{"line":48,"column":8},"end":{"line":67,"column":9}},"21":{"start":{"line":49,"column":23},"end":{"line":49,"column":55}},"22":{"start":{"line":50,"column":10},"end":{"line":64,"column":11}},"23":{"start":{"line":51,"column":32},"end":{"line":54,"column":14}},"24":{"start":{"line":55,"column":12},"end":{"line":59,"column":13}},"25":{"start":{"line":56,"column":14},"end":{"line":56,"column":43}},"26":{"start":{"line":58,"column":14},"end":{"line":58,"column":76}},"27":{"start":{"line":61,"column":12},"end":{"line":63,"column":66}},"28":{"start":{"line":66,"column":10},"end":{"line":66,"column":69}},"29":{"start":{"line":70,"column":6},"end":{"line":70,"column":23}},"30":{"start":{"line":75,"column":23},"end":{"line":75,"column":31}},"31":{"start":{"line":76,"column":4},"end":{"line":95,"column":5}},"32":{"start":{"line":77,"column":19},"end":{"line":77,"column":51}},"33":{"start":{"line":78,"column":6},"end":{"line":92,"column":7}},"34":{"start":{"line":79,"column":29},"end":{"line":82,"column":10}},"35":{"start":{"line":83,"column":8},"end":{"line":89,"column":9}},"36":{"start":{"line":84,"column":10},"end":{"line":84,"column":40}},"37":{"start":{"line":86,"column":10},"end":{"line":88,"column":62}},"38":{"start":{"line":91,"column":8},"end":{"line":91,"column":67}},"39":{"start":{"line":94,"column":6},"end":{"line":94,"column":23}},"40":{"start":{"line":99,"column":41},"end":{"line":99,"column":49}},"41":{"start":{"line":100,"column":4},"end":{"line":118,"column":5}},"42":{"start":{"line":101,"column":25},"end":{"line":101,"column":55}},"43":{"start":{"line":102,"column":6},"end":{"line":115,"column":7}},"44":{"start":{"line":103,"column":8},"end":{"line":103,"column":73}},"45":{"start":{"line":105,"column":28},"end":{"line":107,"column":10}},"46":{"start":{"line":108,"column":8},"end":{"line":114,"column":9}},"47":{"start":{"line":109,"column":10},"end":{"line":109,"column":34}},"48":{"start":{"line":110,"column":10},"end":{"line":110,"column":29}},"49":{"start":{"line":111,"column":10},"end":{"line":111,"column":39}},"50":{"start":{"line":113,"column":10},"end":{"line":113,"column":72}},"51":{"start":{"line":117,"column":6},"end":{"line":117,"column":23}},"52":{"start":{"line":122,"column":35},"end":{"line":122,"column":43}},"53":{"start":{"line":123,"column":23},"end":{"line":123,"column":45}},"54":{"start":{"line":124,"column":4},"end":{"line":142,"column":5}},"55":{"start":{"line":125,"column":6},"end":{"line":139,"column":7}},"56":{"start":{"line":126,"column":8},"end":{"line":126,"column":73}},"57":{"start":{"line":128,"column":28},"end":{"line":130,"column":10}},"58":{"start":{"line":131,"column":8},"end":{"line":138,"column":9}},"59":{"start":{"line":132,"column":10},"end":{"line":132,"column":32}},"60":{"start":{"line":133,"column":10},"end":{"line":135,"column":63}},"61":{"start":{"line":137,"column":10},"end":{"line":137,"column":72}},"62":{"start":{"line":141,"column":6},"end":{"line":141,"column":23}},"63":{"start":{"line":146,"column":31},"end":{"line":146,"column":39}},"64":{"start":{"line":147,"column":23},"end":{"line":147,"column":39}},"65":{"start":{"line":148,"column":4},"end":{"line":170,"column":5}},"66":{"start":{"line":149,"column":6},"end":{"line":167,"column":7}},"67":{"start":{"line":150,"column":8},"end":{"line":150,"column":73}},"68":{"start":{"line":152,"column":29},"end":{"line":154,"column":10}},"69":{"start":{"line":155,"column":8},"end":{"line":166,"column":9}},"70":{"start":{"line":156,"column":10},"end":{"line":158,"column":13}},"71":{"start":{"line":159,"column":10},"end":{"line":161,"column":68}},"72":{"start":{"line":163,"column":10},"end":{"line":165,"column":13}},"73":{"start":{"line":169,"column":6},"end":{"line":169,"column":23}},"74":{"start":{"line":174,"column":23},"end":{"line":174,"column":31}},"75":{"start":{"line":175,"column":4},"end":{"line":198,"column":5}},"76":{"start":{"line":176,"column":19},"end":{"line":176,"column":51}},"77":{"start":{"line":177,"column":6},"end":{"line":195,"column":7}},"78":{"start":{"line":178,"column":29},"end":{"line":180,"column":10}},"79":{"start":{"line":181,"column":8},"end":{"line":192,"column":9}},"80":{"start":{"line":182,"column":10},"end":{"line":184,"column":13}},"81":{"start":{"line":185,"column":10},"end":{"line":187,"column":68}},"82":{"start":{"line":189,"column":10},"end":{"line":191,"column":62}},"83":{"start":{"line":194,"column":8},"end":{"line":194,"column":67}},"84":{"start":{"line":197,"column":6},"end":{"line":197,"column":23}}},"fnMap":{"0":{"name":"(anonymous_0)","decl":{"start":{"line":6,"column":14},"end":{"line":6,"column":15}},"loc":{"start":{"line":6,"column":34},"end":{"line":23,"column":3}},"line":6},"1":{"name":"(anonymous_1)","decl":{"start":{"line":25,"column":18},"end":{"line":25,"column":19}},"loc":{"start":{"line":25,"column":38},"end":{"line":38,"column":3}},"line":25},"2":{"name":"(anonymous_2)","decl":{"start":{"line":40,"column":18},"end":{"line":40,"column":19}},"loc":{"start":{"line":40,"column":38},"end":{"line":72,"column":3}},"line":40},"3":{"name":"(anonymous_3)","decl":{"start":{"line":74,"column":21},"end":{"line":74,"column":22}},"loc":{"start":{"line":74,"column":41},"end":{"line":96,"column":3}},"line":74},"4":{"name":"(anonymous_4)","decl":{"start":{"line":98,"column":21},"end":{"line":98,"column":22}},"loc":{"start":{"line":98,"column":41},"end":{"line":119,"column":3}},"line":98},"5":{"name":"(anonymous_5)","decl":{"start":{"line":121,"column":21},"end":{"line":121,"column":22}},"loc":{"start":{"line":121,"column":41},"end":{"line":143,"column":3}},"line":121},"6":{"name":"(anonymous_6)","decl":{"start":{"line":145,"column":33},"end":{"line":145,"column":34}},"loc":{"start":{"line":145,"column":53},"end":{"line":171,"column":3}},"line":145},"7":{"name":"(anonymous_7)","decl":{"start":{"line":173,"column":25},"end":{"line":173,"column":26}},"loc":{"start":{"line":173,"column":45},"end":{"line":199,"column":3}},"line":173}},"branchMap":{"0":{"loc":{"start":{"line":8,"column":23},"end":{"line":8,"column":47}},"type":"binary-expr","locations":[{"start":{"line":8,"column":23},"end":{"line":8,"column":29}},{"start":{"line":8,"column":33},"end":{"line":8,"column":39}},{"start":{"line":8,"column":43},"end":{"line":8,"column":47}}],"line":8},"1":{"loc":{"start":{"line":10,"column":6},"end":{"line":19,"column":7}},"type":"if","locations":[{"start":{"line":10,"column":6},"end":{"line":19,"column":7}},{"start":{"line":10,"column":6},"end":{"line":19,"column":7}}],"line":10},"2":{"loc":{"start":{"line":30,"column":6},"end":{"line":34,"column":7}},"type":"if","locations":[{"start":{"line":30,"column":6},"end":{"line":34,"column":7}},{"start":{"line":30,"column":6},"end":{"line":34,"column":7}}],"line":30},"3":{"loc":{"start":{"line":42,"column":23},"end":{"line":42,"column":45}},"type":"binary-expr","locations":[{"start":{"line":42,"column":23},"end":{"line":42,"column":25}},{"start":{"line":42,"column":29},"end":{"line":42,"column":35}},{"start":{"line":42,"column":39},"end":{"line":42,"column":45}}],"line":42},"4":{"loc":{"start":{"line":44,"column":6},"end":{"line":68,"column":7}},"type":"if","locations":[{"start":{"line":44,"column":6},"end":{"line":68,"column":7}},{"start":{"line":44,"column":6},"end":{"line":68,"column":7}}],"line":44},"5":{"loc":{"start":{"line":48,"column":8},"end":{"line":67,"column":9}},"type":"if","locations":[{"start":{"line":48,"column":8},"end":{"line":67,"column":9}},{"start":{"line":48,"column":8},"end":{"line":67,"column":9}}],"line":48},"6":{"loc":{"start":{"line":50,"column":10},"end":{"line":64,"column":11}},"type":"if","locations":[{"start":{"line":50,"column":10},"end":{"line":64,"column":11}},{"start":{"line":50,"column":10},"end":{"line":64,"column":11}}],"line":50},"7":{"loc":{"start":{"line":55,"column":12},"end":{"line":59,"column":13}},"type":"if","locations":[{"start":{"line":55,"column":12},"end":{"line":59,"column":13}},{"start":{"line":55,"column":12},"end":{"line":59,"column":13}}],"line":55},"8":{"loc":{"start":{"line":78,"column":6},"end":{"line":92,"column":7}},"type":"if","locations":[{"start":{"line":78,"column":6},"end":{"line":92,"column":7}},{"start":{"line":78,"column":6},"end":{"line":92,"column":7}}],"line":78},"9":{"loc":{"start":{"line":83,"column":8},"end":{"line":89,"column":9}},"type":"if","locations":[{"start":{"line":83,"column":8},"end":{"line":89,"column":9}},{"start":{"line":83,"column":8},"end":{"line":89,"column":9}}],"line":83},"10":{"loc":{"start":{"line":101,"column":25},"end":{"line":101,"column":55}},"type":"binary-expr","locations":[{"start":{"line":101,"column":25},"end":{"line":101,"column":27}},{"start":{"line":101,"column":31},"end":{"line":101,"column":37}},{"start":{"line":101,"column":41},"end":{"line":101,"column":47}},{"start":{"line":101,"column":51},"end":{"line":101,"column":55}}],"line":101},"11":{"loc":{"start":{"line":102,"column":6},"end":{"line":115,"column":7}},"type":"if","locations":[{"start":{"line":102,"column":6},"end":{"line":115,"column":7}},{"start":{"line":102,"column":6},"end":{"line":115,"column":7}}],"line":102},"12":{"loc":{"start":{"line":108,"column":8},"end":{"line":114,"column":9}},"type":"if","locations":[{"start":{"line":108,"column":8},"end":{"line":114,"column":9}},{"start":{"line":108,"column":8},"end":{"line":114,"column":9}}],"line":108},"13":{"loc":{"start":{"line":123,"column":23},"end":{"line":123,"column":45}},"type":"binary-expr","locations":[{"start":{"line":123,"column":23},"end":{"line":123,"column":25}},{"start":{"line":123,"column":29},"end":{"line":123,"column":35}},{"start":{"line":123,"column":39},"end":{"line":123,"column":45}}],"line":123},"14":{"loc":{"start":{"line":125,"column":6},"end":{"line":139,"column":7}},"type":"if","locations":[{"start":{"line":125,"column":6},"end":{"line":139,"column":7}},{"start":{"line":125,"column":6},"end":{"line":139,"column":7}}],"line":125},"15":{"loc":{"start":{"line":131,"column":8},"end":{"line":138,"column":9}},"type":"if","locations":[{"start":{"line":131,"column":8},"end":{"line":138,"column":9}},{"start":{"line":131,"column":8},"end":{"line":138,"column":9}}],"line":131},"16":{"loc":{"start":{"line":147,"column":23},"end":{"line":147,"column":39}},"type":"binary-expr","locations":[{"start":{"line":147,"column":23},"end":{"line":147,"column":29}},{"start":{"line":147,"column":33},"end":{"line":147,"column":39}}],"line":147},"17":{"loc":{"start":{"line":149,"column":6},"end":{"line":167,"column":7}},"type":"if","locations":[{"start":{"line":149,"column":6},"end":{"line":167,"column":7}},{"start":{"line":149,"column":6},"end":{"line":167,"column":7}}],"line":149},"18":{"loc":{"start":{"line":155,"column":8},"end":{"line":166,"column":9}},"type":"if","locations":[{"start":{"line":155,"column":8},"end":{"line":166,"column":9}},{"start":{"line":155,"column":8},"end":{"line":166,"column":9}}],"line":155},"19":{"loc":{"start":{"line":177,"column":6},"end":{"line":195,"column":7}},"type":"if","locations":[{"start":{"line":177,"column":6},"end":{"line":195,"column":7}},{"start":{"line":177,"column":6},"end":{"line":195,"column":7}}],"line":177},"20":{"loc":{"start":{"line":181,"column":8},"end":{"line":192,"column":9}},"type":"if","locations":[{"start":{"line":181,"column":8},"end":{"line":192,"column":9}},{"start":{"line":181,"column":8},"end":{"line":192,"column":9}}],"line":181}},"s":{"0":4,"1":4,"2":4,"3":4,"4":2,"5":2,"6":2,"7":0,"8":4,"9":4,"10":4,"11":2,"12":2,"13":0,"14":10,"15":10,"16":10,"17":10,"18":2,"19":8,"20":8,"21":6,"22":6,"23":4,"24":4,"25":2,"26":2,"27":2,"28":2,"29":0,"30":6,"31":6,"32":6,"33":6,"34":4,"35":4,"36":2,"37":2,"38":2,"39":0,"40":6,"41":6,"42":6,"43":6,"44":2,"45":4,"46":4,"47":2,"48":2,"49":2,"50":2,"51":0,"52":6,"53":6,"54":6,"55":6,"56":2,"57":4,"58":4,"59":2,"60":2,"61":2,"62":0,"63":6,"64":6,"65":6,"66":6,"67":2,"68":4,"69":4,"70":2,"71":2,"72":2,"73":0,"74":6,"75":6,"76":6,"77":6,"78":4,"79":4,"80":2,"81":2,"82":2,"83":2,"84":0},"f":{"0":4,"1":4,"2":10,"3":6,"4":6,"5":6,"6":6,"7":6},"b":{"0":[4,4,4],"1":[2,2],"2":[2,2],"3":[10,10,10],"4":[2,8],"5":[6,2],"6":[4,2],"7":[2,2],"8":[4,2],"9":[2,2],"10":[6,4,4,4],"11":[2,4],"12":[2,2],"13":[6,6,6],"14":[2,4],"15":[2,2],"16":[6,6],"17":[2,4],"18":[2,2],"19":[4,2],"20":[2,2]},"_coverageSchema":"1a1c01bbd47fc00a2c39e90264f33305004495a9","hash":"9c39a81471d7b4c29598919cfec3b6af5c1ad51e"},"/home/tareqzeadeh/Desktop/My folders/node-project/node-task/routes/commentRoutes.mjs":{"path":"/home/tareqzeadeh/Desktop/My folders/node-project/node-task/routes/commentRoutes.mjs","statementMap":{"0":{"start":{"line":4,"column":30},"end":{"line":4,"column":44}},"1":{"start":{"line":14,"column":4},"end":{"line":14,"column":19}},"2":{"start":{"line":16,"column":29},"end":{"line":16,"column":60}},"3":{"start":{"line":18,"column":0},"end":{"line":18,"column":58}},"4":{"start":{"line":19,"column":0},"end":{"line":19,"column":70}},"5":{"start":{"line":20,"column":0},"end":{"line":20,"column":78}},"6":{"start":{"line":21,"column":0},"end":{"line":21,"column":66}},"7":{"start":{"line":22,"column":0},"end":{"line":22,"column":75}},"8":{"start":{"line":23,"column":0},"end":{"line":23,"column":78}},"9":{"start":{"line":24,"column":0},"end":{"line":27,"column":2}},"10":{"start":{"line":28,"column":0},"end":{"line":28,"column":68}}},"fnMap":{},"branchMap":{},"s":{"0":1,"1":1,"2":1,"3":1,"4":1,"5":1,"6":1,"7":1,"8":1,"9":1,"10":1},"f":{},"b":{},"_coverageSchema":"1a1c01bbd47fc00a2c39e90264f33305004495a9","hash":"833ef3a3492403a7e6ef4b44dc435889cbe6ed6e"},"/home/tareqzeadeh/Desktop/My folders/node-project/node-task/dataAccess/repositories/authRoutesRepo.mjs":{"path":"/home/tareqzeadeh/Desktop/My folders/node-project/node-task/dataAccess/repositories/authRoutesRepo.mjs","statementMap":{"0":{"start":{"line":8,"column":44},"end":{"line":8,"column":52}},"1":{"start":{"line":9,"column":4},"end":{"line":9,"column":91}},"2":{"start":{"line":10,"column":17},"end":{"line":10,"column":69}},"3":{"start":{"line":11,"column":4},"end":{"line":13,"column":5}},"4":{"start":{"line":12,"column":6},"end":{"line":12,"column":70}},"5":{"start":{"line":14,"column":4},"end":{"line":35,"column":5}},"6":{"start":{"line":15,"column":19},"end":{"line":15,"column":41}},"7":{"start":{"line":16,"column":29},"end":{"line":16,"column":62}},"8":{"start":{"line":17,"column":23},"end":{"line":17,"column":37}},"9":{"start":{"line":18,"column":19},"end":{"line":23,"column":8}},"10":{"start":{"line":25,"column":22},"end":{"line":30,"column":7}},"11":{"start":{"line":31,"column":26},"end":{"line":31,"column":54}},"12":{"start":{"line":32,"column":6},"end":{"line":32,"column":72}},"13":{"start":{"line":34,"column":6},"end":{"line":34,"column":23}},"14":{"start":{"line":39,"column":32},"end":{"line":39,"column":40}},"15":{"start":{"line":40,"column":4},"end":{"line":40,"column":58}},"16":{"start":{"line":41,"column":17},"end":{"line":41,"column":69}},"17":{"start":{"line":43,"column":4},"end":{"line":45,"column":5}},"18":{"start":{"line":44,"column":6},"end":{"line":44,"column":76}},"19":{"start":{"line":46,"column":4},"end":{"line":61,"column":5}},"20":{"start":{"line":47,"column":6},"end":{"line":58,"column":7}},"21":{"start":{"line":48,"column":27},"end":{"line":53,"column":9}},"22":{"start":{"line":54,"column":28},"end":{"line":54,"column":59}},"23":{"start":{"line":55,"column":8},"end":{"line":55,"column":77}},"24":{"start":{"line":57,"column":8},"end":{"line":57,"column":60}},"25":{"start":{"line":60,"column":6},"end":{"line":60,"column":23}},"26":{"start":{"line":65,"column":28},"end":{"line":67,"column":1}},"27":{"start":{"line":66,"column":2},"end":{"line":66,"column":57}}},"fnMap":{"0":{"name":"(anonymous_0)","decl":{"start":{"line":7,"column":10},"end":{"line":7,"column":11}},"loc":{"start":{"line":7,"column":30},"end":{"line":36,"column":3}},"line":7},"1":{"name":"(anonymous_1)","decl":{"start":{"line":38,"column":10},"end":{"line":38,"column":11}},"loc":{"start":{"line":38,"column":30},"end":{"line":62,"column":3}},"line":38},"2":{"name":"(anonymous_2)","decl":{"start":{"line":65,"column":28},"end":{"line":65,"column":29}},"loc":{"start":{"line":65,"column":38},"end":{"line":67,"column":1}},"line":65}},"branchMap":{"0":{"loc":{"start":{"line":11,"column":4},"end":{"line":13,"column":5}},"type":"if","locations":[{"start":{"line":11,"column":4},"end":{"line":13,"column":5}},{"start":{"line":11,"column":4},"end":{"line":13,"column":5}}],"line":11},"1":{"loc":{"start":{"line":17,"column":23},"end":{"line":17,"column":37}},"type":"binary-expr","locations":[{"start":{"line":17,"column":23},"end":{"line":17,"column":27}},{"start":{"line":17,"column":31},"end":{"line":17,"column":37}}],"line":17},"2":{"loc":{"start":{"line":43,"column":4},"end":{"line":45,"column":5}},"type":"if","locations":[{"start":{"line":43,"column":4},"end":{"line":45,"column":5}},{"start":{"line":43,"column":4},"end":{"line":45,"column":5}}],"line":43},"3":{"loc":{"start":{"line":47,"column":6},"end":{"line":58,"column":7}},"type":"if","locations":[{"start":{"line":47,"column":6},"end":{"line":58,"column":7}},{"start":{"line":47,"column":6},"end":{"line":58,"column":7}}],"line":47}},"s":{"0":4,"1":4,"2":4,"3":4,"4":2,"5":4,"6":4,"7":4,"8":4,"9":4,"10":4,"11":4,"12":4,"13":2,"14":9,"15":9,"16":9,"17":9,"18":3,"19":9,"20":9,"21":3,"22":3,"23":3,"24":3,"25":3,"26":1,"27":7},"f":{"0":4,"1":9,"2":7},"b":{"0":[2,2],"1":[4,0],"2":[3,6],"3":[3,3]},"_coverageSchema":"1a1c01bbd47fc00a2c39e90264f33305004495a9","hash":"78ea5ae2f6700c9355eb65da608f41dc566575bb","contentHash":"9f54a49e6edf9a66fef0c2f16410fd429bb10d9afd13b840f3c3892ea12bfb34"},"/home/tareqzeadeh/Desktop/My folders/node-project/node-task/routes/authRoutes.mjs":{"path":"/home/tareqzeadeh/Desktop/My folders/node-project/node-task/routes/authRoutes.mjs","statementMap":{"0":{"start":{"line":3,"column":27},"end":{"line":3,"column":35}},"1":{"start":{"line":6,"column":26},"end":{"line":6,"column":57}},"2":{"start":{"line":8,"column":0},"end":{"line":8,"column":35}},"3":{"start":{"line":9,"column":0},"end":{"line":9,"column":35}}},"fnMap":{},"branchMap":{},"s":{"0":1,"1":1,"2":1,"3":1},"f":{},"b":{},"_coverageSchema":"1a1c01bbd47fc00a2c39e90264f33305004495a9","hash":"bbcfe4876b49431e7b9e5c5886058f4cf9c98082"},"/home/tareqzeadeh/Desktop/My folders/node-project/node-task/routes/index.mjs":{"path":"/home/tareqzeadeh/Desktop/My folders/node-project/node-task/routes/index.mjs","statementMap":{},"fnMap":{},"branchMap":{},"s":{},"f":{},"b":{},"_coverageSchema":"1a1c01bbd47fc00a2c39e90264f33305004495a9","hash":"b96125302295e264130360801843a31e66829422"},"/home/tareqzeadeh/Desktop/My folders/node-project/node-task/index.mjs":{"path":"/home/tareqzeadeh/Desktop/My folders/node-project/node-task/index.mjs","statementMap":{"0":{"start":{"line":10,"column":19},"end":{"line":10,"column":28}},"1":{"start":{"line":11,"column":0},"end":{"line":11,"column":24}},"2":{"start":{"line":12,"column":0},"end":{"line":12,"column":16}},"3":{"start":{"line":14,"column":0},"end":{"line":14,"column":27}},"4":{"start":{"line":15,"column":0},"end":{"line":15,"column":30}},"5":{"start":{"line":16,"column":0},"end":{"line":16,"column":30}},"6":{"start":{"line":17,"column":0},"end":{"line":17,"column":36}},"7":{"start":{"line":19,"column":0},"end":{"line":30,"column":3}},"8":{"start":{"line":20,"column":2},"end":{"line":20,"column":47}},"9":{"start":{"line":24,"column":2},"end":{"line":29,"column":3}},"10":{"start":{"line":25,"column":4},"end":{"line":25,"column":35}},"11":{"start":{"line":26,"column":4},"end":{"line":26,"column":65}},"12":{"start":{"line":28,"column":4},"end":{"line":28,"column":63}}},"fnMap":{"0":{"name":"(anonymous_0)","decl":{"start":{"line":19,"column":29},"end":{"line":19,"column":30}},"loc":{"start":{"line":19,"column":41},"end":{"line":30,"column":1}},"line":19}},"branchMap":{},"s":{"0":1,"1":1,"2":1,"3":1,"4":1,"5":1,"6":1,"7":1,"8":1,"9":1,"10":1,"11":1,"12":0},"f":{"0":1},"b":{},"_coverageSchema":"1a1c01bbd47fc00a2c39e90264f33305004495a9","hash":"7be88cb16f5b323657db36f173a582528303b40b"},"/home/tareqzeadeh/Desktop/My folders/node-project/node-task/tests/helpers/truncate.js":{"path":"/home/tareqzeadeh/Desktop/My folders/node-project/node-task/tests/helpers/truncate.js","statementMap":{"0":{"start":{"line":1,"column":24},"end":{"line":1,"column":66}},"1":{"start":{"line":1,"column":39},"end":{"line":1,"column":66}}},"fnMap":{"0":{"name":"(anonymous_0)","decl":{"start":{"line":1,"column":24},"end":{"line":1,"column":25}},"loc":{"start":{"line":1,"column":39},"end":{"line":1,"column":66}},"line":1}},"branchMap":{},"s":{"0":3,"1":115},"f":{"0":115},"b":{},"_coverageSchema":"1a1c01bbd47fc00a2c39e90264f33305004495a9","hash":"e7fa4c32ac2201ce63bb1116a56c35e110810f54"},"/home/tareqzeadeh/Desktop/My folders/node-project/node-task/tests/helpers/auth-sign-up.js":{"path":"/home/tareqzeadeh/Desktop/My folders/node-project/node-task/tests/helpers/auth-sign-up.js","statementMap":{"0":{"start":{"line":5,"column":0},"end":{"line":5,"column":16}},"1":{"start":{"line":6,"column":22},"end":{"line":31,"column":1}},"2":{"start":{"line":7,"column":2},"end":{"line":30,"column":3}},"3":{"start":{"line":8,"column":4},"end":{"line":8,"column":151}},"4":{"start":{"line":9,"column":17},"end":{"line":9,"column":39}},"5":{"start":{"line":10,"column":27},"end":{"line":10,"column":71}},"6":{"start":{"line":11,"column":21},"end":{"line":11,"column":46}},"7":{"start":{"line":12,"column":17},"end":{"line":17,"column":6}},"8":{"start":{"line":19,"column":20},"end":{"line":24,"column":5}},"9":{"start":{"line":25,"column":24},"end":{"line":25,"column":58}},"10":{"start":{"line":26,"column":4},"end":{"line":26,"column":46}},"11":{"start":{"line":27,"column":4},"end":{"line":27,"column":23}},"12":{"start":{"line":29,"column":4},"end":{"line":29,"column":44}},"13":{"start":{"line":33,"column":28},"end":{"line":35,"column":3}},"14":{"start":{"line":34,"column":4},"end":{"line":34,"column":59}}},"fnMap":{"0":{"name":"(anonymous_0)","decl":{"start":{"line":6,"column":22},"end":{"line":6,"column":23}},"loc":{"start":{"line":6,"column":44},"end":{"line":31,"column":1}},"line":6},"1":{"name":"(anonymous_1)","decl":{"start":{"line":33,"column":28},"end":{"line":33,"column":29}},"loc":{"start":{"line":33,"column":38},"end":{"line":35,"column":3}},"line":33}},"branchMap":{"0":{"loc":{"start":{"line":11,"column":21},"end":{"line":11,"column":46}},"type":"binary-expr","locations":[{"start":{"line":11,"column":21},"end":{"line":11,"column":36}},{"start":{"line":11,"column":40},"end":{"line":11,"column":46}}],"line":11}},"s":{"0":3,"1":3,"2":67,"3":67,"4":67,"5":67,"6":67,"7":67,"8":67,"9":67,"10":67,"11":67,"12":0,"13":3,"14":67},"f":{"0":67,"1":67},"b":{"0":[67,0]},"_coverageSchema":"1a1c01bbd47fc00a2c39e90264f33305004495a9","hash":"0157392237ec3c225a4aa57592268060abcc5b53"},"/home/tareqzeadeh/Desktop/My folders/node-project/node-task/tests/authRoutes/sign-in.spec.js":{"path":"/home/tareqzeadeh/Desktop/My folders/node-project/node-task/tests/authRoutes/sign-in.spec.js","statementMap":{"0":{"start":{"line":9,"column":0},"end":{"line":9,"column":19}},"1":{"start":{"line":10,"column":0},"end":{"line":10,"column":14}},"2":{"start":{"line":12,"column":0},"end":{"line":82,"column":3}},"3":{"start":{"line":15,"column":2},"end":{"line":30,"column":5}},"4":{"start":{"line":16,"column":4},"end":{"line":21,"column":6}},"5":{"start":{"line":22,"column":4},"end":{"line":22,"column":23}},"6":{"start":{"line":24,"column":4},"end":{"line":27,"column":6}},"7":{"start":{"line":28,"column":4},"end":{"line":28,"column":45}},"8":{"start":{"line":29,"column":4},"end":{"line":29,"column":32}},"9":{"start":{"line":32,"column":2},"end":{"line":36,"column":5}},"10":{"start":{"line":33,"column":4},"end":{"line":33,"column":30}},"11":{"start":{"line":34,"column":4},"end":{"line":34,"column":22}},"12":{"start":{"line":35,"column":4},"end":{"line":35,"column":30}},"13":{"start":{"line":37,"column":2},"end":{"line":37,"column":7}},"14":{"start":{"line":38,"column":2},"end":{"line":50,"column":5}},"15":{"start":{"line":39,"column":4},"end":{"line":49,"column":7}},"16":{"start":{"line":40,"column":18},"end":{"line":40,"column":73}},"17":{"start":{"line":42,"column":6},"end":{"line":42,"column":34}},"18":{"start":{"line":43,"column":29},"end":{"line":43,"column":61}},"19":{"start":{"line":45,"column":6},"end":{"line":45,"column":43}},"20":{"start":{"line":46,"column":6},"end":{"line":46,"column":61}},"21":{"start":{"line":47,"column":6},"end":{"line":47,"column":63}},"22":{"start":{"line":48,"column":6},"end":{"line":48,"column":61}},"23":{"start":{"line":52,"column":2},"end":{"line":67,"column":5}},"24":{"start":{"line":53,"column":4},"end":{"line":66,"column":7}},"25":{"start":{"line":54,"column":16},"end":{"line":57,"column":7}},"26":{"start":{"line":59,"column":18},"end":{"line":59,"column":63}},"27":{"start":{"line":60,"column":6},"end":{"line":60,"column":34}},"28":{"start":{"line":61,"column":6},"end":{"line":61,"column":37}},"29":{"start":{"line":62,"column":6},"end":{"line":65,"column":8}},"30":{"start":{"line":69,"column":2},"end":{"line":81,"column":5}},"31":{"start":{"line":70,"column":4},"end":{"line":80,"column":7}},"32":{"start":{"line":71,"column":16},"end":{"line":74,"column":7}},"33":{"start":{"line":76,"column":18},"end":{"line":76,"column":63}},"34":{"start":{"line":77,"column":6},"end":{"line":77,"column":34}},"35":{"start":{"line":78,"column":6},"end":{"line":78,"column":37}},"36":{"start":{"line":79,"column":6},"end":{"line":79,"column":65}}},"fnMap":{"0":{"name":"(anonymous_0)","decl":{"start":{"line":12,"column":31},"end":{"line":12,"column":32}},"loc":{"start":{"line":12,"column":37},"end":{"line":82,"column":1}},"line":12},"1":{"name":"(anonymous_1)","decl":{"start":{"line":15,"column":9},"end":{"line":15,"column":10}},"loc":{"start":{"line":15,"column":21},"end":{"line":30,"column":3}},"line":15},"2":{"name":"(anonymous_2)","decl":{"start":{"line":32,"column":8},"end":{"line":32,"column":9}},"loc":{"start":{"line":32,"column":20},"end":{"line":36,"column":3}},"line":32},"3":{"name":"(anonymous_3)","decl":{"start":{"line":38,"column":33},"end":{"line":38,"column":34}},"loc":{"start":{"line":38,"column":45},"end":{"line":50,"column":3}},"line":38},"4":{"name":"(anonymous_4)","decl":{"start":{"line":39,"column":73},"end":{"line":39,"column":74}},"loc":{"start":{"line":39,"column":85},"end":{"line":49,"column":5}},"line":39},"5":{"name":"(anonymous_5)","decl":{"start":{"line":52,"column":33},"end":{"line":52,"column":34}},"loc":{"start":{"line":52,"column":45},"end":{"line":67,"column":3}},"line":52},"6":{"name":"(anonymous_6)","decl":{"start":{"line":53,"column":130},"end":{"line":53,"column":131}},"loc":{"start":{"line":53,"column":142},"end":{"line":66,"column":5}},"line":53},"7":{"name":"(anonymous_7)","decl":{"start":{"line":69,"column":33},"end":{"line":69,"column":34}},"loc":{"start":{"line":69,"column":45},"end":{"line":81,"column":3}},"line":69},"8":{"name":"(anonymous_8)","decl":{"start":{"line":70,"column":84},"end":{"line":70,"column":85}},"loc":{"start":{"line":70,"column":96},"end":{"line":80,"column":5}},"line":70}},"branchMap":{},"s":{"0":1,"1":1,"2":1,"3":1,"4":1,"5":1,"6":1,"7":1,"8":1,"9":1,"10":1,"11":1,"12":1,"13":1,"14":1,"15":1,"16":1,"17":1,"18":1,"19":1,"20":1,"21":1,"22":1,"23":1,"24":1,"25":1,"26":1,"27":1,"28":1,"29":1,"30":1,"31":1,"32":1,"33":1,"34":1,"35":1,"36":1},"f":{"0":1,"1":1,"2":1,"3":1,"4":1,"5":1,"6":1,"7":1,"8":1},"b":{},"_coverageSchema":"1a1c01bbd47fc00a2c39e90264f33305004495a9","hash":"a76dd22ce346ba66bbe9d23832e273a31f3e5a88","contentHash":"5dae350d1b1e0389927ece6392982f86e8a8bb90c857c8ccd42beab54df17de7"},"/home/tareqzeadeh/Desktop/My folders/node-project/node-task/tests/authRoutes/sign-up.spec.js":{"path":"/home/tareqzeadeh/Desktop/My folders/node-project/node-task/tests/authRoutes/sign-up.spec.js","statementMap":{"0":{"start":{"line":8,"column":0},"end":{"line":8,"column":19}},"1":{"start":{"line":9,"column":0},"end":{"line":9,"column":14}},"2":{"start":{"line":11,"column":0},"end":{"line":58,"column":3}},"3":{"start":{"line":14,"column":2},"end":{"line":23,"column":5}},"4":{"start":{"line":15,"column":4},"end":{"line":20,"column":6}},"5":{"start":{"line":21,"column":4},"end":{"line":21,"column":45}},"6":{"start":{"line":22,"column":4},"end":{"line":22,"column":32}},"7":{"start":{"line":25,"column":2},"end":{"line":29,"column":5}},"8":{"start":{"line":26,"column":4},"end":{"line":26,"column":30}},"9":{"start":{"line":27,"column":4},"end":{"line":27,"column":22}},"10":{"start":{"line":28,"column":4},"end":{"line":28,"column":30}},"11":{"start":{"line":31,"column":2},"end":{"line":43,"column":5}},"12":{"start":{"line":32,"column":4},"end":{"line":42,"column":7}},"13":{"start":{"line":33,"column":18},"end":{"line":33,"column":66}},"14":{"start":{"line":35,"column":6},"end":{"line":35,"column":34}},"15":{"start":{"line":36,"column":29},"end":{"line":36,"column":61}},"16":{"start":{"line":38,"column":6},"end":{"line":38,"column":43}},"17":{"start":{"line":39,"column":6},"end":{"line":39,"column":61}},"18":{"start":{"line":40,"column":6},"end":{"line":40,"column":63}},"19":{"start":{"line":41,"column":6},"end":{"line":41,"column":61}},"20":{"start":{"line":45,"column":2},"end":{"line":57,"column":5}},"21":{"start":{"line":46,"column":4},"end":{"line":56,"column":7}},"22":{"start":{"line":47,"column":18},"end":{"line":47,"column":66}},"23":{"start":{"line":49,"column":6},"end":{"line":49,"column":34}},"24":{"start":{"line":51,"column":6},"end":{"line":51,"column":37}},"25":{"start":{"line":52,"column":6},"end":{"line":55,"column":8}}},"fnMap":{"0":{"name":"(anonymous_0)","decl":{"start":{"line":11,"column":31},"end":{"line":11,"column":32}},"loc":{"start":{"line":11,"column":37},"end":{"line":58,"column":1}},"line":11},"1":{"name":"(anonymous_1)","decl":{"start":{"line":14,"column":9},"end":{"line":14,"column":10}},"loc":{"start":{"line":14,"column":21},"end":{"line":23,"column":3}},"line":14},"2":{"name":"(anonymous_2)","decl":{"start":{"line":25,"column":8},"end":{"line":25,"column":9}},"loc":{"start":{"line":25,"column":20},"end":{"line":29,"column":3}},"line":25},"3":{"name":"(anonymous_3)","decl":{"start":{"line":31,"column":33},"end":{"line":31,"column":34}},"loc":{"start":{"line":31,"column":45},"end":{"line":43,"column":3}},"line":31},"4":{"name":"(anonymous_4)","decl":{"start":{"line":32,"column":73},"end":{"line":32,"column":74}},"loc":{"start":{"line":32,"column":85},"end":{"line":42,"column":5}},"line":32},"5":{"name":"(anonymous_5)","decl":{"start":{"line":45,"column":33},"end":{"line":45,"column":34}},"loc":{"start":{"line":45,"column":45},"end":{"line":57,"column":3}},"line":45},"6":{"name":"(anonymous_6)","decl":{"start":{"line":46,"column":85},"end":{"line":46,"column":86}},"loc":{"start":{"line":46,"column":97},"end":{"line":56,"column":5}},"line":46}},"branchMap":{},"s":{"0":3,"1":3,"2":3,"3":3,"4":2,"5":2,"6":2,"7":3,"8":2,"9":2,"10":2,"11":3,"12":3,"13":2,"14":2,"15":2,"16":2,"17":2,"18":2,"19":2,"20":3,"21":3,"22":2,"23":2,"24":2,"25":2},"f":{"0":3,"1":2,"2":2,"3":3,"4":2,"5":3,"6":2},"b":{},"_coverageSchema":"1a1c01bbd47fc00a2c39e90264f33305004495a9","hash":"5dec8a352cb4abfab13357e42d7b69591c5c55be"},"/home/tareqzeadeh/Desktop/My folders/node-project/node-task/tests/commentRoutes/addComment.spec.js":{"path":"/home/tareqzeadeh/Desktop/My folders/node-project/node-task/tests/commentRoutes/addComment.spec.js","statementMap":{"0":{"start":{"line":11,"column":0},"end":{"line":11,"column":19}},"1":{"start":{"line":12,"column":0},"end":{"line":12,"column":14}},"2":{"start":{"line":14,"column":0},"end":{"line":99,"column":3}},"3":{"start":{"line":23,"column":2},"end":{"line":52,"column":5}},"4":{"start":{"line":24,"column":4},"end":{"line":29,"column":7}},"5":{"start":{"line":30,"column":4},"end":{"line":30,"column":46}},"6":{"start":{"line":32,"column":4},"end":{"line":37,"column":7}},"7":{"start":{"line":38,"column":4},"end":{"line":38,"column":48}},"8":{"start":{"line":40,"column":4},"end":{"line":43,"column":7}},"9":{"start":{"line":45,"column":4},"end":{"line":48,"column":7}},"10":{"start":{"line":50,"column":4},"end":{"line":50,"column":45}},"11":{"start":{"line":51,"column":4},"end":{"line":51,"column":32}},"12":{"start":{"line":54,"column":2},"end":{"line":60,"column":5}},"13":{"start":{"line":55,"column":4},"end":{"line":55,"column":30}},"14":{"start":{"line":56,"column":4},"end":{"line":56,"column":30}},"15":{"start":{"line":57,"column":4},"end":{"line":57,"column":33}},"16":{"start":{"line":58,"column":4},"end":{"line":58,"column":22}},"17":{"start":{"line":59,"column":4},"end":{"line":59,"column":30}},"18":{"start":{"line":62,"column":2},"end":{"line":81,"column":5}},"19":{"start":{"line":63,"column":4},"end":{"line":80,"column":7}},"20":{"start":{"line":64,"column":18},"end":{"line":73,"column":10}},"21":{"start":{"line":75,"column":6},"end":{"line":75,"column":37}},"22":{"start":{"line":76,"column":6},"end":{"line":76,"column":45}},"23":{"start":{"line":77,"column":6},"end":{"line":77,"column":61}},"24":{"start":{"line":78,"column":6},"end":{"line":78,"column":60}},"25":{"start":{"line":79,"column":6},"end":{"line":79,"column":69}},"26":{"start":{"line":83,"column":2},"end":{"line":98,"column":5}},"27":{"start":{"line":84,"column":4},"end":{"line":97,"column":7}},"28":{"start":{"line":85,"column":18},"end":{"line":93,"column":10}},"29":{"start":{"line":95,"column":6},"end":{"line":95,"column":34}},"30":{"start":{"line":96,"column":6},"end":{"line":96,"column":60}}},"fnMap":{"0":{"name":"(anonymous_0)","decl":{"start":{"line":14,"column":39},"end":{"line":14,"column":40}},"loc":{"start":{"line":14,"column":45},"end":{"line":99,"column":1}},"line":14},"1":{"name":"(anonymous_1)","decl":{"start":{"line":23,"column":9},"end":{"line":23,"column":10}},"loc":{"start":{"line":23,"column":21},"end":{"line":52,"column":3}},"line":23},"2":{"name":"(anonymous_2)","decl":{"start":{"line":54,"column":8},"end":{"line":54,"column":9}},"loc":{"start":{"line":54,"column":20},"end":{"line":60,"column":3}},"line":54},"3":{"name":"(anonymous_3)","decl":{"start":{"line":62,"column":41},"end":{"line":62,"column":42}},"loc":{"start":{"line":62,"column":53},"end":{"line":81,"column":3}},"line":62},"4":{"name":"(anonymous_4)","decl":{"start":{"line":63,"column":74},"end":{"line":63,"column":75}},"loc":{"start":{"line":63,"column":86},"end":{"line":80,"column":5}},"line":63},"5":{"name":"(anonymous_5)","decl":{"start":{"line":83,"column":41},"end":{"line":83,"column":42}},"loc":{"start":{"line":83,"column":53},"end":{"line":98,"column":3}},"line":83},"6":{"name":"(anonymous_6)","decl":{"start":{"line":84,"column":79},"end":{"line":84,"column":80}},"loc":{"start":{"line":84,"column":91},"end":{"line":97,"column":5}},"line":84}},"branchMap":{},"s":{"0":3,"1":3,"2":3,"3":3,"4":2,"5":2,"6":2,"7":2,"8":2,"9":2,"10":2,"11":2,"12":3,"13":2,"14":2,"15":2,"16":2,"17":2,"18":3,"19":3,"20":2,"21":2,"22":2,"23":2,"24":2,"25":2,"26":3,"27":3,"28":2,"29":2,"30":2},"f":{"0":3,"1":2,"2":2,"3":3,"4":2,"5":3,"6":2},"b":{},"_coverageSchema":"1a1c01bbd47fc00a2c39e90264f33305004495a9","hash":"b833bd49990494153e783a9264a18ce8935c1d09"},"/home/tareqzeadeh/Desktop/My folders/node-project/node-task/tests/commentRoutes/allComments.spec.js":{"path":"/home/tareqzeadeh/Desktop/My folders/node-project/node-task/tests/commentRoutes/allComments.spec.js","statementMap":{"0":{"start":{"line":11,"column":0},"end":{"line":11,"column":19}},"1":{"start":{"line":12,"column":0},"end":{"line":12,"column":14}},"2":{"start":{"line":14,"column":0},"end":{"line":100,"column":3}},"3":{"start":{"line":25,"column":2},"end":{"line":66,"column":5}},"4":{"start":{"line":26,"column":4},"end":{"line":31,"column":7}},"5":{"start":{"line":32,"column":4},"end":{"line":32,"column":46}},"6":{"start":{"line":34,"column":4},"end":{"line":39,"column":7}},"7":{"start":{"line":40,"column":4},"end":{"line":40,"column":48}},"8":{"start":{"line":42,"column":4},"end":{"line":45,"column":7}},"9":{"start":{"line":47,"column":4},"end":{"line":50,"column":7}},"10":{"start":{"line":52,"column":4},"end":{"line":56,"column":7}},"11":{"start":{"line":58,"column":4},"end":{"line":62,"column":7}},"12":{"start":{"line":64,"column":4},"end":{"line":64,"column":45}},"13":{"start":{"line":65,"column":4},"end":{"line":65,"column":32}},"14":{"start":{"line":68,"column":2},"end":{"line":74,"column":5}},"15":{"start":{"line":69,"column":4},"end":{"line":69,"column":30}},"16":{"start":{"line":70,"column":4},"end":{"line":70,"column":30}},"17":{"start":{"line":71,"column":4},"end":{"line":71,"column":33}},"18":{"start":{"line":72,"column":4},"end":{"line":72,"column":22}},"19":{"start":{"line":73,"column":4},"end":{"line":73,"column":30}},"20":{"start":{"line":76,"column":2},"end":{"line":85,"column":5}},"21":{"start":{"line":77,"column":4},"end":{"line":84,"column":7}},"22":{"start":{"line":78,"column":18},"end":{"line":80,"column":8}},"23":{"start":{"line":82,"column":6},"end":{"line":82,"column":36}},"24":{"start":{"line":83,"column":6},"end":{"line":83,"column":38}},"25":{"start":{"line":87,"column":2},"end":{"line":99,"column":5}},"26":{"start":{"line":88,"column":4},"end":{"line":98,"column":7}},"27":{"start":{"line":89,"column":6},"end":{"line":89,"column":35}},"28":{"start":{"line":91,"column":18},"end":{"line":93,"column":8}},"29":{"start":{"line":95,"column":6},"end":{"line":95,"column":34}},"30":{"start":{"line":96,"column":6},"end":{"line":96,"column":37}},"31":{"start":{"line":97,"column":6},"end":{"line":97,"column":57}}},"fnMap":{"0":{"name":"(anonymous_0)","decl":{"start":{"line":14,"column":26},"end":{"line":14,"column":27}},"loc":{"start":{"line":14,"column":32},"end":{"line":100,"column":1}},"line":14},"1":{"name":"(anonymous_1)","decl":{"start":{"line":25,"column":9},"end":{"line":25,"column":10}},"loc":{"start":{"line":25,"column":21},"end":{"line":66,"column":3}},"line":25},"2":{"name":"(anonymous_2)","decl":{"start":{"line":68,"column":8},"end":{"line":68,"column":9}},"loc":{"start":{"line":68,"column":20},"end":{"line":74,"column":3}},"line":68},"3":{"name":"(anonymous_3)","decl":{"start":{"line":76,"column":28},"end":{"line":76,"column":29}},"loc":{"start":{"line":76,"column":40},"end":{"line":85,"column":3}},"line":76},"4":{"name":"(anonymous_4)","decl":{"start":{"line":77,"column":54},"end":{"line":77,"column":55}},"loc":{"start":{"line":77,"column":66},"end":{"line":84,"column":5}},"line":77},"5":{"name":"(anonymous_5)","decl":{"start":{"line":87,"column":28},"end":{"line":87,"column":29}},"loc":{"start":{"line":87,"column":40},"end":{"line":99,"column":3}},"line":87},"6":{"name":"(anonymous_6)","decl":{"start":{"line":88,"column":64},"end":{"line":88,"column":65}},"loc":{"start":{"line":88,"column":76},"end":{"line":98,"column":5}},"line":88}},"branchMap":{},"s":{"0":3,"1":3,"2":3,"3":3,"4":2,"5":2,"6":2,"7":2,"8":2,"9":2,"10":2,"11":2,"12":2,"13":2,"14":3,"15":2,"16":2,"17":2,"18":2,"19":2,"20":3,"21":3,"22":2,"23":2,"24":2,"25":3,"26":3,"27":2,"28":2,"29":2,"30":2,"31":2},"f":{"0":3,"1":2,"2":2,"3":3,"4":2,"5":3,"6":2},"b":{},"_coverageSchema":"1a1c01bbd47fc00a2c39e90264f33305004495a9","hash":"b6e3c7a814b0617f5b69781c8fbdf7458778248b"},"/home/tareqzeadeh/Desktop/My folders/node-project/node-task/tests/commentRoutes/allUserComments.spec.js":{"path":"/home/tareqzeadeh/Desktop/My folders/node-project/node-task/tests/commentRoutes/allUserComments.spec.js","statementMap":{"0":{"start":{"line":11,"column":0},"end":{"line":11,"column":19}},"1":{"start":{"line":12,"column":0},"end":{"line":12,"column":14}},"2":{"start":{"line":14,"column":0},"end":{"line":129,"column":3}},"3":{"start":{"line":25,"column":2},"end":{"line":66,"column":5}},"4":{"start":{"line":26,"column":4},"end":{"line":31,"column":7}},"5":{"start":{"line":32,"column":4},"end":{"line":32,"column":46}},"6":{"start":{"line":34,"column":4},"end":{"line":39,"column":7}},"7":{"start":{"line":40,"column":4},"end":{"line":40,"column":48}},"8":{"start":{"line":42,"column":4},"end":{"line":45,"column":7}},"9":{"start":{"line":47,"column":4},"end":{"line":50,"column":7}},"10":{"start":{"line":52,"column":4},"end":{"line":56,"column":7}},"11":{"start":{"line":58,"column":4},"end":{"line":62,"column":7}},"12":{"start":{"line":64,"column":4},"end":{"line":64,"column":45}},"13":{"start":{"line":65,"column":4},"end":{"line":65,"column":32}},"14":{"start":{"line":68,"column":2},"end":{"line":74,"column":5}},"15":{"start":{"line":69,"column":4},"end":{"line":69,"column":30}},"16":{"start":{"line":70,"column":4},"end":{"line":70,"column":30}},"17":{"start":{"line":71,"column":4},"end":{"line":71,"column":33}},"18":{"start":{"line":72,"column":4},"end":{"line":72,"column":22}},"19":{"start":{"line":73,"column":4},"end":{"line":73,"column":30}},"20":{"start":{"line":76,"column":2},"end":{"line":94,"column":5}},"21":{"start":{"line":77,"column":4},"end":{"line":93,"column":7}},"22":{"start":{"line":78,"column":18},"end":{"line":85,"column":10}},"23":{"start":{"line":87,"column":6},"end":{"line":87,"column":36}},"24":{"start":{"line":88,"column":6},"end":{"line":88,"column":38}},"25":{"start":{"line":89,"column":6},"end":{"line":89,"column":62}},"26":{"start":{"line":90,"column":6},"end":{"line":90,"column":64}},"27":{"start":{"line":91,"column":6},"end":{"line":91,"column":63}},"28":{"start":{"line":92,"column":6},"end":{"line":92,"column":66}},"29":{"start":{"line":96,"column":2},"end":{"line":128,"column":5}},"30":{"start":{"line":97,"column":4},"end":{"line":110,"column":7}},"31":{"start":{"line":98,"column":18},"end":{"line":105,"column":10}},"32":{"start":{"line":107,"column":6},"end":{"line":107,"column":34}},"33":{"start":{"line":108,"column":6},"end":{"line":108,"column":37}},"34":{"start":{"line":109,"column":6},"end":{"line":109,"column":54}},"35":{"start":{"line":112,"column":4},"end":{"line":127,"column":7}},"36":{"start":{"line":113,"column":6},"end":{"line":113,"column":35}},"37":{"start":{"line":115,"column":18},"end":{"line":122,"column":10}},"38":{"start":{"line":124,"column":6},"end":{"line":124,"column":34}},"39":{"start":{"line":125,"column":6},"end":{"line":125,"column":37}},"40":{"start":{"line":126,"column":6},"end":{"line":126,"column":67}}},"fnMap":{"0":{"name":"(anonymous_0)","decl":{"start":{"line":14,"column":44},"end":{"line":14,"column":45}},"loc":{"start":{"line":14,"column":50},"end":{"line":129,"column":1}},"line":14},"1":{"name":"(anonymous_1)","decl":{"start":{"line":25,"column":9},"end":{"line":25,"column":10}},"loc":{"start":{"line":25,"column":21},"end":{"line":66,"column":3}},"line":25},"2":{"name":"(anonymous_2)","decl":{"start":{"line":68,"column":8},"end":{"line":68,"column":9}},"loc":{"start":{"line":68,"column":20},"end":{"line":74,"column":3}},"line":68},"3":{"name":"(anonymous_3)","decl":{"start":{"line":76,"column":46},"end":{"line":76,"column":47}},"loc":{"start":{"line":76,"column":58},"end":{"line":94,"column":3}},"line":76},"4":{"name":"(anonymous_4)","decl":{"start":{"line":77,"column":89},"end":{"line":77,"column":90}},"loc":{"start":{"line":77,"column":101},"end":{"line":93,"column":5}},"line":77},"5":{"name":"(anonymous_5)","decl":{"start":{"line":96,"column":46},"end":{"line":96,"column":47}},"loc":{"start":{"line":96,"column":58},"end":{"line":128,"column":3}},"line":96},"6":{"name":"(anonymous_6)","decl":{"start":{"line":97,"column":78},"end":{"line":97,"column":79}},"loc":{"start":{"line":97,"column":90},"end":{"line":110,"column":5}},"line":97},"7":{"name":"(anonymous_7)","decl":{"start":{"line":112,"column":77},"end":{"line":112,"column":78}},"loc":{"start":{"line":112,"column":89},"end":{"line":127,"column":5}},"line":112}},"branchMap":{},"s":{"0":3,"1":3,"2":3,"3":3,"4":2,"5":2,"6":2,"7":2,"8":2,"9":2,"10":2,"11":2,"12":2,"13":2,"14":3,"15":2,"16":2,"17":2,"18":2,"19":2,"20":3,"21":3,"22":2,"23":2,"24":2,"25":2,"26":2,"27":2,"28":2,"29":3,"30":3,"31":2,"32":2,"33":2,"34":2,"35":3,"36":2,"37":2,"38":2,"39":2,"40":2},"f":{"0":3,"1":2,"2":2,"3":3,"4":2,"5":3,"6":2,"7":2},"b":{},"_coverageSchema":"1a1c01bbd47fc00a2c39e90264f33305004495a9","hash":"091905ce7d2fff169ed7a2d7278652f764d1158b"},"/home/tareqzeadeh/Desktop/My folders/node-project/node-task/tests/commentRoutes/deleteAllUserCommentfromPost.spec.js":{"path":"/home/tareqzeadeh/Desktop/My folders/node-project/node-task/tests/commentRoutes/deleteAllUserCommentfromPost.spec.js","statementMap":{"0":{"start":{"line":11,"column":0},"end":{"line":11,"column":19}},"1":{"start":{"line":12,"column":0},"end":{"line":12,"column":14}},"2":{"start":{"line":14,"column":0},"end":{"line":134,"column":3}},"3":{"start":{"line":25,"column":2},"end":{"line":66,"column":5}},"4":{"start":{"line":26,"column":4},"end":{"line":31,"column":7}},"5":{"start":{"line":32,"column":4},"end":{"line":32,"column":46}},"6":{"start":{"line":34,"column":4},"end":{"line":39,"column":7}},"7":{"start":{"line":40,"column":4},"end":{"line":40,"column":48}},"8":{"start":{"line":42,"column":4},"end":{"line":45,"column":7}},"9":{"start":{"line":47,"column":4},"end":{"line":50,"column":7}},"10":{"start":{"line":52,"column":4},"end":{"line":56,"column":7}},"11":{"start":{"line":58,"column":4},"end":{"line":62,"column":7}},"12":{"start":{"line":64,"column":4},"end":{"line":64,"column":45}},"13":{"start":{"line":65,"column":4},"end":{"line":65,"column":32}},"14":{"start":{"line":68,"column":2},"end":{"line":74,"column":5}},"15":{"start":{"line":69,"column":4},"end":{"line":69,"column":30}},"16":{"start":{"line":70,"column":4},"end":{"line":70,"column":30}},"17":{"start":{"line":71,"column":4},"end":{"line":71,"column":33}},"18":{"start":{"line":72,"column":4},"end":{"line":72,"column":22}},"19":{"start":{"line":73,"column":4},"end":{"line":73,"column":30}},"20":{"start":{"line":76,"column":2},"end":{"line":91,"column":5}},"21":{"start":{"line":77,"column":4},"end":{"line":90,"column":7}},"22":{"start":{"line":78,"column":18},"end":{"line":86,"column":10}},"23":{"start":{"line":88,"column":6},"end":{"line":88,"column":34}},"24":{"start":{"line":89,"column":6},"end":{"line":89,"column":73}},"25":{"start":{"line":93,"column":2},"end":{"line":133,"column":5}},"26":{"start":{"line":94,"column":4},"end":{"line":114,"column":7}},"27":{"start":{"line":95,"column":18},"end":{"line":102,"column":10}},"28":{"start":{"line":104,"column":6},"end":{"line":104,"column":34}},"29":{"start":{"line":105,"column":6},"end":{"line":105,"column":60}},"30":{"start":{"line":107,"column":30},"end":{"line":111,"column":8}},"31":{"start":{"line":113,"column":6},"end":{"line":113,"column":45}},"32":{"start":{"line":116,"column":4},"end":{"line":132,"column":7}},"33":{"start":{"line":117,"column":6},"end":{"line":117,"column":35}},"34":{"start":{"line":118,"column":18},"end":{"line":126,"column":10}},"35":{"start":{"line":128,"column":6},"end":{"line":128,"column":34}},"36":{"start":{"line":129,"column":6},"end":{"line":131,"column":8}}},"fnMap":{"0":{"name":"(anonymous_0)","decl":{"start":{"line":14,"column":44},"end":{"line":14,"column":45}},"loc":{"start":{"line":14,"column":50},"end":{"line":134,"column":1}},"line":14},"1":{"name":"(anonymous_1)","decl":{"start":{"line":25,"column":9},"end":{"line":25,"column":10}},"loc":{"start":{"line":25,"column":21},"end":{"line":66,"column":3}},"line":25},"2":{"name":"(anonymous_2)","decl":{"start":{"line":68,"column":8},"end":{"line":68,"column":9}},"loc":{"start":{"line":68,"column":20},"end":{"line":74,"column":3}},"line":68},"3":{"name":"(anonymous_3)","decl":{"start":{"line":76,"column":61},"end":{"line":76,"column":62}},"loc":{"start":{"line":76,"column":73},"end":{"line":91,"column":3}},"line":76},"4":{"name":"(anonymous_4)","decl":{"start":{"line":77,"column":52},"end":{"line":77,"column":53}},"loc":{"start":{"line":77,"column":64},"end":{"line":90,"column":5}},"line":77},"5":{"name":"(anonymous_5)","decl":{"start":{"line":93,"column":61},"end":{"line":93,"column":62}},"loc":{"start":{"line":93,"column":73},"end":{"line":133,"column
[...]
3":3,"4":2,"5":2,"6":2,"7":2,"8":2,"9":2,"10":2,"11":3,"12":2,"13":2,"14":2,"15":2,"16":3,"17":3,"18":2,"19":2,"20":2,"21":2,"22":2,"23":2,"24":3,"25":3,"26":2,"27":2,"28":2,"29":3,"30":2,"31":2,"32":2,"33":3,"34":2,"35":2,"36":2},"f":{"0":3,"1":2,"2":2,"3":3,"4":2,"5":3,"6":2,"7":2,"8":2},"b":{},"_coverageSchema":"1a1c01bbd47fc00a2c39e90264f33305004495a9","hash":"4c20508d139102f74d91d5ba3826a0460cbb9a61"},"/home/tareqzeadeh/Desktop/My folders/node-project/node-task/tests/postRoutes/updatePost.spec.js":{"path":"/home/tareqzeadeh/Desktop/My folders/node-project/node-task/tests/postRoutes/updatePost.spec.js","statementMap":{"0":{"start":{"line":10,"column":0},"end":{"line":10,"column":19}},"1":{"start":{"line":11,"column":0},"end":{"line":11,"column":14}},"2":{"start":{"line":13,"column":0},"end":{"line":96,"column":3}},"3":{"start":{"line":16,"column":2},"end":{"line":34,"column":5}},"4":{"start":{"line":17,"column":4},"end":{"line":22,"column":6}},"5":{"start":{"line":24,"column":4},"end":{"line":24,"column":48}},"6":{"start":{"line":25,"column":4},"end":{"line":25,"column":41}},"7":{"start":{"line":27,"column":4},"end":{"line":30,"column":7}},"8":{"start":{"line":32,"column":4},"end":{"line":32,"column":45}},"9":{"start":{"line":33,"column":4},"end":{"line":33,"column":32}},"10":{"start":{"line":36,"column":2},"end":{"line":41,"column":5}},"11":{"start":{"line":37,"column":4},"end":{"line":37,"column":30}},"12":{"start":{"line":38,"column":4},"end":{"line":38,"column":30}},"13":{"start":{"line":39,"column":4},"end":{"line":39,"column":22}},"14":{"start":{"line":40,"column":4},"end":{"line":40,"column":30}},"15":{"start":{"line":43,"column":2},"end":{"line":57,"column":5}},"16":{"start":{"line":44,"column":4},"end":{"line":56,"column":7}},"17":{"start":{"line":45,"column":18},"end":{"line":50,"column":70}},"18":{"start":{"line":52,"column":6},"end":{"line":52,"column":37}},"19":{"start":{"line":53,"column":6},"end":{"line":53,"column":51}},"20":{"start":{"line":54,"column":6},"end":{"line":54,"column":55}},"21":{"start":{"line":55,"column":6},"end":{"line":55,"column":67}},"22":{"start":{"line":59,"column":2},"end":{"line":95,"column":5}},"23":{"start":{"line":60,"column":4},"end":{"line":70,"column":7}},"24":{"start":{"line":61,"column":18},"end":{"line":66,"column":47}},"25":{"start":{"line":68,"column":6},"end":{"line":68,"column":34}},"26":{"start":{"line":69,"column":6},"end":{"line":69,"column":60}},"27":{"start":{"line":72,"column":4},"end":{"line":82,"column":7}},"28":{"start":{"line":73,"column":18},"end":{"line":78,"column":71}},"29":{"start":{"line":80,"column":6},"end":{"line":80,"column":34}},"30":{"start":{"line":81,"column":6},"end":{"line":81,"column":54}},"31":{"start":{"line":84,"column":4},"end":{"line":94,"column":7}},"32":{"start":{"line":85,"column":18},"end":{"line":90,"column":70}},"33":{"start":{"line":92,"column":6},"end":{"line":92,"column":34}},"34":{"start":{"line":93,"column":6},"end":{"line":93,"column":54}}},"fnMap":{"0":{"name":"(anonymous_0)","decl":{"start":{"line":13,"column":35},"end":{"line":13,"column":36}},"loc":{"start":{"line":13,"column":41},"end":{"line":96,"column":1}},"line":13},"1":{"name":"(anonymous_1)","decl":{"start":{"line":16,"column":9},"end":{"line":16,"column":10}},"loc":{"start":{"line":16,"column":21},"end":{"line":34,"column":3}},"line":16},"2":{"name":"(anonymous_2)","decl":{"start":{"line":36,"column":8},"end":{"line":36,"column":9}},"loc":{"start":{"line":36,"column":20},"end":{"line":41,"column":3}},"line":36},"3":{"name":"(anonymous_3)","decl":{"start":{"line":43,"column":37},"end":{"line":43,"column":38}},"loc":{"start":{"line":43,"column":49},"end":{"line":57,"column":3}},"line":43},"4":{"name":"(anonymous_4)","decl":{"start":{"line":44,"column":49},"end":{"line":44,"column":50}},"loc":{"start":{"line":44,"column":61},"end":{"line":56,"column":5}},"line":44},"5":{"name":"(anonymous_5)","decl":{"start":{"line":59,"column":37},"end":{"line":59,"column":38}},"loc":{"start":{"line":59,"column":49},"end":{"line":95,"column":3}},"line":59},"6":{"name":"(anonymous_6)","decl":{"start":{"line":60,"column":85},"end":{"line":60,"column":86}},"loc":{"start":{"line":60,"column":97},"end":{"line":70,"column":5}},"line":60},"7":{"name":"(anonymous_7)","decl":{"start":{"line":72,"column":77},"end":{"line":72,"column":78}},"loc":{"start":{"line":72,"column":89},"end":{"line":82,"column":5}},"line":72},"8":{"name":"(anonymous_8)","decl":{"start":{"line":84,"column":77},"end":{"line":84,"column":78}},"loc":{"start":{"line":84,"column":89},"end":{"line":94,"column":5}},"line":84}},"branchMap":{},"s":{"0":3,"1":3,"2":3,"3":3,"4":2,"5":2,"6":2,"7":2,"8":2,"9":2,"10":3,"11":2,"12":2,"13":2,"14":2,"15":3,"16":3,"17":2,"18":2,"19":2,"20":2,"21":2,"22":3,"23":3,"24":2,"25":2,"26":2,"27":3,"28":2,"29":2,"30":2,"31":3,"32":2,"33":2,"34":2},"f":{"0":3,"1":2,"2":2,"3":3,"4":2,"5":3,"6":2,"7":2,"8":2},"b":{},"_coverageSchema":"1a1c01bbd47fc00a2c39e90264f33305004495a9","hash":"c39ecc1297cccac58835e9aada5fa4eaf1dfe9f6"},"/home/tareqzeadeh/Desktop/My folders/node-project/node-task/tests/userRoutes/addUser.spec.js":{"path":"/home/tareqzeadeh/Desktop/My folders/node-project/node-task/tests/userRoutes/addUser.spec.js","statementMap":{},"fnMap":{},"branchMap":{},"s":{},"f":{},"b":{},"_coverageSchema":"1a1c01bbd47fc00a2c39e90264f33305004495a9","hash":"2792750012547f0debf4f0a6edc0420ac8ff3acc","contentHash":"47ba816748bf0f7f0094d81ae7685bb3577301d9c798f2b3954e8c62e69b0d50"},"/home/tareqzeadeh/Desktop/My folders/node-project/node-task/tests/userRoutes/allUsers.spec.js":{"path":"/home/tareqzeadeh/Desktop/My folders/node-project/node-task/tests/userRoutes/allUsers.spec.js","statementMap":{"0":{"start":{"line":8,"column":0},"end":{"line":8,"column":19}},"1":{"start":{"line":9,"column":0},"end":{"line":9,"column":14}},"2":{"start":{"line":11,"column":0},"end":{"line":60,"column":3}},"3":{"start":{"line":14,"column":2},"end":{"line":33,"column":5}},"4":{"start":{"line":15,"column":4},"end":{"line":20,"column":6}},"5":{"start":{"line":21,"column":4},"end":{"line":26,"column":6}},"6":{"start":{"line":28,"column":4},"end":{"line":28,"column":45}},"7":{"start":{"line":29,"column":4},"end":{"line":29,"column":32}},"8":{"start":{"line":31,"column":4},"end":{"line":31,"column":48}},"9":{"start":{"line":32,"column":4},"end":{"line":32,"column":50}},"10":{"start":{"line":35,"column":2},"end":{"line":39,"column":5}},"11":{"start":{"line":36,"column":4},"end":{"line":36,"column":30}},"12":{"start":{"line":37,"column":4},"end":{"line":37,"column":22}},"13":{"start":{"line":38,"column":4},"end":{"line":38,"column":30}},"14":{"start":{"line":41,"column":2},"end":{"line":50,"column":5}},"15":{"start":{"line":42,"column":4},"end":{"line":49,"column":7}},"16":{"start":{"line":43,"column":18},"end":{"line":45,"column":62}},"17":{"start":{"line":46,"column":6},"end":{"line":46,"column":34}},"18":{"start":{"line":47,"column":6},"end":{"line":47,"column":37}},"19":{"start":{"line":48,"column":6},"end":{"line":48,"column":38}},"20":{"start":{"line":52,"column":2},"end":{"line":59,"column":5}},"21":{"start":{"line":53,"column":4},"end":{"line":58,"column":7}},"22":{"start":{"line":54,"column":6},"end":{"line":54,"column":32}},"23":{"start":{"line":55,"column":18},"end":{"line":55,"column":101}},"24":{"start":{"line":56,"column":6},"end":{"line":56,"column":34}},"25":{"start":{"line":57,"column":6},"end":{"line":57,"column":54}}},"fnMap":{"0":{"name":"(anonymous_0)","decl":{"start":{"line":11,"column":23},"end":{"line":11,"column":24}},"loc":{"start":{"line":11,"column":29},"end":{"line":60,"column":1}},"line":11},"1":{"name":"(anonymous_1)","decl":{"start":{"line":14,"column":9},"end":{"line":14,"column":10}},"loc":{"start":{"line":14,"column":21},"end":{"line":33,"column":3}},"line":14},"2":{"name":"(anonymous_2)","decl":{"start":{"line":35,"column":8},"end":{"line":35,"column":9}},"loc":{"start":{"line":35,"column":20},"end":{"line":39,"column":3}},"line":35},"3":{"name":"(anonymous_3)","decl":{"start":{"line":41,"column":25},"end":{"line":41,"column":26}},"loc":{"start":{"line":41,"column":31},"end":{"line":50,"column":3}},"line":41},"4":{"name":"(anonymous_4)","decl":{"start":{"line":42,"column":31},"end":{"line":42,"column":32}},"loc":{"start":{"line":42,"column":43},"end":{"line":49,"column":5}},"line":42},"5":{"name":"(anonymous_5)","decl":{"start":{"line":52,"column":25},"end":{"line":52,"column":26}},"loc":{"start":{"line":52,"column":31},"end":{"line":59,"column":3}},"line":52},"6":{"name":"(anonymous_6)","decl":{"start":{"line":53,"column":51},"end":{"line":53,"column":52}},"loc":{"start":{"line":53,"column":63},"end":{"line":58,"column":5}},"line":53}},"branchMap":{},"s":{"0":3,"1":3,"2":3,"3":3,"4":2,"5":2,"6":2,"7":2,"8":2,"9":2,"10":3,"11":2,"12":2,"13":2,"14":3,"15":3,"16":2,"17":2,"18":2,"19":2,"20":3,"21":3,"22":2,"23":2,"24":2,"25":2},"f":{"0":3,"1":2,"2":2,"3":3,"4":2,"5":3,"6":2},"b":{},"_coverageSchema":"1a1c01bbd47fc00a2c39e90264f33305004495a9","hash":"9a73c852dde12fe8dff35c9046fb00ef7271c179"},"/home/tareqzeadeh/Desktop/My folders/node-project/node-task/tests/userRoutes/deleteUser.spec.js":{"path":"/home/tareqzeadeh/Desktop/My folders/node-project/node-task/tests/userRoutes/deleteUser.spec.js","statementMap":{"0":{"start":{"line":8,"column":0},"end":{"line":8,"column":19}},"1":{"start":{"line":9,"column":0},"end":{"line":9,"column":14}},"2":{"start":{"line":11,"column":0},"end":{"line":70,"column":3}},"3":{"start":{"line":14,"column":2},"end":{"line":34,"column":5}},"4":{"start":{"line":15,"column":4},"end":{"line":20,"column":6}},"5":{"start":{"line":21,"column":4},"end":{"line":26,"column":6}},"6":{"start":{"line":28,"column":4},"end":{"line":28,"column":45}},"7":{"start":{"line":29,"column":4},"end":{"line":29,"column":32}},"8":{"start":{"line":31,"column":4},"end":{"line":31,"column":48}},"9":{"start":{"line":32,"column":4},"end":{"line":32,"column":50}},"10":{"start":{"line":36,"column":2},"end":{"line":40,"column":5}},"11":{"start":{"line":37,"column":4},"end":{"line":37,"column":30}},"12":{"start":{"line":38,"column":4},"end":{"line":38,"column":22}},"13":{"start":{"line":39,"column":4},"end":{"line":39,"column":30}},"14":{"start":{"line":42,"column":2},"end":{"line":57,"column":5}},"15":{"start":{"line":43,"column":4},"end":{"line":56,"column":7}},"16":{"start":{"line":44,"column":18},"end":{"line":49,"column":24}},"17":{"start":{"line":50,"column":6},"end":{"line":50,"column":34}},"18":{"start":{"line":51,"column":6},"end":{"line":51,"column":38}},"19":{"start":{"line":52,"column":6},"end":{"line":55,"column":8}},"20":{"start":{"line":59,"column":2},"end":{"line":69,"column":5}},"21":{"start":{"line":60,"column":4},"end":{"line":68,"column":7}},"22":{"start":{"line":61,"column":18},"end":{"line":66,"column":24}},"23":{"start":{"line":67,"column":6},"end":{"line":67,"column":34}}},"fnMap":{"0":{"name":"(anonymous_0)","decl":{"start":{"line":11,"column":38},"end":{"line":11,"column":39}},"loc":{"start":{"line":11,"column":44},"end":{"line":70,"column":1}},"line":11},"1":{"name":"(anonymous_1)","decl":{"start":{"line":14,"column":9},"end":{"line":14,"column":10}},"loc":{"start":{"line":14,"column":21},"end":{"line":34,"column":3}},"line":14},"2":{"name":"(anonymous_2)","decl":{"start":{"line":36,"column":8},"end":{"line":36,"column":9}},"loc":{"start":{"line":36,"column":20},"end":{"line":40,"column":3}},"line":36},"3":{"name":"(anonymous_3)","decl":{"start":{"line":42,"column":40},"end":{"line":42,"column":41}},"loc":{"start":{"line":42,"column":46},"end":{"line":57,"column":3}},"line":42},"4":{"name":"(anonymous_4)","decl":{"start":{"line":43,"column":43},"end":{"line":43,"column":44}},"loc":{"start":{"line":43,"column":55},"end":{"line":56,"column":5}},"line":43},"5":{"name":"(anonymous_5)","decl":{"start":{"line":59,"column":28},"end":{"line":59,"column":29}},"loc":{"start":{"line":59,"column":34},"end":{"line":69,"column":3}},"line":59},"6":{"name":"(anonymous_6)","decl":{"start":{"line":60,"column":64},"end":{"line":60,"column":65}},"loc":{"start":{"line":60,"column":76},"end":{"line":68,"column":5}},"line":60}},"branchMap":{},"s":{"0":3,"1":3,"2":3,"3":3,"4":2,"5":2,"6":2,"7":2,"8":2,"9":2,"10":3,"11":2,"12":2,"13":2,"14":3,"15":3,"16":2,"17":2,"18":2,"19":2,"20":3,"21":3,"22":2,"23":2},"f":{"0":3,"1":2,"2":2,"3":3,"4":2,"5":3,"6":2},"b":{},"_coverageSchema":"1a1c01bbd47fc00a2c39e90264f33305004495a9","hash":"3d97cc7885b6b33d59f3fd3ceb6ec07a19bac45a"},"/home/tareqzeadeh/Desktop/My folders/node-project/node-task/tests/userRoutes/oneUser.spec.js":{"path":"/home/tareqzeadeh/Desktop/My folders/node-project/node-task/tests/userRoutes/oneUser.spec.js","statementMap":{"0":{"start":{"line":9,"column":0},"end":{"line":9,"column":19}},"1":{"start":{"line":10,"column":0},"end":{"line":10,"column":14}},"2":{"start":{"line":12,"column":0},"end":{"line":68,"column":3}},"3":{"start":{"line":15,"column":2},"end":{"line":37,"column":5}},"4":{"start":{"line":16,"column":4},"end":{"line":21,"column":6}},"5":{"start":{"line":22,"column":4},"end":{"line":27,"column":6}},"6":{"start":{"line":29,"column":4},"end":{"line":29,"column":45}},"7":{"start":{"line":30,"column":4},"end":{"line":30,"column":32}},"8":{"start":{"line":32,"column":4},"end":{"line":32,"column":48}},"9":{"start":{"line":33,"column":4},"end":{"line":33,"column":50}},"10":{"start":{"line":39,"column":2},"end":{"line":43,"column":5}},"11":{"start":{"line":40,"column":4},"end":{"line":40,"column":30}},"12":{"start":{"line":41,"column":4},"end":{"line":41,"column":22}},"13":{"start":{"line":42,"column":4},"end":{"line":42,"column":30}},"14":{"start":{"line":45,"column":2},"end":{"line":58,"column":5}},"15":{"start":{"line":46,"column":4},"end":{"line":57,"column":7}},"16":{"start":{"line":47,"column":18},"end":{"line":49,"column":8}},"17":{"start":{"line":50,"column":19},"end":{"line":50,"column":48}},"18":{"start":{"line":51,"column":6},"end":{"line":51,"column":34}},"19":{"start":{"line":52,"column":6},"end":{"line":52,"column":38}},"20":{"start":{"line":53,"column":6},"end":{"line":53,"column":51}},"21":{"start":{"line":54,"column":6},"end":{"line":54,"column":55}},"22":{"start":{"line":55,"column":6},"end":{"line":55,"column":57}},"23":{"start":{"line":56,"column":6},"end":{"line":56,"column":55}},"24":{"start":{"line":60,"column":2},"end":{"line":67,"column":5}},"25":{"start":{"line":61,"column":4},"end":{"line":66,"column":7}},"26":{"start":{"line":62,"column":18},"end":{"line":64,"column":8}},"27":{"start":{"line":65,"column":6},"end":{"line":65,"column":34}}},"fnMap":{"0":{"name":"(anonymous_0)","decl":{"start":{"line":12,"column":28},"end":{"line":12,"column":29}},"loc":{"start":{"line":12,"column":34},"end":{"line":68,"column":1}},"line":12},"1":{"name":"(anonymous_1)","decl":{"start":{"line":15,"column":9},"end":{"line":15,"column":10}},"loc":{"start":{"line":15,"column":21},"end":{"line":37,"column":3}},"line":15},"2":{"name":"(anonymous_2)","decl":{"start":{"line":39,"column":8},"end":{"line":39,"column":9}},"loc":{"start":{"line":39,"column":20},"end":{"line":43,"column":3}},"line":39},"3":{"name":"(anonymous_3)","decl":{"start":{"line":45,"column":30},"end":{"line":45,"column":31}},"loc":{"start":{"line":45,"column":36},"end":{"line":58,"column":3}},"line":45},"4":{"name":"(anonymous_4)","decl":{"start":{"line":46,"column":61},"end":{"line":46,"column":62}},"loc":{"start":{"line":46,"column":73},"end":{"line":57,"column":5}},"line":46},"5":{"name":"(anonymous_5)","decl":{"start":{"line":60,"column":30},"end":{"line":60,"column":31}},"loc":{"start":{"line":60,"column":36},"end":{"line":67,"column":3}},"line":60},"6":{"name":"(anonymous_6)","decl":{"start":{"line":61,"column":67},"end":{"line":61,"column":68}},"loc":{"start":{"line":61,"column":79},"end":{"line":66,"column":5}},"line":61}},"branchMap":{},"s":{"0":3,"1":3,"2":3,"3":3,"4":2,"5":2,"6":2,"7":2,"8":2,"9":2,"10":3,"11":2,"12":2,"13":2,"14":3,"15":3,"16":2,"17":2,"18":2,"19":2,"20":2,"21":2,"22":2,"23":2,"24":3,"25":3,"26":2,"27":2},"f":{"0":3,"1":2,"2":2,"3":3,"4":2,"5":3,"6":2},"b":{},"_coverageSchema":"1a1c01bbd47fc00a2c39e90264f33305004495a9","hash":"7ff3b0c4b230389b4b4249029fc8250f561b8a19"},"/home/tareqzeadeh/Desktop/My folders/node-project/node-task/tests/userRoutes/updateUser.spec.js":{"path":"/home/tareqzeadeh/Desktop/My folders/node-project/node-task/tests/userRoutes/updateUser.spec.js","statementMap":{"0":{"start":{"line":9,"column":0},"end":{"line":9,"column":19}},"1":{"start":{"line":10,"column":0},"end":{"line":10,"column":14}},"2":{"start":{"line":12,"column":0},"end":{"line":70,"column":3}},"3":{"start":{"line":15,"column":2},"end":{"line":28,"column":5}},"4":{"start":{"line":16,"column":4},"end":{"line":21,"column":6}},"5":{"start":{"line":23,"column":4},"end":{"line":23,"column":45}},"6":{"start":{"line":24,"column":4},"end":{"line":24,"column":32}},"7":{"start":{"line":26,"column":4},"end":{"line":26,"column":48}},"8":{"start":{"line":30,"column":2},"end":{"line":34,"column":5}},"9":{"start":{"line":31,"column":4},"end":{"line":31,"column":30}},"10":{"start":{"line":32,"column":4},"end":{"line":32,"column":22}},"11":{"start":{"line":33,"column":4},"end":{"line":33,"column":30}},"12":{"start":{"line":36,"column":2},"end":{"line":57,"column":5}},"13":{"start":{"line":37,"column":4},"end":{"line":56,"column":7}},"14":{"start":{"line":38,"column":19},"end":{"line":38,"column":48}},"15":{"start":{"line":39,"column":26},"end":{"line":42,"column":7}},"16":{"start":{"line":43,"column":18},"end":{"line":48,"column":26}},"17":{"start":{"line":49,"column":6},"end":{"line":49,"column":28}},"18":{"start":{"line":50,"column":6},"end":{"line":50,"column":34}},"19":{"start":{"line":51,"column":6},"end":{"line":51,"column":38}},"20":{"start":{"line":52,"column":6},"end":{"line":52,"column":51}},"21":{"start":{"line":53,"column":6},"end":{"line":53,"column":62}},"22":{"start":{"line":54,"column":6},"end":{"line":54,"column":57}},"23":{"start":{"line":55,"column":6},"end":{"line":55,"column":55}},"24":{"start":{"line":59,"column":2},"end":{"line":69,"column":5}},"25":{"start":{"line":60,"column":4},"end":{"line":68,"column":7}},"26":{"start":{"line":61,"column":18},"end":{"line":66,"column":24}},"27":{"start":{"line":67,"column":6},"end":{"line":67,"column":34}}},"fnMap":{"0":{"name":"(anonymous_0)","decl":{"start":{"line":12,"column":35},"end":{"line":12,"column":36}},"loc":{"start":{"line":12,"column":41},"end":{"line":70,"column":1}},"line":12},"1":{"name":"(anonymous_1)","decl":{"start":{"line":15,"column":9},"end":{"line":15,"column":10}},"loc":{"start":{"line":15,"column":21},"end":{"line":28,"column":3}},"line":15},"2":{"name":"(anonymous_2)","decl":{"start":{"line":30,"column":8},"end":{"line":30,"column":9}},"loc":{"start":{"line":30,"column":20},"end":{"line":34,"column":3}},"line":30},"3":{"name":"(anonymous_3)","decl":{"start":{"line":36,"column":37},"end":{"line":36,"column":38}},"loc":{"start":{"line":36,"column":43},"end":{"line":57,"column":3}},"line":36},"4":{"name":"(anonymous_4)","decl":{"start":{"line":37,"column":83},"end":{"line":37,"column":84}},"loc":{"start":{"line":37,"column":95},"end":{"line":56,"column":5}},"line":37},"5":{"name":"(anonymous_5)","decl":{"start":{"line":59,"column":31},"end":{"line":59,"column":32}},"loc":{"start":{"line":59,"column":37},"end":{"line":69,"column":3}},"line":59},"6":{"name":"(anonymous_6)","decl":{"start":{"line":60,"column":67},"end":{"line":60,"column":68}},"loc":{"start":{"line":60,"column":79},"end":{"line":68,"column":5}},"line":60}},"branchMap":{},"s":{"0":3,"1":3,"2":3,"3":3,"4":2,"5":2,"6":2,"7":2,"8":3,"9":2,"10":2,"11":2,"12":3,"13":3,"14":2,"15":2,"16":2,"17":2,"18":2,"19":2,"20":2,"21":2,"22":2,"23":2,"24":3,"25":3,"26":2,"27":2},"f":{"0":3,"1":2,"2":2,"3":3,"4":2,"5":3,"6":2},"b":{},"_coverageSchema":"1a1c01bbd47fc00a2c39e90264f33305004495a9","hash":"b50b411b9dd607f55d516ff5fdf5e0c30855bef1"}}