{
  "stats": {
    "suites": 67,
    "tests": 63,
    "passes": 63,
    "pending": 0,
    "failures": 0,
    "start": "2022-03-01T13:22:21.087Z",
    "end": "2022-03-01T13:22:25.507Z",
    "duration": 4420,
    "testsRegistered": 63,
    "passPercent": 100,
    "pendingPercent": 0,
    "other": 0,
    "hasOther": false,
    "skipped": 0,
    "hasSkipped": false
  },
  "results": [
    {
      "uuid": "f1558742-b7a1-4635-86ba-a594e5de5c08",
      "title": "",
      "fullFile": "",
      "file": "",
      "beforeHooks": [],
      "afterHooks": [],
      "tests": [],
      "suites": [
        {
          "uuid": "93b9da32-4d71-4a05-9e70-90a50c82bc5f",
          "title": "POST /auth/sign-in",
          "fullFile": "/home/tareqzeadeh/Desktop/My folders/node-project/node-task/tests/authRoutes/sign-in.spec.js",
          "file": "/tests/authRoutes/sign-in.spec.js",
          "beforeHooks": [
            {
              "title": "\"before all\" hook in \"POST /auth/sign-in\"",
              "fullTitle": "POST /auth/sign-in \"before all\" hook in \"POST /auth/sign-in\"",
              "timedOut": false,
              "duration": 99,
              "state": null,
              "speed": null,
              "pass": false,
              "fail": false,
              "pending": false,
              "context": null,
              "code": "cov_1om6z77en1().f[1]++;cov_1om6z77en1().s[4]++;user={name:\"Tareq Hasan\",email:\"Tareq.Hasan@email.com\",password:\"Tareq\",role:\"Admin\"};cov_1om6z77en1().s[5]++;await signUp(user);cov_1om6z77en1().s[6]++;loggingUser={email:\"Tareq.Hasan@email.com\",password:\"Tareq\"};cov_1om6z77en1().s[7]++;requester=chai.request(app).keepOpen();cov_1om6z77en1().s[8]++;console.log(\"Test Started\");",
              "err": {},
              "uuid": "01b3973a-0243-4706-9279-839f15feba66",
              "parentUUID": "93b9da32-4d71-4a05-9e70-90a50c82bc5f",
              "isHook": true,
              "skipped": false
            }
          ],
          "afterHooks": [
            {
              "title": "\"after all\" hook in \"POST /auth/sign-in\"",
              "fullTitle": "POST /auth/sign-in \"after all\" hook in \"POST /auth/sign-in\"",
              "timedOut": false,
              "duration": 17,
              "state": null,
              "speed": null,
              "pass": false,
              "fail": false,
              "pending": false,
              "context": null,
              "code": "cov_1om6z77en1().f[2]++;cov_1om6z77en1().s[10]++;await truncate(userModel);cov_1om6z77en1().s[11]++;requester.close();cov_1om6z77en1().s[12]++;console.log(\"Test Ended\");",
              "err": {},
              "uuid": "6f6bee5c-f0db-43ea-9e90-97b8dd53383a",
              "parentUUID": "93b9da32-4d71-4a05-9e70-90a50c82bc5f",
              "isHook": true,
              "skipped": false
            }
          ],
          "tests": [],
          "suites": [
            {
              "uuid": "dcfb0604-3e2e-412e-bcb5-9ea0f49c4e0b",
              "title": "POST /auth/sign-in",
              "fullFile": "/home/tareqzeadeh/Desktop/My folders/node-project/node-task/tests/authRoutes/sign-in.spec.js",
              "file": "/tests/authRoutes/sign-in.spec.js",
              "beforeHooks": [],
              "afterHooks": [],
              "tests": [
                {
                  "title": "Its should signIn a user and response with an JWT accessToken ",
                  "fullTitle": "POST /auth/sign-in POST /auth/sign-in Its should signIn a user and response with an JWT accessToken ",
                  "timedOut": false,
                  "duration": 60,
                  "state": "passed",
                  "speed": "medium",
                  "pass": true,
                  "fail": false,
                  "pending": false,
                  "context": null,
                  "code": "cov_1om6z77en1().f[4]++;const res=(cov_1om6z77en1().s[16]++,await requester.post(\"/auth/sign-in\").send(loggingUser));cov_1om6z77en1().s[17]++;res.should.have.status(200);const decodedUserObj=(cov_1om6z77en1().s[18]++,jwt.decode(res.body.accessToken));cov_1om6z77en1().s[19]++;decodedUserObj.should.be.a(\"object\");cov_1om6z77en1().s[20]++;decodedUserObj.should.have.property(\"name\",user.name);cov_1om6z77en1().s[21]++;decodedUserObj.should.have.property(\"email\",user.email);cov_1om6z77en1().s[22]++;decodedUserObj.should.have.property(\"role\",user.role);",
                  "err": {},
                  "uuid": "5212820e-77eb-48f5-a8bc-2a67000a14dc",
                  "parentUUID": "dcfb0604-3e2e-412e-bcb5-9ea0f49c4e0b",
                  "isHook": false,
                  "skipped": false
                }
              ],
              "suites": [],
              "passes": [
                "5212820e-77eb-48f5-a8bc-2a67000a14dc"
              ],
              "failures": [],
              "pending": [],
              "skipped": [],
              "duration": 60,
              "root": false,
              "rootEmpty": false,
              "_timeout": 50000
            },
            {
              "uuid": "b03495dc-3fb9-4a33-af5f-806cbf655ab4",
              "title": "POST /auth/sign-in",
              "fullFile": "/home/tareqzeadeh/Desktop/My folders/node-project/node-task/tests/authRoutes/sign-in.spec.js",
              "file": "/tests/authRoutes/sign-in.spec.js",
              "beforeHooks": [],
              "afterHooks": [],
              "tests": [
                {
                  "title": "Its should return 400 code if a user trying to signIn with email not existing in database (the user is not in database)",
                  "fullTitle": "POST /auth/sign-in POST /auth/sign-in Its should return 400 code if a user trying to signIn with email not existing in database (the user is not in database)",
                  "timedOut": false,
                  "duration": 5,
                  "state": "passed",
                  "speed": "fast",
                  "pass": true,
                  "fail": false,
                  "pending": false,
                  "context": null,
                  "code": "cov_1om6z77en1().f[6]++;const u=(cov_1om6z77en1().s[25]++,{email:\"Tareq@email.com\",password:\"Tareq\"});const res=(cov_1om6z77en1().s[26]++,await requester.post(\"/auth/sign-in\").send(u));cov_1om6z77en1().s[27]++;res.should.have.status(400);cov_1om6z77en1().s[28]++;res.body.should.be.a(\"object\");cov_1om6z77en1().s[29]++;res.body.should.have.property(\"message\",\"User Not Found, Check Your Email\");",
                  "err": {},
                  "uuid": "daaa855f-cac7-41ca-91a6-82b4fb5c21d9",
                  "parentUUID": "b03495dc-3fb9-4a33-af5f-806cbf655ab4",
                  "isHook": false,
                  "skipped": false
                }
              ],
              "suites": [],
              "passes": [
                "daaa855f-cac7-41ca-91a6-82b4fb5c21d9"
              ],
              "failures": [],
              "pending": [],
              "skipped": [],
              "duration": 5,
              "root": false,
              "rootEmpty": false,
              "_timeout": 50000
            },
            {
              "uuid": "8d7b0e08-a365-4d33-94d9-430954fe6f45",
              "title": "POST /auth/sign-in",
              "fullFile": "/home/tareqzeadeh/Desktop/My folders/node-project/node-task/tests/authRoutes/sign-in.spec.js",
              "file": "/tests/authRoutes/sign-in.spec.js",
              "beforeHooks": [],
              "afterHooks": [],
              "tests": [
                {
                  "title": "Its should return 403 code if a user trying to signIn with wrong password",
                  "fullTitle": "POST /auth/sign-in POST /auth/sign-in Its should return 403 code if a user trying to signIn with wrong password",
                  "timedOut": false,
                  "duration": 55,
                  "state": "passed",
                  "speed": "medium",
                  "pass": true,
                  "fail": false,
                  "pending": false,
                  "context": null,
                  "code": "cov_1om6z77en1().f[8]++;const u=(cov_1om6z77en1().s[32]++,{email:\"Tareq.Hasan@email.com\",password:\"Tare\"});const res=(cov_1om6z77en1().s[33]++,await requester.post(\"/auth/sign-in\").send(u));cov_1om6z77en1().s[34]++;res.should.have.status(403);cov_1om6z77en1().s[35]++;res.body.should.be.a(\"object\");cov_1om6z77en1().s[36]++;res.body.should.have.property(\"message\",\"Wrong Password\");",
                  "err": {},
                  "uuid": "a1223225-bc96-46ef-a8d7-1fe96863e64a",
                  "parentUUID": "8d7b0e08-a365-4d33-94d9-430954fe6f45",
                  "isHook": false,
                  "skipped": false
                }
              ],
              "suites": [],
              "passes": [
                "a1223225-bc96-46ef-a8d7-1fe96863e64a"
              ],
              "failures": [],
              "pending": [],
              "skipped": [],
              "duration": 55,
              "root": false,
              "rootEmpty": false,
              "_timeout": 50000
            }
          ],
          "passes": [],
          "failures": [],
          "pending": [],
          "skipped": [],
          "duration": 0,
          "root": false,
          "rootEmpty": false,
          "_timeout": 50000
        },
        {
          "uuid": "cf81a9fc-f6ac-4eaa-afd9-21ab50368151",
          "title": "POST /auth/sign-up",
          "fullFile": "/home/tareqzeadeh/Desktop/My folders/node-project/node-task/tests/authRoutes/sign-up.spec.js",
          "file": "/tests/authRoutes/sign-up.spec.js",
          "beforeHooks": [
            {
              "title": "\"before all\" hook in \"POST /auth/sign-up\"",
              "fullTitle": "POST /auth/sign-up \"before all\" hook in \"POST /auth/sign-up\"",
              "timedOut": false,
              "duration": 0,
              "state": null,
              "speed": null,
              "pass": false,
              "fail": false,
              "pending": false,
              "context": null,
              "code": "cov_21bfz2k8p4().f[1]++;cov_21bfz2k8p4().s[4]++;user={name:\"Tareq Hasan\",email:\"Tareq.Hasan@email.com\",password:\"Tareq\",role:\"Admin\"};cov_21bfz2k8p4().s[5]++;requester=chai.request(app).keepOpen();cov_21bfz2k8p4().s[6]++;console.log(\"Test Started\");",
              "err": {},
              "uuid": "ee69d5c8-c312-49eb-b6f8-cdf0051d241e",
              "parentUUID": "cf81a9fc-f6ac-4eaa-afd9-21ab50368151",
              "isHook": true,
              "skipped": false
            }
          ],
          "afterHooks": [
            {
              "title": "\"after all\" hook in \"POST /auth/sign-up\"",
              "fullTitle": "POST /auth/sign-up \"after all\" hook in \"POST /auth/sign-up\"",
              "timedOut": false,
              "duration": 17,
              "state": null,
              "speed": null,
              "pass": false,
              "fail": false,
              "pending": false,
              "context": null,
              "code": "cov_21bfz2k8p4().f[2]++;cov_21bfz2k8p4().s[8]++;await truncate(userModel);cov_21bfz2k8p4().s[9]++;requester.close();cov_21bfz2k8p4().s[10]++;console.log(\"Test Ended\");",
              "err": {},
              "uuid": "bd7635e7-4097-419d-8b00-3d11e2134059",
              "parentUUID": "cf81a9fc-f6ac-4eaa-afd9-21ab50368151",
              "isHook": true,
              "skipped": false
            }
          ],
          "tests": [],
          "suites": [
            {
              "uuid": "feb185f6-6469-4c31-8ce0-b5d800521bcf",
              "title": "POST /auth/sign-up",
              "fullFile": "/home/tareqzeadeh/Desktop/My folders/node-project/node-task/tests/authRoutes/sign-up.spec.js",
              "file": "/tests/authRoutes/sign-up.spec.js",
              "beforeHooks": [],
              "afterHooks": [],
              "tests": [
                {
                  "title": "Its should signUp a user and response with an JWT accessToken ",
                  "fullTitle": "POST /auth/sign-up POST /auth/sign-up Its should signUp a user and response with an JWT accessToken ",
                  "timedOut": false,
                  "duration": 59,
                  "state": "passed",
                  "speed": "medium",
                  "pass": true,
                  "fail": false,
                  "pending": false,
                  "context": null,
                  "code": "cov_21bfz2k8p4().f[4]++;const res=(cov_21bfz2k8p4().s[13]++,await requester.post(\"/auth/sign-up\").send(user));cov_21bfz2k8p4().s[14]++;res.should.have.status(201);const decodedUserObj=(cov_21bfz2k8p4().s[15]++,jwt.decode(res.body.accessToken));cov_21bfz2k8p4().s[16]++;decodedUserObj.should.be.a(\"object\");cov_21bfz2k8p4().s[17]++;decodedUserObj.should.have.property(\"name\",user.name);cov_21bfz2k8p4().s[18]++;decodedUserObj.should.have.property(\"email\",user.email);cov_21bfz2k8p4().s[19]++;decodedUserObj.should.have.property(\"role\",user.role);",
                  "err": {},
                  "uuid": "e7485ed4-f14a-4ee4-870a-c81391850b97",
                  "parentUUID": "feb185f6-6469-4c31-8ce0-b5d800521bcf",
                  "isHook": false,
                  "skipped": false
                }
              ],
              "suites": [],
              "passes": [
                "e7485ed4-f14a-4ee4-870a-c81391850b97"
              ],
              "failures": [],
              "pending": [],
              "skipped": [],
              "duration": 59,
              "root": false,
              "rootEmpty": false,
              "_timeout": 50000
            },
            {
              "uuid": "ab8115f3-1358-4126-9d32-7484df4a14fb",
              "title": "POST /auth/sign-up",
              "fullFile": "/home/tareqzeadeh/Desktop/My folders/node-project/node-task/tests/authRoutes/sign-up.spec.js",
              "file": "/tests/authRoutes/sign-up.spec.js",
              "beforeHooks": [],
              "afterHooks": [],
              "tests": [
                {
                  "title": "Its should return 400 code if a user trying to signUp with existing email ",
                  "fullTitle": "POST /auth/sign-up POST /auth/sign-up Its should return 400 code if a user trying to signUp with existing email ",
                  "timedOut": false,
                  "duration": 3,
                  "state": "passed",
                  "speed": "fast",
                  "pass": true,
                  "fail": false,
                  "pending": false,
                  "context": null,
                  "code": "cov_21bfz2k8p4().f[6]++;const res=(cov_21bfz2k8p4().s[22]++,await requester.post(\"/auth/sign-up\").send(user));cov_21bfz2k8p4().s[23]++;res.should.have.status(400);cov_21bfz2k8p4().s[24]++;res.body.should.be.a(\"object\");cov_21bfz2k8p4().s[25]++;res.body.should.have.property(\"message\",\"This Email Is Already Used\");",
                  "err": {},
                  "uuid": "d52f16ce-654d-4016-8ee3-b0df508015a7",
                  "parentUUID": "ab8115f3-1358-4126-9d32-7484df4a14fb",
                  "isHook": false,
                  "skipped": false
                }
              ],
              "suites": [],
              "passes": [
                "d52f16ce-654d-4016-8ee3-b0df508015a7"
              ],
              "failures": [],
              "pending": [],
              "skipped": [],
              "duration": 3,
              "root": false,
              "rootEmpty": false,
              "_timeout": 50000
            }
          ],
          "passes": [],
          "failures": [],
          "pending": [],
          "skipped": [],
          "duration": 0,
          "root": false,
          "rootEmpty": false,
          "_timeout": 50000
        },
        {
          "uuid": "4fa0c289-c1db-45af-a39d-bd814c03a080",
          "title": "POST /comments/new-comment",
          "fullFile": "/home/tareqzeadeh/Desktop/My folders/node-project/node-task/tests/commentRoutes/addComment.spec.js",
          "file": "/tests/commentRoutes/addComment.spec.js",
          "beforeHooks": [
            {
              "title": "\"before all\" hook in \"POST /comments/new-comment\"",
              "fullTitle": "POST /comments/new-comment \"before all\" hook in \"POST /comments/new-comment\"",
              "timedOut": false,
              "duration": 121,
              "state": null,
              "speed": null,
              "pass": false,
              "fail": false,
              "pending": false,
              "context": null,
              "code": "cov_2n6sjklvqv().f[1]++;cov_2n6sjklvqv().s[4]++;firstUserJwtToken=await signUp({name:\"Tareq Zeadeh\",email:\"Tareq@email.com\",password:\"Tareq\",role:\"Admin\"});cov_2n6sjklvqv().s[5]++;firstUser=jwt.decode(firstUserJwtToken);cov_2n6sjklvqv().s[6]++;secondUserJwtToken=await signUp({name:\"Odai Zeadeh\",email:\"Odai@email.com\",password:\"Odai\",role:\"User\"});cov_2n6sjklvqv().s[7]++;secondUser=jwt.decode(secondUserJwtToken);cov_2n6sjklvqv().s[8]++;firstPost=await postModel.create({userId:firstUser.id,body:\"Hi, Im new here\"});cov_2n6sjklvqv().s[9]++;secondPost=await postModel.create({userId:secondUser.id,body:\"Hallo all\"});cov_2n6sjklvqv().s[10]++;requester=chai.request(app).keepOpen();cov_2n6sjklvqv().s[11]++;console.log(\"Test Started\");",
              "err": {},
              "uuid": "5986ba29-f8c3-4144-8b3a-e513a7aa3c2d",
              "parentUUID": "4fa0c289-c1db-45af-a39d-bd814c03a080",
              "isHook": true,
              "skipped": false
            }
          ],
          "afterHooks": [
            {
              "title": "\"after all\" hook in \"POST /comments/new-comment\"",
              "fullTitle": "POST /comments/new-comment \"after all\" hook in \"POST /comments/new-comment\"",
              "timedOut": false,
              "duration": 50,
              "state": null,
              "speed": null,
              "pass": false,
              "fail": false,
              "pending": false,
              "context": null,
              "code": "cov_2n6sjklvqv().f[2]++;cov_2n6sjklvqv().s[13]++;await truncate(userModel);cov_2n6sjklvqv().s[14]++;await truncate(postModel);cov_2n6sjklvqv().s[15]++;await truncate(commentModel);cov_2n6sjklvqv().s[16]++;requester.close();cov_2n6sjklvqv().s[17]++;console.log(\"Test Ended\");",
              "err": {},
              "uuid": "df626404-d89a-4421-be59-0093f3b857ce",
              "parentUUID": "4fa0c289-c1db-45af-a39d-bd814c03a080",
              "isHook": true,
              "skipped": false
            }
          ],
          "tests": [],
          "suites": [
            {
              "uuid": "ebea0abb-f8d3-475f-aad9-5f5756154350",
              "title": "POST /comments/new-comment",
              "fullFile": "/home/tareqzeadeh/Desktop/My folders/node-project/node-task/tests/commentRoutes/addComment.spec.js",
              "file": "/tests/commentRoutes/addComment.spec.js",
              "beforeHooks": [],
              "afterHooks": [],
              "tests": [
                {
                  "title": "should POST (add) a new comment on the post with the givin id's",
                  "fullTitle": "POST /comments/new-comment POST /comments/new-comment should POST (add) a new comment on the post with the givin id's",
                  "timedOut": false,
                  "duration": 10,
                  "state": "passed",
                  "speed": "fast",
                  "pass": true,
                  "fail": false,
                  "pending": false,
                  "context": null,
                  "code": "cov_2n6sjklvqv().f[4]++;const res=(cov_2n6sjklvqv().s[20]++,await requester.post(\"/comments/new-comment\").set({Authorization:\"Bearer \"+firstUserJwtToken}).send({userId:secondUser.id,postId:firstPost.id,body:\"Hi, your welcome here\"}));cov_2n6sjklvqv().s[21]++;res.body.should.be.a(\"object\");cov_2n6sjklvqv().s[22]++;res.body.should.have.property(\"id\",1);cov_2n6sjklvqv().s[23]++;res.body.should.have.property(\"userId\",secondUser.id);cov_2n6sjklvqv().s[24]++;res.body.should.have.property(\"postId\",firstPost.id);cov_2n6sjklvqv().s[25]++;res.body.should.have.property(\"body\",\"Hi, your welcome here\");",
                  "err": {},
                  "uuid": "34376b82-f212-44d1-a8a1-928bfee19e69",
                  "parentUUID": "ebea0abb-f8d3-475f-aad9-5f5756154350",
                  "isHook": false,
                  "skipped": false
                }
              ],
              "suites": [],
              "passes": [
                "34376b82-f212-44d1-a8a1-928bfee19e69"
              ],
              "failures": [],
              "pending": [],
              "skipped": [],
              "duration": 10,
              "root": false,
              "rootEmpty": false,
              "_timeout": 50000
            },
            {
              "uuid": "00b81756-acd1-4dd4-83f1-b8619bc442ed",
              "title": "POST /comments/new-comment",
              "fullFile": "/home/tareqzeadeh/Desktop/My folders/node-project/node-task/tests/commentRoutes/addComment.spec.js",
              "file": "/tests/commentRoutes/addComment.spec.js",
              "beforeHooks": [],
              "afterHooks": [],
              "tests": [
                {
                  "title": "should return a 404 code if the new comment data have missing fields",
                  "fullTitle": "POST /comments/new-comment POST /comments/new-comment should return a 404 code if the new comment data have missing fields",
                  "timedOut": false,
                  "duration": 3,
                  "state": "passed",
                  "speed": "fast",
                  "pass": true,
                  "fail": false,
                  "pending": false,
                  "context": null,
                  "code": "cov_2n6sjklvqv().f[6]++;const res=(cov_2n6sjklvqv().s[28]++,await requester.post(\"/comments/new-comment\").set({Authorization:\"Bearer \"+firstUserJwtToken}).send({userId:secondUser.id,postId:firstPost.id}));cov_2n6sjklvqv().s[29]++;res.should.have.status(404);cov_2n6sjklvqv().s[30]++;res.body.message.should.equal(\"Something went wrong\");",
                  "err": {},
                  "uuid": "36cee9d7-d1bf-4d5b-b5ec-8e454b4edb46",
                  "parentUUID": "00b81756-acd1-4dd4-83f1-b8619bc442ed",
                  "isHook": false,
                  "skipped": false
                }
              ],
              "suites": [],
              "passes": [
                "36cee9d7-d1bf-4d5b-b5ec-8e454b4edb46"
              ],
              "failures": [],
              "pending": [],
              "skipped": [],
              "duration": 3,
              "root": false,
              "rootEmpty": false,
              "_timeout": 50000
            }
          ],
          "passes": [],
          "failures": [],
          "pending": [],
          "skipped": [],
          "duration": 0,
          "root": false,
          "rootEmpty": false,
          "_timeout": 50000
        },
        {
          "uuid": "65528b42-489d-4952-994b-448480a24adc",
          "title": "GET /comments",
          "fullFile": "/home/tareqzeadeh/Desktop/My folders/node-project/node-task/tests/commentRoutes/allComments.spec.js",
          "file": "/tests/commentRoutes/allComments.spec.js",
          "beforeHooks": [
            {
              "title": "\"before all\" hook in \"GET /comments\"",
              "fullTitle": "GET /comments \"before all\" hook in \"GET /comments\"",
              "timedOut": false,
              "duration": 134,
              "state": null,
              "speed": null,
              "pass": false,
              "fail": false,
              "pending": false,
              "context": null,
              "code": "cov_2ar3qpo83r().f[1]++;cov_2ar3qpo83r().s[4]++;firstUserJwtToken=await signUp({name:\"Tareq Zeadeh\",email:\"Tareq@email.com\",password:\"Tareq\",role:\"Admin\"});cov_2ar3qpo83r().s[5]++;firstUser=jwt.decode(firstUserJwtToken);cov_2ar3qpo83r().s[6]++;secondUserJwtToken=await signUp({name:\"Odai Zeadeh\",email:\"Odai@email.com\",password:\"Odai\",role:\"User\"});cov_2ar3qpo83r().s[7]++;secondUser=jwt.decode(secondUserJwtToken);cov_2ar3qpo83r().s[8]++;firstPost=await postModel.create({userId:firstUser.id,body:\"Hi, Im new here\"});cov_2ar3qpo83r().s[9]++;secondPost=await postModel.create({userId:secondUser.id,body:\"Hallo all\"});cov_2ar3qpo83r().s[10]++;firstComment=await commentModel.create({userId:secondUser.id,postId:firstPost.id,body:\"Hi, your welcome\"});cov_2ar3qpo83r().s[11]++;secondComment=await commentModel.create({userId:secondUser.id,postId:firstPost.id,body:\"Hope you enjoy with us\"});cov_2ar3qpo83r().s[12]++;requester=chai.request(app).keepOpen();cov_2ar3qpo83r().s[13]++;console.log(\"Test Started\");",
              "err": {},
              "uuid": "e21c25f2-03ea-498b-ae8c-08ce32369705",
              "parentUUID": "65528b42-489d-4952-994b-448480a24adc",
              "isHook": true,
              "skipped": false
            }
          ],
          "afterHooks": [
            {
              "title": "\"after all\" hook in \"GET /comments\"",
              "fullTitle": "GET /comments \"after all\" hook in \"GET /comments\"",
              "timedOut": false,
              "duration": 80,
              "state": null,
              "speed": null,
              "pass": false,
              "fail": false,
              "pending": false,
              "context": null,
              "code": "cov_2ar3qpo83r().f[2]++;cov_2ar3qpo83r().s[15]++;await truncate(userModel);cov_2ar3qpo83r().s[16]++;await truncate(postModel);cov_2ar3qpo83r().s[17]++;await truncate(commentModel);cov_2ar3qpo83r().s[18]++;requester.close();cov_2ar3qpo83r().s[19]++;console.log(\"Test Ended\");",
              "err": {},
              "uuid": "98c23a53-0bac-4601-a5f8-a0e02c7d16c4",
              "parentUUID": "65528b42-489d-4952-994b-448480a24adc",
              "isHook": true,
              "skipped": false
            }
          ],
          "tests": [],
          "suites": [
            {
              "uuid": "d932217b-89f5-4728-8afd-84d6131b05a4",
              "title": "GET /comments",
              "fullFile": "/home/tareqzeadeh/Desktop/My folders/node-project/node-task/tests/commentRoutes/allComments.spec.js",
              "file": "/tests/commentRoutes/allComments.spec.js",
              "beforeHooks": [],
              "afterHooks": [],
              "tests": [
                {
                  "title": "should GET all the comments in the database",
                  "fullTitle": "GET /comments GET /comments should GET all the comments in the database",
                  "timedOut": false,
                  "duration": 13,
                  "state": "passed",
                  "speed": "fast",
                  "pass": true,
                  "fail": false,
                  "pending": false,
                  "context": null,
                  "code": "cov_2ar3qpo83r().f[4]++;const res=(cov_2ar3qpo83r().s[22]++,await requester.get(\"/comments\").set({Authorization:\"Bearer \"+firstUserJwtToken}));cov_2ar3qpo83r().s[23]++;res.body.should.be.a(\"array\");cov_2ar3qpo83r().s[24]++;res.body.length.should.equal(2);",
                  "err": {},
                  "uuid": "9c51ec9a-b00d-4964-98bb-6f3cf51526be",
                  "parentUUID": "d932217b-89f5-4728-8afd-84d6131b05a4",
                  "isHook": false,
                  "skipped": false
                }
              ],
              "suites": [],
              "passes": [
                "9c51ec9a-b00d-4964-98bb-6f3cf51526be"
              ],
              "failures": [],
              "pending": [],
              "skipped": [],
              "duration": 13,
              "root": false,
              "rootEmpty": false,
              "_timeout": 50000
            },
            {
              "uuid": "260ed097-fea6-4e4d-a7ae-55d51c597d37",
              "title": "GET /comments",
              "fullFile": "/home/tareqzeadeh/Desktop/My folders/node-project/node-task/tests/commentRoutes/allComments.spec.js",
              "file": "/tests/commentRoutes/allComments.spec.js",
              "beforeHooks": [],
              "afterHooks": [],
              "tests": [
                {
                  "title": "should return 404 code if no comments in the database",
                  "fullTitle": "GET /comments GET /comments should return 404 code if no comments in the database",
                  "timedOut": false,
                  "duration": 53,
                  "state": "passed",
                  "speed": "medium",
                  "pass": true,
                  "fail": false,
                  "pending": false,
                  "context": null,
                  "code": "cov_2ar3qpo83r().f[6]++;cov_2ar3qpo83r().s[27]++;await truncate(commentModel);const res=(cov_2ar3qpo83r().s[28]++,await requester.get(\"/comments\").set({Authorization:\"Bearer \"+firstUserJwtToken}));cov_2ar3qpo83r().s[29]++;res.should.have.status(404);cov_2ar3qpo83r().s[30]++;res.body.should.be.a(\"object\");cov_2ar3qpo83r().s[31]++;res.body.message.should.equal(\"No Comments Found\");",
                  "err": {},
                  "uuid": "61bc64a0-8a2b-4b45-a751-ad8e63d13caf",
                  "parentUUID": "260ed097-fea6-4e4d-a7ae-55d51c597d37",
                  "isHook": false,
                  "skipped": false
                }
              ],
              "suites": [],
              "passes": [
                "61bc64a0-8a2b-4b45-a751-ad8e63d13caf"
              ],
              "failures": [],
              "pending": [],
              "skipped": [],
              "duration": 53,
              "root": false,
              "rootEmpty": false,
              "_timeout": 50000
            }
          ],
          "passes": [],
          "failures": [],
          "pending": [],
          "skipped": [],
          "duration": 0,
          "root": false,
          "rootEmpty": false,
          "_timeout": 50000
        },
        {
          "uuid": "f1db8415-4d6a-445d-bcd4-ab32093fe6dc",
          "title": "GET /comments/all-user-comments",
          "fullFile": "/home/tareqzeadeh/Desktop/My folders/node-project/node-task/tests/commentRoutes/allUserComments.spec.js",
          "file": "/tests/commentRoutes/allUserComments.spec.js",
          "beforeHooks": [
            {
              "title": "\"before all\" hook in \"GET /comments/all-user-comments\"",
              "fullTitle": "GET /comments/all-user-comments \"before all\" hook in \"GET /comments/all-user-comments\"",
              "timedOut": false,
              "duration": 131,
              "state": null,
              "speed": null,
              "pass": false,
              "fail": false,
              "pending": false,
              "context": null,
              "code": "cov_1qy8s03e6g().f[1]++;cov_1qy8s03e6g().s[4]++;firstUserJwtToken=await signUp({name:\"Tareq Zeadeh\",email:\"Tareq@email.com\",password:\"Tareq\",role:\"Admin\"});cov_1qy8s03e6g().s[5]++;firstUser=jwt.decode(firstUserJwtToken);cov_1qy8s03e6g().s[6]++;secondUserJwtToken=await signUp({name:\"Odai Zeadeh\",email:\"Odai@email.com\",password:\"Odai\",role:\"User\"});cov_1qy8s03e6g().s[7]++;secondUser=jwt.decode(secondUserJwtToken);cov_1qy8s03e6g().s[8]++;firstPost=await postModel.create({userId:firstUser.id,body:\"Hi, Im new here\"});cov_1qy8s03e6g().s[9]++;secondPost=await postModel.create({userId:secondUser.id,body:\"Hallo all\"});cov_1qy8s03e6g().s[10]++;firstComment=await commentModel.create({userId:secondUser.id,postId:firstPost.id,body:\"Hi, your welcome\"});cov_1qy8s03e6g().s[11]++;secondComment=await commentModel.create({userId:secondUser.id,postId:firstPost.id,body:\"Hope you enjoy with us\"});cov_1qy8s03e6g().s[12]++;requester=chai.request(app).keepOpen();cov_1qy8s03e6g().s[13]++;console.log(\"Test Started\");",
              "err": {},
              "uuid": "ee2e5339-500b-4993-8d9d-3ea9c9e90e0c",
              "parentUUID": "f1db8415-4d6a-445d-bcd4-ab32093fe6dc",
              "isHook": true,
              "skipped": false
            }
          ],
          "afterHooks": [
            {
              "title": "\"after all\" hook in \"GET /comments/all-user-comments\"",
              "fullTitle": "GET /comments/all-user-comments \"after all\" hook in \"GET /comments/all-user-comments\"",
              "timedOut": false,
              "duration": 58,
              "state": null,
              "speed": null,
              "pass": false,
              "fail": false,
              "pending": false,
              "context": null,
              "code": "cov_1qy8s03e6g().f[2]++;cov_1qy8s03e6g().s[15]++;await truncate(userModel);cov_1qy8s03e6g().s[16]++;await truncate(postModel);cov_1qy8s03e6g().s[17]++;await truncate(commentModel);cov_1qy8s03e6g().s[18]++;requester.close();cov_1qy8s03e6g().s[19]++;console.log(\"Test Ended\");",
              "err": {},
              "uuid": "caf15ca1-4300-4002-9832-c824d56484f1",
              "parentUUID": "f1db8415-4d6a-445d-bcd4-ab32093fe6dc",
              "isHook": true,
              "skipped": false
            }
          ],
          "tests": [],
          "suites": [
            {
              "uuid": "33f6b5ce-6cd1-4c60-9b2b-6edad9f56cd6",
              "title": "GET /comments/all-user-comments",
              "fullFile": "/home/tareqzeadeh/Desktop/My folders/node-project/node-task/tests/commentRoutes/allUserComments.spec.js",
              "file": "/tests/commentRoutes/allUserComments.spec.js",
              "beforeHooks": [],
              "afterHooks": [],
              "tests": [
                {
                  "title": "should GET the all comments for a user with the givin userId from the database",
                  "fullTitle": "GET /comments/all-user-comments GET /comments/all-user-comments should GET the all comments for a user with the givin userId from the database",
                  "timedOut": false,
                  "duration": 5,
                  "state": "passed",
                  "speed": "fast",
                  "pass": true,
                  "fail": false,
                  "pending": false,
                  "context": null,
                  "code": "cov_1qy8s03e6g().f[4]++;const res=(cov_1qy8s03e6g().s[22]++,await requester.get(\"/comments/all-user-comments\").set({Authorization:\"Bearer \"+firstUserJwtToken}).send({userId:secondUser.id}));cov_1qy8s03e6g().s[23]++;res.body.should.be.a(\"array\");cov_1qy8s03e6g().s[24]++;res.body.length.should.equal(2);cov_1qy8s03e6g().s[25]++;res.body[1].should.have.property(\"id\",firstComment.id);cov_1qy8s03e6g().s[26]++;res.body[1].should.have.property(\"userId\",secondUser.id);cov_1qy8s03e6g().s[27]++;res.body[1].should.have.property(\"postId\",firstPost.id);cov_1qy8s03e6g().s[28]++;res.body[1].should.have.property(\"body\",firstComment.body);",
                  "err": {},
                  "uuid": "d9240eb8-1c45-434e-9367-d18566b8373e",
                  "parentUUID": "33f6b5ce-6cd1-4c60-9b2b-6edad9f56cd6",
                  "isHook": false,
                  "skipped": false
                }
              ],
              "suites": [],
              "passes": [
                "d9240eb8-1c45-434e-9367-d18566b8373e"
              ],
              "failures": [],
              "pending": [],
              "skipped": [],
              "duration": 5,
              "root": false,
              "rootEmpty": false,
              "_timeout": 50000
            },
            {
              "uuid": "ac68ce92-0b22-4281-9006-fe492a0162fe",
              "title": "GET /comments/all-user-comments",
              "fullFile": "/home/tareqzeadeh/Desktop/My folders/node-project/node-task/tests/commentRoutes/allUserComments.spec.js",
              "file": "/tests/commentRoutes/allUserComments.spec.js",
              "beforeHooks": [],
              "afterHooks": [],
              "tests": [
                {
                  "title": "should return 404 code if no user with the givin id in the database",
                  "fullTitle": "GET /comments/all-user-comments GET /comments/all-user-comments should return 404 code if no user with the givin id in the database",
                  "timedOut": false,
                  "duration": 2,
                  "state": "passed",
                  "speed": "fast",
                  "pass": true,
                  "fail": false,
                  "pending": false,
                  "context": null,
                  "code": "cov_1qy8s03e6g().f[6]++;const res=(cov_1qy8s03e6g().s[31]++,await requester.get(\"/comments/all-user-comments\").set({Authorization:\"Bearer \"+firstUserJwtToken}).send({userId:3}));cov_1qy8s03e6g().s[32]++;res.should.have.status(404);cov_1qy8s03e6g().s[33]++;res.body.should.be.a(\"object\");cov_1qy8s03e6g().s[34]++;res.body.message.should.equal(\"User Not Found\");",
                  "err": {},
                  "uuid": "5409d76b-ad59-4007-969f-dd8eb0544cc6",
                  "parentUUID": "ac68ce92-0b22-4281-9006-fe492a0162fe",
                  "isHook": false,
                  "skipped": false
                },
                {
                  "title": "should return 404 code if no comments for the user in the database",
                  "fullTitle": "GET /comments/all-user-comments GET /comments/all-user-comments should return 404 code if no comments for the user in the database",
                  "timedOut": false,
                  "duration": 17,
                  "state": "passed",
                  "speed": "fast",
                  "pass": true,
                  "fail": false,
                  "pending": false,
                  "context": null,
                  "code": "cov_1qy8s03e6g().f[7]++;cov_1qy8s03e6g().s[36]++;await truncate(commentModel);const res=(cov_1qy8s03e6g().s[37]++,await requester.get(\"/comments/all-user-comments\").set({Authorization:\"Bearer \"+firstUserJwtToken}).send({userId:secondUser.id}));cov_1qy8s03e6g().s[38]++;res.should.have.status(404);cov_1qy8s03e6g().s[39]++;res.body.should.be.a(\"object\");cov_1qy8s03e6g().s[40]++;res.body.message.should.equal(\"The user dont have comments\");",
                  "err": {},
                  "uuid": "80545468-a1c8-4a31-ad3b-3a987e09202f",
                  "parentUUID": "ac68ce92-0b22-4281-9006-fe492a0162fe",
                  "isHook": false,
                  "skipped": false
                }
              ],
              "suites": [],
              "passes": [
                "5409d76b-ad59-4007-969f-dd8eb0544cc6",
                "80545468-a1c8-4a31-ad3b-3a987e09202f"
              ],
              "failures": [],
              "pending": [],
              "skipped": [],
              "duration": 19,
              "root": false,
              "rootEmpty": false,
              "_timeout": 50000
            }
          ],
          "passes": [],
          "failures": [],
          "pending": [],
          "skipped": [],
          "duration": 0,
          "root": false,
          "rootEmpty": false,
          "_timeout": 50000
        },
        {
          "uuid": "cef2be3a-a73c-481f-94a9-6ea5e8519f2b",
          "title": "DELETE /comments/delete-comment",
          "fullFile": "/home/tareqzeadeh/Desktop/My folders/node-project/node-task/tests/commentRoutes/deleteAllUserCommentfromPost.spec.js",
          "file": "/tests/commentRoutes/deleteAllUserCommentfromPost.spec.js",
          "beforeHooks": [
            {
              "title": "\"before all\" hook in \"DELETE /comments/delete-comment\"",
              "fullTitle": "DELETE /comments/delete-comment \"before all\" hook in \"DELETE /comments/delete-comment\"",
              "timedOut": false,
              "duration": 137,
              "state": null,
              "speed": null,
              "pass": false,
              "fail": false,
              "pending": false,
              "context": null,
              "code": "cov_1h13btz8nn().f[1]++;cov_1h13btz8nn().s[4]++;firstUserJwtToken=await signUp({name:\"Tareq Zeadeh\",email:\"Tareq@email.com\",password:\"Tareq\",role:\"Admin\"});cov_1h13btz8nn().s[5]++;firstUser=jwt.decode(firstUserJwtToken);cov_1h13btz8nn().s[6]++;secondUserJwtToken=await signUp({name:\"Odai Zeadeh\",email:\"Odai@email.com\",password:\"Odai\",role:\"User\"});cov_1h13btz8nn().s[7]++;secondUser=jwt.decode(secondUserJwtToken);cov_1h13btz8nn().s[8]++;firstPost=await postModel.create({userId:firstUser.id,body:\"Hi, Im new here\"});cov_1h13btz8nn().s[9]++;secondPost=await postModel.create({userId:secondUser.id,body:\"Hallo all\"});cov_1h13btz8nn().s[10]++;firstComment=await commentModel.create({userId:secondUser.id,postId:firstPost.id,body:\"Hi\"});cov_1h13btz8nn().s[11]++;secondComment=await commentModel.create({userId:secondUser.id,postId:firstPost.id,body:\"Hi\"});cov_1h13btz8nn().s[12]++;requester=chai.request(app).keepOpen();cov_1h13btz8nn().s[13]++;console.log(\"Test Started\");",
              "err": {},
              "uuid": "9190a5aa-236c-4aee-bad6-8edd2abd6683",
              "parentUUID": "cef2be3a-a73c-481f-94a9-6ea5e8519f2b",
              "isHook": true,
              "skipped": false
            }
          ],
          "afterHooks": [
            {
              "title": "\"after all\" hook in \"DELETE /comments/delete-comment\"",
              "fullTitle": "DELETE /comments/delete-comment \"after all\" hook in \"DELETE /comments/delete-comment\"",
              "timedOut": false,
              "duration": 70,
              "state": null,
              "speed": null,
              "pass": false,
              "fail": false,
              "pending": false,
              "context": null,
              "code": "cov_1h13btz8nn().f[2]++;cov_1h13btz8nn().s[15]++;await truncate(userModel);cov_1h13btz8nn().s[16]++;await truncate(postModel);cov_1h13btz8nn().s[17]++;await truncate(commentModel);cov_1h13btz8nn().s[18]++;requester.close();cov_1h13btz8nn().s[19]++;console.log(\"Test Ended\");",
              "err": {},
              "uuid": "b4f4551d-1157-4e0a-a833-c015f1872d8d",
              "parentUUID": "cef2be3a-a73c-481f-94a9-6ea5e8519f2b",
              "isHook": true,
              "skipped": false
            }
          ],
          "tests": [],
          "suites": [
            {
              "uuid": "1524f726-cc9f-4182-b746-98ab8e1b9864",
              "title": "DELETE /comments/delete-all-comments-from-post",
              "fullFile": "/home/tareqzeadeh/Desktop/My folders/node-project/node-task/tests/commentRoutes/deleteAllUserCommentfromPost.spec.js",
              "file": "/tests/commentRoutes/deleteAllUserCommentfromPost.spec.js",
              "beforeHooks": [],
              "afterHooks": [],
              "tests": [
                {
                  "title": "should DELETE a comment with the givin id",
                  "fullTitle": "DELETE /comments/delete-comment DELETE /comments/delete-all-comments-from-post should DELETE a comment with the givin id",
                  "timedOut": false,
                  "duration": 3,
                  "state": "passed",
                  "speed": "fast",
                  "pass": true,
                  "fail": false,
                  "pending": false,
                  "context": null,
                  "code": "cov_1h13btz8nn().f[4]++;const res=(cov_1h13btz8nn().s[22]++,await requester.delete(\"/comments/delete-all-comments-from-post\").set({Authorization:\"Bearer \"+firstUserJwtToken}).send({userId:secondUser.id,postId:firstPost.id}));cov_1h13btz8nn().s[23]++;res.should.have.status(200);cov_1h13btz8nn().s[24]++;res.body.message.should.equal(\"All comments successfully deleted\");",
                  "err": {},
                  "uuid": "3d08da3b-36c4-4ceb-9761-5eefbb8c9c39",
                  "parentUUID": "1524f726-cc9f-4182-b746-98ab8e1b9864",
                  "isHook": false,
                  "skipped": false
                }
              ],
              "suites": [],
              "passes": [
                "3d08da3b-36c4-4ceb-9761-5eefbb8c9c39"
              ],
              "failures": [],
              "pending": [],
              "skipped": [],
              "duration": 3,
              "root": false,
              "rootEmpty": false,
              "_timeout": 50000
            },
            {
              "uuid": "0c86761e-0402-4398-8ec3-07704aa510b1",
              "title": "DELETE /comments/delete-all-comments-from-post",
              "fullFile": "/home/tareqzeadeh/Desktop/My folders/node-project/node-task/tests/commentRoutes/deleteAllUserCommentfromPost.spec.js",
              "file": "/tests/commentRoutes/deleteAllUserCommentfromPost.spec.js",
              "beforeHooks": [],
              "afterHooks": [],
              "tests": [
                {
                  "title": "should return 404 code if the deleted comment has missing fields",
                  "fullTitle": "DELETE /comments/delete-comment DELETE /comments/delete-all-comments-from-post should return 404 code if the deleted comment has missing fields",
                  "timedOut": false,
                  "duration": 2,
                  "state": "passed",
                  "speed": "fast",
                  "pass": true,
                  "fail": false,
                  "pending": false,
                  "context": null,
                  "code": "cov_1h13btz8nn().f[6]++;const res=(cov_1h13btz8nn().s[27]++,await requester.delete(\"/comments/delete-all-comments-from-post\").set({Authorization:\"Bearer \"+firstUserJwtToken}).send({userId:secondUser.id}));cov_1h13btz8nn().s[28]++;res.should.have.status(404);cov_1h13btz8nn().s[29]++;res.body.message.should.equal(\"Something went wrong\");const allPostComments=(cov_1h13btz8nn().s[30]++,await commentModel.findAll({where:{postId:firstPost.id}}));cov_1h13btz8nn().s[31]++;allPostComments.length.should.equal(0);",
                  "err": {},
                  "uuid": "fac6b299-07d9-49b8-9f0d-4b55741a39eb",
                  "parentUUID": "0c86761e-0402-4398-8ec3-07704aa510b1",
                  "isHook": false,
                  "skipped": false
                },
                {
                  "title": "should return 404 code if the comment not found in database",
                  "fullTitle": "DELETE /comments/delete-comment DELETE /comments/delete-all-comments-from-post should return 404 code if the comment not found in database",
                  "timedOut": false,
                  "duration": 43,
                  "state": "passed",
                  "speed": "medium",
                  "pass": true,
                  "fail": false,
                  "pending": false,
                  "context": null,
                  "code": "cov_1h13btz8nn().f[7]++;cov_1h13btz8nn().s[33]++;await truncate(commentModel);const res=(cov_1h13btz8nn().s[34]++,await requester.delete(\"/comments/delete-all-comments-from-post\").set({Authorization:\"Bearer \"+firstUserJwtToken}).send({userId:secondUser.id,postId:firstPost.id}));cov_1h13btz8nn().s[35]++;res.should.have.status(404);cov_1h13btz8nn().s[36]++;res.body.message.should.equal(\"The user dont have comments on the specified post\");",
                  "err": {},
                  "uuid": "01788b35-7d2d-4925-b1b1-ffcc2c596f96",
                  "parentUUID": "0c86761e-0402-4398-8ec3-07704aa510b1",
                  "isHook": false,
                  "skipped": false
                }
              ],
              "suites": [],
              "passes": [
                "fac6b299-07d9-49b8-9f0d-4b55741a39eb",
                "01788b35-7d2d-4925-b1b1-ffcc2c596f96"
              ],
              "failures": [],
              "pending": [],
              "skipped": [],
              "duration": 45,
              "root": false,
              "rootEmpty": false,
              "_timeout": 50000
            }
          ],
          "passes": [],
          "failures": [],
          "pending": [],
          "skipped": [],
          "duration": 0,
          "root": false,
          "rootEmpty": false,
          "_timeout": 50000
        },
        {
          "uuid": "4a1507eb-2072-4001-8fc5-2e46bfea541b",
          "title": "DELETE /comments/delete-comment",
          "fullFile": "/home/tareqzeadeh/Desktop/My folders/node-project/node-task/tests/commentRoutes/deleteAllUserComments.spec.js",
          "file": "/tests/commentRoutes/deleteAllUserComments.spec.js",
          "beforeHooks": [
            {
              "title": "\"before all\" hook in \"DELETE /comments/delete-comment\"",
              "fullTitle": "DELETE /comments/delete-comment \"before all\" hook in \"DELETE /comments/delete-comment\"",
              "timedOut": false,
              "duration": 161,
              "state": null,
              "speed": null,
              "pass": false,
              "fail": false,
              "pending": false,
              "context": null,
              "code": "cov_1r4cmu0h9h().f[1]++;cov_1r4cmu0h9h().s[4]++;firstUserJwtToken=await signUp({name:\"Tareq Zeadeh\",email:\"Tareq@email.com\",password:\"Tareq\",role:\"Admin\"});cov_1r4cmu0h9h().s[5]++;firstUser=jwt.decode(firstUserJwtToken);cov_1r4cmu0h9h().s[6]++;secondUserJwtToken=await signUp({name:\"Odai Zeadeh\",email:\"Odai@email.com\",password:\"Odai\",role:\"User\"});cov_1r4cmu0h9h().s[7]++;secondUser=jwt.decode(secondUserJwtToken);cov_1r4cmu0h9h().s[8]++;firstPost=await postModel.create({userId:firstUser.id,body:\"Hi, Im new here\"});cov_1r4cmu0h9h().s[9]++;secondPost=await postModel.create({userId:secondUser.id,body:\"Hallo all\"});cov_1r4cmu0h9h().s[10]++;firstComment=await commentModel.create({userId:secondUser.id,postId:firstPost.id,body:\"Hi\"});cov_1r4cmu0h9h().s[11]++;secondComment=await commentModel.create({userId:secondUser.id,postId:firstPost.id,body:\"Hi\"});cov_1r4cmu0h9h().s[12]++;requester=chai.request(app).keepOpen();cov_1r4cmu0h9h().s[13]++;console.log(\"Test Started\");",
              "err": {},
              "uuid": "9dbd0eef-c709-4fec-b283-107d36feed14",
              "parentUUID": "4a1507eb-2072-4001-8fc5-2e46bfea541b",
              "isHook": true,
              "skipped": false
            }
          ],
          "afterHooks": [
            {
              "title": "\"after all\" hook in \"DELETE /comments/delete-comment\"",
              "fullTitle": "DELETE /comments/delete-comment \"after all\" hook in \"DELETE /comments/delete-comment\"",
              "timedOut": false,
              "duration": 69,
              "state": null,
              "speed": null,
              "pass": false,
              "fail": false,
              "pending": false,
              "context": null,
              "code": "cov_1r4cmu0h9h().f[2]++;cov_1r4cmu0h9h().s[15]++;await truncate(userModel);cov_1r4cmu0h9h().s[16]++;await truncate(postModel);cov_1r4cmu0h9h().s[17]++;await truncate(commentModel);cov_1r4cmu0h9h().s[18]++;requester.close();cov_1r4cmu0h9h().s[19]++;console.log(\"Test Ended\");",
              "err": {},
              "uuid": "73369009-5a03-47b6-bd6a-2e5b35b69e6c",
              "parentUUID": "4a1507eb-2072-4001-8fc5-2e46bfea541b",
              "isHook": true,
              "skipped": false
            }
          ],
          "tests": [],
          "suites": [
            {
              "uuid": "ec9c2721-f8c7-463b-93df-90aa4cf01e32",
              "title": "DELETE /comments/delete-all-comments",
              "fullFile": "/home/tareqzeadeh/Desktop/My folders/node-project/node-task/tests/commentRoutes/deleteAllUserComments.spec.js",
              "file": "/tests/commentRoutes/deleteAllUserComments.spec.js",
              "beforeHooks": [],
              "afterHooks": [],
              "tests": [
                {
                  "title": "should DELETE a comments with the givin id",
                  "fullTitle": "DELETE /comments/delete-comment DELETE /comments/delete-all-comments should DELETE a comments with the givin id",
                  "timedOut": false,
                  "duration": 4,
                  "state": "passed",
                  "speed": "fast",
                  "pass": true,
                  "fail": false,
                  "pending": false,
                  "context": null,
                  "code": "cov_1r4cmu0h9h().f[4]++;const res=(cov_1r4cmu0h9h().s[22]++,await requester.delete(\"/comments/delete-all-comments\").set({Authorization:\"Bearer \"+firstUserJwtToken}).send({userId:secondUser.id}));cov_1r4cmu0h9h().s[23]++;res.should.have.status(200);cov_1r4cmu0h9h().s[24]++;res.body.message.should.equal(\"All comments successfully deleted\");",
                  "err": {},
                  "uuid": "6fd5632c-5e91-4520-ab1f-da4e70a4d434",
                  "parentUUID": "ec9c2721-f8c7-463b-93df-90aa4cf01e32",
                  "isHook": false,
                  "skipped": false
                }
              ],
              "suites": [],
              "passes": [
                "6fd5632c-5e91-4520-ab1f-da4e70a4d434"
              ],
              "failures": [],
              "pending": [],
              "skipped": [],
              "duration": 4,
              "root": false,
              "rootEmpty": false,
              "_timeout": 50000
            },
            {
              "uuid": "fa918e0d-703b-43e8-8004-df67f69000bc",
              "title": "DELETE /comments/delete-all-comments",
              "fullFile": "/home/tareqzeadeh/Desktop/My folders/node-project/node-task/tests/commentRoutes/deleteAllUserComments.spec.js",
              "file": "/tests/commentRoutes/deleteAllUserComments.spec.js",
              "beforeHooks": [],
              "afterHooks": [],
              "tests": [
                {
                  "title": "should return 404 code if the user not found in database",
                  "fullTitle": "DELETE /comments/delete-comment DELETE /comments/delete-all-comments should return 404 code if the user not found in database",
                  "timedOut": false,
                  "duration": 2,
                  "state": "passed",
                  "speed": "fast",
                  "pass": true,
                  "fail": false,
                  "pending": false,
                  "context": null,
                  "code": "cov_1r4cmu0h9h().f[6]++;const res=(cov_1r4cmu0h9h().s[27]++,await requester.delete(\"/comments/delete-all-comments\").set({Authorization:\"Bearer \"+firstUserJwtToken}).send({userId:3}));cov_1r4cmu0h9h().s[28]++;res.should.have.status(404);cov_1r4cmu0h9h().s[29]++;res.body.message.should.equal(\"User Not Found\");",
                  "err": {},
                  "uuid": "702e8113-1ca6-4c88-b45b-e2e1ff76f5e6",
                  "parentUUID": "fa918e0d-703b-43e8-8004-df67f69000bc",
                  "isHook": false,
                  "skipped": false
                },
                {
                  "title": "should return 404 code if the comments not found in database",
                  "fullTitle": "DELETE /comments/delete-comment DELETE /comments/delete-all-comments should return 404 code if the comments not found in database",
                  "timedOut": false,
                  "duration": 17,
                  "state": "passed",
                  "speed": "fast",
                  "pass": true,
                  "fail": false,
                  "pending": false,
                  "context": null,
                  "code": "cov_1r4cmu0h9h().f[7]++;cov_1r4cmu0h9h().s[31]++;await truncate(commentModel);const res=(cov_1r4cmu0h9h().s[32]++,await requester.delete(\"/comments/delete-all-comments\").set({Authorization:\"Bearer \"+firstUserJwtToken}).send({userId:secondUser.id}));cov_1r4cmu0h9h().s[33]++;res.should.have.status(404);cov_1r4cmu0h9h().s[34]++;res.body.message.should.equal(\"The user dont have comments\");",
                  "err": {},
                  "uuid": "c97a0281-eb2c-4ba8-8678-209a2ebb32db",
                  "parentUUID": "fa918e0d-703b-43e8-8004-df67f69000bc",
                  "isHook": false,
                  "skipped": false
                }
              ],
              "suites": [],
              "passes": [
                "702e8113-1ca6-4c88-b45b-e2e1ff76f5e6",
                "c97a0281-eb2c-4ba8-8678-209a2ebb32db"
              ],
              "failures": [],
              "pending": [],
              "skipped": [],
              "duration": 19,
              "root": false,
              "rootEmpty": false,
              "_timeout": 50000
            }
          ],
          "passes": [],
          "failures": [],
          "pending": [],
          "skipped": [],
          "duration": 0,
          "root": false,
          "rootEmpty": false,
          "_timeout": 50000
        },
        {
          "uuid": "90093b97-f438-4082-9a68-f55e3892ba7d",
          "title": "DELETE /comments/delete-comment",
          "fullFile": "/home/tareqzeadeh/Desktop/My folders/node-project/node-task/tests/commentRoutes/deleteComment.spec.js",
          "file": "/tests/commentRoutes/deleteComment.spec.js",
          "beforeHooks": [
            {
              "title": "\"before all\" hook in \"DELETE /comments/delete-comment\"",
              "fullTitle": "DELETE /comments/delete-comment \"before all\" hook in \"DELETE /comments/delete-comment\"",
              "timedOut": false,
              "duration": 151,
              "state": null,
              "speed": null,
              "pass": false,
              "fail": false,
              "pending": false,
              "context": null,
              "code": "cov_2k98fabbtf().f[1]++;cov_2k98fabbtf().s[4]++;firstUserJwtToken=await signUp({name:\"Tareq Zeadeh\",email:\"Tareq@email.com\",password:\"Tareq\",role:\"Admin\"});cov_2k98fabbtf().s[5]++;firstUser=jwt.decode(firstUserJwtToken);cov_2k98fabbtf().s[6]++;secondUserJwtToken=await signUp({name:\"Odai Zeadeh\",email:\"Odai@email.com\",password:\"Odai\",role:\"User\"});cov_2k98fabbtf().s[7]++;secondUser=jwt.decode(secondUserJwtToken);cov_2k98fabbtf().s[8]++;firstPost=await postModel.create({userId:firstUser.id,body:\"Hi, Im new here\"});cov_2k98fabbtf().s[9]++;secondPost=await postModel.create({userId:secondUser.id,body:\"Hallo all\"});cov_2k98fabbtf().s[10]++;firstComment=await commentModel.create({userId:secondUser.id,postId:firstPost.id,body:\"Hi\"});cov_2k98fabbtf().s[11]++;secondComment=await commentModel.create({userId:secondUser.id,postId:firstPost.id,body:\"Hi\"});cov_2k98fabbtf().s[12]++;requester=chai.request(app).keepOpen();cov_2k98fabbtf().s[13]++;console.log(\"Test Started\");",
              "err": {},
              "uuid": "acd05ac2-db57-45eb-a85b-7691c8ae49c0",
              "parentUUID": "90093b97-f438-4082-9a68-f55e3892ba7d",
              "isHook": true,
              "skipped": false
            }
          ],
          "afterHooks": [
            {
              "title": "\"after all\" hook in \"DELETE /comments/delete-comment\"",
              "fullTitle": "DELETE /comments/delete-comment \"after all\" hook in \"DELETE /comments/delete-comment\"",
              "timedOut": false,
              "duration": 94,
              "state": null,
              "speed": null,
              "pass": false,
              "fail": false,
              "pending": false,
              "context": null,
              "code": "cov_2k98fabbtf().f[2]++;cov_2k98fabbtf().s[15]++;await truncate(userModel);cov_2k98fabbtf().s[16]++;await truncate(postModel);cov_2k98fabbtf().s[17]++;await truncate(commentModel);cov_2k98fabbtf().s[18]++;requester.close();cov_2k98fabbtf().s[19]++;console.log(\"Test Ended\");",
              "err": {},
              "uuid": "284aebff-0047-4e6f-819b-ec09920f2415",
              "parentUUID": "90093b97-f438-4082-9a68-f55e3892ba7d",
              "isHook": true,
              "skipped": false
            }
          ],
          "tests": [],
          "suites": [
            {
              "uuid": "1e71684b-51dc-40b6-a55b-ffbbe8a3712b",
              "title": "DELETE /comments/delete-comment",
              "fullFile": "/home/tareqzeadeh/Desktop/My folders/node-project/node-task/tests/commentRoutes/deleteComment.spec.js",
              "file": "/tests/commentRoutes/deleteComment.spec.js",
              "beforeHooks": [],
              "afterHooks": [],
              "tests": [
                {
                  "title": "should DELETE a comment with the givin id",
                  "fullTitle": "DELETE /comments/delete-comment DELETE /comments/delete-comment should DELETE a comment with the givin id",
                  "timedOut": false,
                  "duration": 7,
                  "state": "passed",
                  "speed": "fast",
                  "pass": true,
                  "fail": false,
                  "pending": false,
                  "context": null,
                  "code": "cov_2k98fabbtf().f[4]++;const res=(cov_2k98fabbtf().s[22]++,await requester.delete(\"/comments/delete-comment\").set({Authorization:\"Bearer \"+firstUserJwtToken}).send({id:secondComment.id,userId:secondUser.id,postId:firstPost.id}));cov_2k98fabbtf().s[23]++;res.should.have.status(200);cov_2k98fabbtf().s[24]++;res.body.message.should.equal(\"Comment successfully deleted\");",
                  "err": {},
                  "uuid": "45754a1b-5ab1-49f0-90da-ea4c512ed719",
                  "parentUUID": "1e71684b-51dc-40b6-a55b-ffbbe8a3712b",
                  "isHook": false,
                  "skipped": false
                }
              ],
              "suites": [],
              "passes": [
                "45754a1b-5ab1-49f0-90da-ea4c512ed719"
              ],
              "failures": [],
              "pending": [],
              "skipped": [],
              "duration": 7,
              "root": false,
              "rootEmpty": false,
              "_timeout": 50000
            },
            {
              "uuid": "18e3542e-e44b-442a-9a7f-7fa59af86c24",
              "title": "DELETE /comments/delete-comment",
              "fullFile": "/home/tareqzeadeh/Desktop/My folders/node-project/node-task/tests/commentRoutes/deleteComment.spec.js",
              "file": "/tests/commentRoutes/deleteComment.spec.js",
              "beforeHooks": [],
              "afterHooks": [],
              "tests": [
                {
                  "title": "should return 404 code if the deleted comment has missing fields",
                  "fullTitle": "DELETE /comments/delete-comment DELETE /comments/delete-comment should return 404 code if the deleted comment has missing fields",
                  "timedOut": false,
                  "duration": 3,
                  "state": "passed",
                  "speed": "fast",
                  "pass": true,
                  "fail": false,
                  "pending": false,
                  "context": null,
                  "code": "cov_2k98fabbtf().f[6]++;const res=(cov_2k98fabbtf().s[27]++,await requester.delete(\"/comments/delete-comment\").set({Authorization:\"Bearer \"+firstUserJwtToken}).send({id:secondComment.id,userId:secondUser.id}));cov_2k98fabbtf().s[28]++;res.should.have.status(404);cov_2k98fabbtf().s[29]++;res.body.message.should.equal(\"Something went wrong\");",
                  "err": {},
                  "uuid": "19264a47-54db-40c0-a949-c0fe497216e1",
                  "parentUUID": "18e3542e-e44b-442a-9a7f-7fa59af86c24",
                  "isHook": false,
                  "skipped": false
                },
                {
                  "title": "should return 404 code if the comment not found in database",
                  "fullTitle": "DELETE /comments/delete-comment DELETE /comments/delete-comment should return 404 code if the comment not found in database",
                  "timedOut": false,
                  "duration": 4,
                  "state": "passed",
                  "speed": "fast",
                  "pass": true,
                  "fail": false,
                  "pending": false,
                  "context": null,
                  "code": "cov_2k98fabbtf().f[7]++;const res=(cov_2k98fabbtf().s[31]++,await requester.delete(\"/comments/delete-comment\").set({Authorization:\"Bearer \"+firstUserJwtToken}).send({id:3,userId:secondUser.id,postId:firstPost.id}));cov_2k98fabbtf().s[32]++;res.should.have.status(404);cov_2k98fabbtf().s[33]++;res.body.message.should.equal(\"Comment Not Found\");",
                  "err": {},
                  "uuid": "eee65bd8-c167-4c04-ba8d-979d5222d8a6",
                  "parentUUID": "18e3542e-e44b-442a-9a7f-7fa59af86c24",
                  "isHook": false,
                  "skipped": false
                }
              ],
              "suites": [],
              "passes": [
                "19264a47-54db-40c0-a949-c0fe497216e1",
                "eee65bd8-c167-4c04-ba8d-979d5222d8a6"
              ],
              "failures": [],
              "pending": [],
              "skipped": [],
              "duration": 7,
              "root": false,
              "rootEmpty": false,
              "_timeout": 50000
            }
          ],
          "passes": [],
          "failures": [],
          "pending": [],
          "skipped": [],
          "duration": 0,
          "root": false,
          "rootEmpty": false,
          "_timeout": 50000
        },
        {
          "uuid": "b41f5f0c-357f-40e4-a4ae-07930737e722",
          "title": "GET /comments/user-comment",
          "fullFile": "/home/tareqzeadeh/Desktop/My folders/node-project/node-task/tests/commentRoutes/oneComment.spec.js",
          "file": "/tests/commentRoutes/oneComment.spec.js",
          "beforeHooks": [
            {
              "title": "\"before all\" hook in \"GET /comments/user-comment\"",
              "fullTitle": "GET /comments/user-comment \"before all\" hook in \"GET /comments/user-comment\"",
              "timedOut": false,
              "duration": 147,
              "state": null,
              "speed": null,
              "pass": false,
              "fail": false,
              "pending": false,
              "context": null,
              "code": "cov_1rfc70q37().f[1]++;cov_1rfc70q37().s[4]++;firstUserJwtToken=await signUp({name:\"Tareq Zeadeh\",email:\"Tareq@email.com\",password:\"Tareq\",role:\"Admin\"});cov_1rfc70q37().s[5]++;firstUser=jwt.decode(firstUserJwtToken);cov_1rfc70q37().s[6]++;secondUserJwtToken=await signUp({name:\"Odai Zeadeh\",email:\"Odai@email.com\",password:\"Odai\",role:\"User\"});cov_1rfc70q37().s[7]++;secondUser=jwt.decode(secondUserJwtToken);cov_1rfc70q37().s[8]++;firstPost=await postModel.create({userId:firstUser.id,body:\"Hi, Im new here\"});cov_1rfc70q37().s[9]++;secondPost=await postModel.create({userId:secondUser.id,body:\"Hallo all\"});cov_1rfc70q37().s[10]++;firstComment=await commentModel.create({userId:secondUser.id,postId:firstPost.id,body:\"Hi, your welcome\"});cov_1rfc70q37().s[11]++;secondComment=await commentModel.create({userId:secondUser.id,postId:firstPost.id,body:\"Hope you enjoy with us\"});cov_1rfc70q37().s[12]++;requester=chai.request(app).keepOpen();cov_1rfc70q37().s[13]++;console.log(\"Test Started\");",
              "err": {},
              "uuid": "286c8e6d-d6d5-439a-bebc-a2bf8103dc83",
              "parentUUID": "b41f5f0c-357f-40e4-a4ae-07930737e722",
              "isHook": true,
              "skipped": false
            }
          ],
          "afterHooks": [
            {
              "title": "\"after all\" hook in \"GET /comments/user-comment\"",
              "fullTitle": "GET /comments/user-comment \"after all\" hook in \"GET /comments/user-comment\"",
              "timedOut": false,
              "duration": 75,
              "state": null,
              "speed": null,
              "pass": false,
              "fail": false,
              "pending": false,
              "context": null,
              "code": "cov_1rfc70q37().f[2]++;cov_1rfc70q37().s[15]++;await truncate(userModel);cov_1rfc70q37().s[16]++;await truncate(postModel);cov_1rfc70q37().s[17]++;await truncate(commentModel);cov_1rfc70q37().s[18]++;requester.close();cov_1rfc70q37().s[19]++;console.log(\"Test Ended\");",
              "err": {},
              "uuid": "e0b74a56-583e-4ffd-8abf-e1eba83579ff",
              "parentUUID": "b41f5f0c-357f-40e4-a4ae-07930737e722",
              "isHook": true,
              "skipped": false
            }
          ],
          "tests": [],
          "suites": [
            {
              "uuid": "a8fe75a8-42f3-4670-8d75-5ac5d2bd9bac",
              "title": "GET /comments/user-comment",
              "fullFile": "/home/tareqzeadeh/Desktop/My folders/node-project/node-task/tests/commentRoutes/oneComment.spec.js",
              "file": "/tests/commentRoutes/oneComment.spec.js",
              "beforeHooks": [],
              "afterHooks": [],
              "tests": [
                {
                  "title": "should GET the comments with specific  id, userId and postId from the database",
                  "fullTitle": "GET /comments/user-comment GET /comments/user-comment should GET the comments with specific  id, userId and postId from the database",
                  "timedOut": false,
                  "duration": 18,
                  "state": "passed",
                  "speed": "fast",
                  "pass": true,
                  "fail": false,
                  "pending": false,
                  "context": null,
                  "code": "cov_1rfc70q37().f[4]++;const res=(cov_1rfc70q37().s[22]++,await requester.get(\"/comments/user-comment\").set({Authorization:\"Bearer \"+firstUserJwtToken}).send({id:firstComment.id,userId:secondUser.id,postId:firstPost.id}));cov_1rfc70q37().s[23]++;res.body.should.be.a(\"object\");cov_1rfc70q37().s[24]++;res.body.should.have.property(\"id\",firstComment.id);cov_1rfc70q37().s[25]++;res.body.should.have.property(\"userId\",secondUser.id);cov_1rfc70q37().s[26]++;res.body.should.have.property(\"postId\",firstPost.id);cov_1rfc70q37().s[27]++;res.body.should.have.property(\"body\",firstComment.body);",
                  "err": {},
                  "uuid": "0842d064-861a-4dc2-aad5-6a0c0e876f93",
                  "parentUUID": "a8fe75a8-42f3-4670-8d75-5ac5d2bd9bac",
                  "isHook": false,
                  "skipped": false
                }
              ],
              "suites": [],
              "passes": [
                "0842d064-861a-4dc2-aad5-6a0c0e876f93"
              ],
              "failures": [],
              "pending": [],
              "skipped": [],
              "duration": 18,
              "root": false,
              "rootEmpty": false,
              "_timeout": 50000
            },
            {
              "uuid": "b1151d68-00b6-4609-a6bc-8b1e880ce10f",
              "title": "GET /comments/user-comment",
              "fullFile": "/home/tareqzeadeh/Desktop/My folders/node-project/node-task/tests/commentRoutes/oneComment.spec.js",
              "file": "/tests/commentRoutes/oneComment.spec.js",
              "beforeHooks": [],
              "afterHooks": [],
              "tests": [
                {
                  "title": "should return 404 code if comment data has some missing fields",
                  "fullTitle": "GET /comments/user-comment GET /comments/user-comment should return 404 code if comment data has some missing fields",
                  "timedOut": false,
                  "duration": 6,
                  "state": "passed",
                  "speed": "fast",
                  "pass": true,
                  "fail": false,
                  "pending": false,
                  "context": null,
                  "code": "cov_1rfc70q37().f[6]++;const res=(cov_1rfc70q37().s[30]++,await requester.get(\"/comments/user-comment\").set({Authorization:\"Bearer \"+firstUserJwtToken}).send({id:firstComment.id,userId:secondUser.id}));cov_1rfc70q37().s[31]++;res.should.have.status(404);cov_1rfc70q37().s[32]++;res.body.should.be.a(\"object\");cov_1rfc70q37().s[33]++;res.body.message.should.equal(\"Something went wrong\");",
                  "err": {},
                  "uuid": "e42fce0d-8200-4edf-a3b0-bcc97d75d30e",
                  "parentUUID": "b1151d68-00b6-4609-a6bc-8b1e880ce10f",
                  "isHook": false,
                  "skipped": false
                },
                {
                  "title": "should return 404 code if no user with the givin id in the database",
                  "fullTitle": "GET /comments/user-comment GET /comments/user-comment should return 404 code if no user with the givin id in the database",
                  "timedOut": false,
                  "duration": 7,
                  "state": "passed",
                  "speed": "fast",
                  "pass": true,
                  "fail": false,
                  "pending": false,
                  "context": null,
                  "code": "cov_1rfc70q37().f[7]++;const res=(cov_1rfc70q37().s[35]++,await requester.get(\"/comments/user-comment\").set({Authorization:\"Bearer \"+firstUserJwtToken}).send({id:firstComment.id,userId:3,postId:firstPost.id}));cov_1rfc70q37().s[36]++;res.should.have.status(404);cov_1rfc70q37().s[37]++;res.body.should.be.a(\"object\");cov_1rfc70q37().s[38]++;res.body.message.should.equal(\"User Not Found\");",
                  "err": {},
                  "uuid": "5417dc35-9fda-42e1-936e-93512475eb84",
                  "parentUUID": "b1151d68-00b6-4609-a6bc-8b1e880ce10f",
                  "isHook": false,
                  "skipped": false
                },
                {
                  "title": "should return 404 code if no post with the givin id in the database",
                  "fullTitle": "GET /comments/user-comment GET /comments/user-comment should return 404 code if no post with the givin id in the database",
                  "timedOut": false,
                  "duration": 6,
                  "state": "passed",
                  "speed": "fast",
                  "pass": true,
                  "fail": false,
                  "pending": false,
                  "context": null,
                  "code": "cov_1rfc70q37().f[8]++;const res=(cov_1rfc70q37().s[40]++,await requester.get(\"/comments/user-comment\").set({Authorization:\"Bearer \"+firstUserJwtToken}).send({id:firstComment.id,userId:secondUser.id,postId:3}));cov_1rfc70q37().s[41]++;res.should.have.status(404);cov_1rfc70q37().s[42]++;res.body.should.be.a(\"object\");cov_1rfc70q37().s[43]++;res.body.message.should.equal(\"Post Not Found Or Was Deleted\");",
                  "err": {},
                  "uuid": "05158d18-41e5-45c6-ae10-dbf0f401a6e3",
                  "parentUUID": "b1151d68-00b6-4609-a6bc-8b1e880ce10f",
                  "isHook": false,
                  "skipped": false
                },
                {
                  "title": "should return 404 code if no comment for the user on the post in the database",
                  "fullTitle": "GET /comments/user-comment GET /comments/user-comment should return 404 code if no comment for the user on the post in the database",
                  "timedOut": false,
                  "duration": 21,
                  "state": "passed",
                  "speed": "fast",
                  "pass": true,
                  "fail": false,
                  "pending": false,
                  "context": null,
                  "code": "cov_1rfc70q37().f[9]++;cov_1rfc70q37().s[45]++;await truncate(commentModel);const res=(cov_1rfc70q37().s[46]++,await requester.get(\"/comments/user-comment\").set({Authorization:\"Bearer \"+firstUserJwtToken}).send({id:firstComment.id,userId:secondUser.id,postId:firstPost.id}));cov_1rfc70q37().s[47]++;res.should.have.status(404);cov_1rfc70q37().s[48]++;res.body.should.be.a(\"object\");cov_1rfc70q37().s[49]++;res.body.message.should.equal(\"Comment Not Found\");",
                  "err": {},
                  "uuid": "284e6548-6dfa-4c38-b679-c88fb850d108",
                  "parentUUID": "b1151d68-00b6-4609-a6bc-8b1e880ce10f",
                  "isHook": false,
                  "skipped": false
                }
              ],
              "suites": [],
              "passes": [
                "e42fce0d-8200-4edf-a3b0-bcc97d75d30e",
                "5417dc35-9fda-42e1-936e-93512475eb84",
                "05158d18-41e5-45c6-ae10-dbf0f401a6e3",
                "284e6548-6dfa-4c38-b679-c88fb850d108"
              ],
              "failures": [],
              "pending": [],
              "skipped": [],
              "duration": 40,
              "root": false,
              "rootEmpty": false,
              "_timeout": 50000
            }
          ],
          "passes": [],
          "failures": [],
          "pending": [],
          "skipped": [],
          "duration": 0,
          "root": false,
          "rootEmpty": false,
          "_timeout": 50000
        },
        {
          "uuid": "51d6e35a-55a6-491d-b2fe-01701f82f9f4",
          "title": "PUT /comments/update-comment",
          "fullFile": "/home/tareqzeadeh/Desktop/My folders/node-project/node-task/tests/commentRoutes/updateComment.spec.js",
          "file": "/tests/commentRoutes/updateComment.spec.js",
          "beforeHooks": [
            {
              "title": "\"before all\" hook in \"PUT /comments/update-comment\"",
              "fullTitle": "PUT /comments/update-comment \"before all\" hook in \"PUT /comments/update-comment\"",
              "timedOut": false,
              "duration": 155,
              "state": null,
              "speed": null,
              "pass": false,
              "fail": false,
              "pending": false,
              "context": null,
              "code": "cov_1n95d4noh7().f[1]++;cov_1n95d4noh7().s[4]++;firstUserJwtToken=await signUp({name:\"Tareq Zeadeh\",email:\"Tareq@email.com\",password:\"Tareq\",role:\"Admin\"});cov_1n95d4noh7().s[5]++;firstUser=jwt.decode(firstUserJwtToken);cov_1n95d4noh7().s[6]++;secondUserJwtToken=await signUp({name:\"Odai Zeadeh\",email:\"Odai@email.com\",password:\"Odai\",role:\"User\"});cov_1n95d4noh7().s[7]++;secondUser=jwt.decode(secondUserJwtToken);cov_1n95d4noh7().s[8]++;firstPost=await postModel.create({userId:firstUser.id,body:\"Hi, Im new here\"});cov_1n95d4noh7().s[9]++;secondPost=await postModel.create({userId:secondUser.id,body:\"Hallo all\"});cov_1n95d4noh7().s[10]++;firstComment=await commentModel.create({userId:secondUser.id,postId:firstPost.id,body:\"Hi\"});cov_1n95d4noh7().s[11]++;requester=chai.request(app).keepOpen();cov_1n95d4noh7().s[12]++;console.log(\"Test Started\");",
              "err": {},
              "uuid": "5d3c49b7-07b4-40ca-a543-b7e634291ec5",
              "parentUUID": "51d6e35a-55a6-491d-b2fe-01701f82f9f4",
              "isHook": true,
              "skipped": false
            }
          ],
          "afterHooks": [
            {
              "title": "\"after all\" hook in \"PUT /comments/update-comment\"",
              "fullTitle": "PUT /comments/update-comment \"after all\" hook in \"PUT /comments/update-comment\"",
              "timedOut": false,
              "duration": 77,
              "state": null,
              "speed": null,
              "pass": false,
              "fail": false,
              "pending": false,
              "context": null,
              "code": "cov_1n95d4noh7().f[2]++;cov_1n95d4noh7().s[14]++;await truncate(userModel);cov_1n95d4noh7().s[15]++;await truncate(postModel);cov_1n95d4noh7().s[16]++;await truncate(commentModel);cov_1n95d4noh7().s[17]++;requester.close();cov_1n95d4noh7().s[18]++;console.log(\"Test Ended\");",
              "err": {},
              "uuid": "dd99fc87-3ae7-4d02-b9d8-6c50deedb03d",
              "parentUUID": "51d6e35a-55a6-491d-b2fe-01701f82f9f4",
              "isHook": true,
              "skipped": false
            }
          ],
          "tests": [],
          "suites": [
            {
              "uuid": "69a938cd-3310-4941-8953-cffaf23f940a",
[...]
              "speed": null,
              "pass": false,
              "fail": false,
              "pending": false,
              "context": null,
              "code": "cov_2nlxz1qyti().f[1]++;cov_2nlxz1qyti().s[4]++;firstUser={name:\"Tareq Zeadeh\",email:\"Tareq@email.com\",password:\"Tareq\",role:\"Admin\"};cov_2nlxz1qyti().s[5]++;secondUser={name:\"Hasan Zeadeh\",email:\"Hasan@email.com\",password:\"Hasan\",role:\"User\"};cov_2nlxz1qyti().s[6]++;requester=chai.request(app).keepOpen();cov_2nlxz1qyti().s[7]++;console.log(\"Test Started\");cov_2nlxz1qyti().s[8]++;firstUserJwtToken=await signUp(firstUser);cov_2nlxz1qyti().s[9]++;secondUserJwtToken=await signUp(secondUser);// console.log(`firstUserJwtToken: ${firstUserJwtToken} , secondUserJwtToken: ${secondUserJwtToken}`)",
              "err": {},
              "uuid": "59285574-9586-41bf-b66d-1003d2d12c7c",
              "parentUUID": "a4186714-d75f-4a25-a375-6f40c9438043",
              "isHook": true,
              "skipped": false
            }
          ],
          "afterHooks": [
            {
              "title": "\"after all\" hook in \"DELETE /users/delete-user\"",
              "fullTitle": "DELETE /users/delete-user \"after all\" hook in \"DELETE /users/delete-user\"",
              "timedOut": false,
              "duration": 26,
              "state": null,
              "speed": null,
              "pass": false,
              "fail": false,
              "pending": false,
              "context": null,
              "code": "cov_2nlxz1qyti().f[2]++;cov_2nlxz1qyti().s[11]++;await truncate(userModel);cov_2nlxz1qyti().s[12]++;requester.close();cov_2nlxz1qyti().s[13]++;console.log(\"Test Ended\");",
              "err": {},
              "uuid": "94d041d2-5cb5-4332-8be7-3710ce9082f3",
              "parentUUID": "a4186714-d75f-4a25-a375-6f40c9438043",
              "isHook": true,
              "skipped": false
            }
          ],
          "tests": [],
          "suites": [
            {
              "uuid": "5a455cc2-bee1-4fa0-ad4e-9882d57df38b",
              "title": "DELETE /users/delete-user",
              "fullFile": "/home/tareqzeadeh/Desktop/My folders/node-project/node-task/tests/userRoutes/deleteUser.spec.js",
              "file": "/tests/userRoutes/deleteUser.spec.js",
              "beforeHooks": [],
              "afterHooks": [],
              "tests": [
                {
                  "title": "should DELETE a user with id (2)",
                  "fullTitle": "DELETE /users/delete-user DELETE /users/delete-user should DELETE a user with id (2)",
                  "timedOut": false,
                  "duration": 8,
                  "state": "passed",
                  "speed": "fast",
                  "pass": true,
                  "fail": false,
                  "pending": false,
                  "context": null,
                  "code": "cov_2nlxz1qyti().f[4]++;const res=(cov_2nlxz1qyti().s[16]++,await requester.delete(\"/users/delete-user\").set({Authorization:'Bearer '+firstUserJwtToken}).send({id:2}));cov_2nlxz1qyti().s[17]++;res.should.have.status(200);cov_2nlxz1qyti().s[18]++;res.body.should.be.an(\"object\");cov_2nlxz1qyti().s[19]++;res.body.should.have.property(\"message\",\"User has been successfully deleted\");",
                  "err": {},
                  "uuid": "fa6d458d-9a6c-4495-9f4d-512f71c4577e",
                  "parentUUID": "5a455cc2-bee1-4fa0-ad4e-9882d57df38b",
                  "isHook": false,
                  "skipped": false
                }
              ],
              "suites": [],
              "passes": [
                "fa6d458d-9a6c-4495-9f4d-512f71c4577e"
              ],
              "failures": [],
              "pending": [],
              "skipped": [],
              "duration": 8,
              "root": false,
              "rootEmpty": false,
              "_timeout": 50000
            },
            {
              "uuid": "eaa33e89-4d70-4ba7-afaa-75325c923e0d",
              "title": "DELETE /users",
              "fullFile": "/home/tareqzeadeh/Desktop/My folders/node-project/node-task/tests/userRoutes/deleteUser.spec.js",
              "file": "/tests/userRoutes/deleteUser.spec.js",
              "beforeHooks": [],
              "afterHooks": [],
              "tests": [
                {
                  "title": "should NOT DELETE any user (no such user in database)",
                  "fullTitle": "DELETE /users/delete-user DELETE /users should NOT DELETE any user (no such user in database)",
                  "timedOut": false,
                  "duration": 6,
                  "state": "passed",
                  "speed": "fast",
                  "pass": true,
                  "fail": false,
                  "pending": false,
                  "context": null,
                  "code": "cov_2nlxz1qyti().f[6]++;const res=(cov_2nlxz1qyti().s[22]++,await requester.delete(\"/users/delete-user\").set({Authorization:`Bearer ${firstUserJwtToken}`}).send({id:3}));cov_2nlxz1qyti().s[23]++;res.should.have.status(404);",
                  "err": {},
                  "uuid": "9f646fe7-b99d-416e-8334-9f4b77755b0c",
                  "parentUUID": "eaa33e89-4d70-4ba7-afaa-75325c923e0d",
                  "isHook": false,
                  "skipped": false
                }
              ],
              "suites": [],
              "passes": [
                "9f646fe7-b99d-416e-8334-9f4b77755b0c"
              ],
              "failures": [],
              "pending": [],
              "skipped": [],
              "duration": 6,
              "root": false,
              "rootEmpty": false,
              "_timeout": 50000
            }
          ],
          "passes": [],
          "failures": [],
          "pending": [],
          "skipped": [],
          "duration": 0,
          "root": false,
          "rootEmpty": false,
          "_timeout": 50000
        },
        {
          "uuid": "1a9b9d54-21cd-4659-979c-8b34467c9f0b",
          "title": "GET /users/user",
          "fullFile": "/home/tareqzeadeh/Desktop/My folders/node-project/node-task/tests/userRoutes/oneUser.spec.js",
          "file": "/tests/userRoutes/oneUser.spec.js",
          "beforeHooks": [
            {
              "title": "\"before all\" hook in \"GET /users/user\"",
              "fullTitle": "GET /users/user \"before all\" hook in \"GET /users/user\"",
              "timedOut": false,
              "duration": 167,
              "state": null,
              "speed": null,
              "pass": false,
              "fail": false,
              "pending": false,
              "context": null,
              "code": "cov_1prho8zpng().f[1]++;cov_1prho8zpng().s[4]++;firstUser={name:\"Tareq Zeadeh\",email:\"Tareq@email.com\",password:\"Tareq\",role:\"Admin\"};cov_1prho8zpng().s[5]++;secondUser={name:\"Hasan Zeadeh\",email:\"Hasan@email.com\",password:\"Hasan\",role:\"User\"};cov_1prho8zpng().s[6]++;requester=chai.request(app).keepOpen();cov_1prho8zpng().s[7]++;console.log(\"Test Started\");cov_1prho8zpng().s[8]++;firstUserJwtToken=await signUp(firstUser);cov_1prho8zpng().s[9]++;secondUserJwtToken=await signUp(secondUser);// console.log(\n//   `firstUserJwtToken: ${firstUserJwtToken} , secondUserJwtToken: ${secondUserJwtToken}`\n// );",
              "err": {},
              "uuid": "86dfd59f-87d3-4617-b13b-ab1613e8cb09",
              "parentUUID": "1a9b9d54-21cd-4659-979c-8b34467c9f0b",
              "isHook": true,
              "skipped": false
            }
          ],
          "afterHooks": [
            {
              "title": "\"after all\" hook in \"GET /users/user\"",
              "fullTitle": "GET /users/user \"after all\" hook in \"GET /users/user\"",
              "timedOut": false,
              "duration": 17,
              "state": null,
              "speed": null,
              "pass": false,
              "fail": false,
              "pending": false,
              "context": null,
              "code": "cov_1prho8zpng().f[2]++;cov_1prho8zpng().s[11]++;await truncate(userModel);cov_1prho8zpng().s[12]++;requester.close();cov_1prho8zpng().s[13]++;console.log(\"Test Ended\");",
              "err": {},
              "uuid": "19e08d40-8b1f-439f-a50e-4c8caa7514a6",
              "parentUUID": "1a9b9d54-21cd-4659-979c-8b34467c9f0b",
              "isHook": true,
              "skipped": false
            }
          ],
          "tests": [],
          "suites": [
            {
              "uuid": "67f1dd84-6774-409c-a0ad-81fa2b5940d0",
              "title": "GET /users/user",
              "fullFile": "/home/tareqzeadeh/Desktop/My folders/node-project/node-task/tests/userRoutes/oneUser.spec.js",
              "file": "/tests/userRoutes/oneUser.spec.js",
              "beforeHooks": [],
              "afterHooks": [],
              "tests": [
                {
                  "title": "should get a user with the id of (1) from database",
                  "fullTitle": "GET /users/user GET /users/user should get a user with the id of (1) from database",
                  "timedOut": false,
                  "duration": 3,
                  "state": "passed",
                  "speed": "fast",
                  "pass": true,
                  "fail": false,
                  "pending": false,
                  "context": null,
                  "code": "cov_1prho8zpng().f[4]++;const res=(cov_1prho8zpng().s[16]++,await requester.get(\"/users/user/1\").set({Authorization:\"Bearer \"+firstUserJwtToken}));const user=(cov_1prho8zpng().s[17]++,jwt.decode(firstUserJwtToken));cov_1prho8zpng().s[18]++;res.should.have.status(200);cov_1prho8zpng().s[19]++;res.body.should.be.an(\"object\");cov_1prho8zpng().s[20]++;res.body.should.have.property(\"id\",user.id);cov_1prho8zpng().s[21]++;res.body.should.have.property(\"name\",user.name);cov_1prho8zpng().s[22]++;res.body.should.have.property(\"email\",user.email);cov_1prho8zpng().s[23]++;res.body.should.have.property(\"role\",user.role);",
                  "err": {},
                  "uuid": "7e062f27-4b84-4c10-b814-94804973832a",
                  "parentUUID": "67f1dd84-6774-409c-a0ad-81fa2b5940d0",
                  "isHook": false,
                  "skipped": false
                }
              ],
              "suites": [],
              "passes": [
                "7e062f27-4b84-4c10-b814-94804973832a"
              ],
              "failures": [],
              "pending": [],
              "skipped": [],
              "duration": 3,
              "root": false,
              "rootEmpty": false,
              "_timeout": 50000
            },
            {
              "uuid": "9dfbd197-6cd1-4e76-91a5-4269360857f3",
              "title": "GET /users/user",
              "fullFile": "/home/tareqzeadeh/Desktop/My folders/node-project/node-task/tests/userRoutes/oneUser.spec.js",
              "file": "/tests/userRoutes/oneUser.spec.js",
              "beforeHooks": [],
              "afterHooks": [],
              "tests": [
                {
                  "title": "should NOT GET any user (there no such user in database)",
                  "fullTitle": "GET /users/user GET /users/user should NOT GET any user (there no such user in database)",
                  "timedOut": false,
                  "duration": 2,
                  "state": "passed",
                  "speed": "fast",
                  "pass": true,
                  "fail": false,
                  "pending": false,
                  "context": null,
                  "code": "cov_1prho8zpng().f[6]++;const res=(cov_1prho8zpng().s[26]++,await requester.get(\"/users/user/3\").set({Authorization:\"Bearer \"+firstUserJwtToken}));cov_1prho8zpng().s[27]++;res.should.have.status(404);",
                  "err": {},
                  "uuid": "af4fb053-7e85-40e4-82fe-b725aa8d0c7b",
                  "parentUUID": "9dfbd197-6cd1-4e76-91a5-4269360857f3",
                  "isHook": false,
                  "skipped": false
                }
              ],
              "suites": [],
              "passes": [
                "af4fb053-7e85-40e4-82fe-b725aa8d0c7b"
              ],
              "failures": [],
              "pending": [],
              "skipped": [],
              "duration": 2,
              "root": false,
              "rootEmpty": false,
              "_timeout": 50000
            }
          ],
          "passes": [],
          "failures": [],
          "pending": [],
          "skipped": [],
          "duration": 0,
          "root": false,
          "rootEmpty": false,
          "_timeout": 50000
        },
        {
          "uuid": "4930fbd3-4922-4b1a-9ff5-ce3384a05dc5",
          "title": "PUT /users/update-user",
          "fullFile": "/home/tareqzeadeh/Desktop/My folders/node-project/node-task/tests/userRoutes/updateUser.spec.js",
          "file": "/tests/userRoutes/updateUser.spec.js",
          "beforeHooks": [
            {
              "title": "\"before all\" hook in \"PUT /users/update-user\"",
              "fullTitle": "PUT /users/update-user \"before all\" hook in \"PUT /users/update-user\"",
              "timedOut": false,
              "duration": 58,
              "state": null,
              "speed": null,
              "pass": false,
              "fail": false,
              "pending": false,
              "context": null,
              "code": "cov_18vm7k6q9z().f[1]++;cov_18vm7k6q9z().s[4]++;firstUser={name:\"Tareq Zeadeh\",email:\"Tareq@email.com\",password:\"Tareq\",role:\"Admin\"};cov_18vm7k6q9z().s[5]++;requester=chai.request(app).keepOpen();cov_18vm7k6q9z().s[6]++;console.log(\"Test Started\");cov_18vm7k6q9z().s[7]++;firstUserJwtToken=await signUp(firstUser);// console.log(`firstUserJwtToken: ${firstUserJwtToken}`);",
              "err": {},
              "uuid": "53f9a9b5-6b6b-4933-a2f7-c9cb76216db2",
              "parentUUID": "4930fbd3-4922-4b1a-9ff5-ce3384a05dc5",
              "isHook": true,
              "skipped": false
            }
          ],
          "afterHooks": [
            {
              "title": "\"after all\" hook in \"PUT /users/update-user\"",
              "fullTitle": "PUT /users/update-user \"after all\" hook in \"PUT /users/update-user\"",
              "timedOut": false,
              "duration": 18,
              "state": null,
              "speed": null,
              "pass": false,
              "fail": false,
              "pending": false,
              "context": null,
              "code": "cov_18vm7k6q9z().f[2]++;cov_18vm7k6q9z().s[9]++;await truncate(userModel);cov_18vm7k6q9z().s[10]++;requester.close();cov_18vm7k6q9z().s[11]++;console.log(\"Test Ended\");",
              "err": {},
              "uuid": "75fc1014-3bec-44fe-9dbb-e8d4d4149a82",
              "parentUUID": "4930fbd3-4922-4b1a-9ff5-ce3384a05dc5",
              "isHook": true,
              "skipped": false
            }
          ],
          "tests": [],
          "suites": [
            {
              "uuid": "b95f708b-6440-424d-8418-84f42f2c0017",
              "title": "PUT /users/update-user",
              "fullFile": "/home/tareqzeadeh/Desktop/My folders/node-project/node-task/tests/userRoutes/updateUser.spec.js",
              "file": "/tests/userRoutes/updateUser.spec.js",
              "beforeHooks": [],
              "afterHooks": [],
              "tests": [
                {
                  "title": "should update the first name and last name for a user with the id of (1)",
                  "fullTitle": "PUT /users/update-user PUT /users/update-user should update the first name and last name for a user with the id of (1)",
                  "timedOut": false,
                  "duration": 9,
                  "state": "passed",
                  "speed": "fast",
                  "pass": true,
                  "fail": false,
                  "pending": false,
                  "context": null,
                  "code": "cov_18vm7k6q9z().f[4]++;const user=(cov_18vm7k6q9z().s[14]++,jwt.decode(firstUserJwtToken));const updatedData=(cov_18vm7k6q9z().s[15]++,{id:user.id,name:\"Tariq Hawamdeh\"});const res=(cov_18vm7k6q9z().s[16]++,await requester.put(\"/users/update-user\").set({Authorization:\"Bearer \"+firstUserJwtToken}).send(updatedData));cov_18vm7k6q9z().s[17]++;_c84‍.g.console.log(res.body);cov_18vm7k6q9z().s[18]++;res.should.have.status(200);cov_18vm7k6q9z().s[19]++;res.body.should.be.an(\"object\");cov_18vm7k6q9z().s[20]++;res.body.should.have.property(\"id\",user.id);cov_18vm7k6q9z().s[21]++;res.body.should.have.property(\"name\",updatedData.name);cov_18vm7k6q9z().s[22]++;res.body.should.have.property(\"email\",user.email);cov_18vm7k6q9z().s[23]++;res.body.should.have.property(\"role\",user.role);",
                  "err": {},
                  "uuid": "7acb808f-4e9a-41e9-9695-257c00ba5c90",
                  "parentUUID": "b95f708b-6440-424d-8418-84f42f2c0017",
                  "isHook": false,
                  "skipped": false
                }
              ],
              "suites": [],
              "passes": [
                "7acb808f-4e9a-41e9-9695-257c00ba5c90"
              ],
              "failures": [],
              "pending": [],
              "skipped": [],
              "duration": 9,
              "root": false,
              "rootEmpty": false,
              "_timeout": 50000
            },
            {
              "uuid": "6ea3ba9b-cc9f-45bf-8139-eab72e667547",
              "title": "PUT /update-user",
              "fullFile": "/home/tareqzeadeh/Desktop/My folders/node-project/node-task/tests/userRoutes/updateUser.spec.js",
              "file": "/tests/userRoutes/updateUser.spec.js",
              "beforeHooks": [],
              "afterHooks": [],
              "tests": [
                {
                  "title": "should NOT GET any user (there no such user in database)",
                  "fullTitle": "PUT /users/update-user PUT /update-user should NOT GET any user (there no such user in database)",
                  "timedOut": false,
                  "duration": 4,
                  "state": "passed",
                  "speed": "fast",
                  "pass": true,
                  "fail": false,
                  "pending": false,
                  "context": null,
                  "code": "cov_18vm7k6q9z().f[6]++;const res=(cov_18vm7k6q9z().s[26]++,await requester.put(\"/users/update-user\").set({Authorization:\"Bearer \"+firstUserJwtToken}).send({id:2}));cov_18vm7k6q9z().s[27]++;res.should.have.status(404);",
                  "err": {},
                  "uuid": "a797853d-45f2-43a9-aed2-1d0d7acbc5d5",
                  "parentUUID": "6ea3ba9b-cc9f-45bf-8139-eab72e667547",
                  "isHook": false,
                  "skipped": false
                }
              ],
              "suites": [],
              "passes": [
                "a797853d-45f2-43a9-aed2-1d0d7acbc5d5"
              ],
              "failures": [],
              "pending": [],
              "skipped": [],
              "duration": 4,
              "root": false,
              "rootEmpty": false,
              "_timeout": 50000
            }
          ],
          "passes": [],
          "failures": [],
          "pending": [],
          "skipped": [],
          "duration": 0,
          "root": false,
          "rootEmpty": false,
          "_timeout": 50000
        }
      ],
      "passes": [],
      "failures": [],
      "pending": [],
      "skipped": [],
      "duration": 0,
      "root": true,
      "rootEmpty": true,
      "_timeout": 50000
    }
  ],
  "meta": {
    "mocha": {
      "version": "8.4.0"
    },
    "mochawesome": {
      "options": {
        "quiet": false,
        "reportFilename": "mochawesome",
        "saveHtml": true,
        "saveJson": true,
        "consoleReporter": "spec",
        "useInlineDiffs": false,
        "code": true
      },
      "version": "7.0.1"
    },
    "marge": {
      "options": null,
      "version": "6.0.1"
    }
  }
}